2019-10-11 09:50:37,230 INFO org.springframework.data.repository.config.RepositoryConfigurationDelegate [main] Multiple Spring Data modules found, entering strict repository configuration mode!
2019-10-11 09:50:37,234 INFO org.springframework.data.repository.config.RepositoryConfigurationDelegate [main] Bootstrapping Spring Data repositories in DEFAULT mode.
2019-10-11 09:50:37,312 INFO org.springframework.data.repository.config.RepositoryConfigurationDelegate [main] Finished Spring Data repository scanning in 73ms. Found 5 repository interfaces.
2019-10-11 09:50:37,320 INFO org.springframework.data.repository.config.RepositoryConfigurationDelegate [main] Multiple Spring Data modules found, entering strict repository configuration mode!
2019-10-11 09:50:37,320 INFO org.springframework.data.repository.config.RepositoryConfigurationDelegate [main] Bootstrapping Spring Data repositories in DEFAULT mode.
2019-10-11 09:50:37,341 INFO org.springframework.data.repository.config.RepositoryConfigurationDelegate [main] Finished Spring Data repository scanning in 18ms. Found 5 repository interfaces.
2019-10-11 09:50:37,618 INFO org.springframework.context.support.PostProcessorRegistrationDelegate$BeanPostProcessorChecker [main] Bean 'org.springframework.transaction.annotation.ProxyTransactionManagementConfiguration' of type [org.springframework.transaction.annotation.ProxyTransactionManagementConfiguration$$EnhancerBySpringCGLIB$$3e89fd14] is not eligible for getting processed by all BeanPostProcessors (for example: not eligible for auto-proxying)
2019-10-11 09:50:37,831 INFO org.springframework.boot.web.embedded.tomcat.TomcatWebServer [main] Tomcat initialized with port(s): 9088 (http)
2019-10-11 09:50:38,095 INFO org.springframework.web.context.ContextLoader [main] Root WebApplicationContext: initialization completed in 1453 ms
2019-10-11 09:50:40,530 INFO org.springframework.orm.jpa.LocalContainerEntityManagerFactoryBean [main] Initialized JPA EntityManagerFactory for persistence unit 'default'
2019-10-11 09:50:41,240 INFO org.springframework.security.web.DefaultSecurityFilterChain [main] Creating filter chain: any request, [org.springframework.security.web.context.request.async.WebAsyncManagerIntegrationFilter@f849027, org.springframework.security.web.context.SecurityContextPersistenceFilter@52a67293, org.springframework.security.web.header.HeaderWriterFilter@15d65fcf, org.springframework.security.web.csrf.CsrfFilter@721fc2e3, org.springframework.security.web.authentication.logout.LogoutFilter@3d033453, org.springframework.security.web.authentication.UsernamePasswordAuthenticationFilter@30dd00b6, org.springframework.security.web.authentication.ui.DefaultLoginPageGeneratingFilter@49631cfb, org.springframework.security.web.authentication.ui.DefaultLogoutPageGeneratingFilter@4a9869a8, org.springframework.security.web.savedrequest.RequestCacheAwareFilter@38f502fc, org.springframework.security.web.servletapi.SecurityContextHolderAwareRequestFilter@77c23d90, org.springframework.security.web.authentication.AnonymousAuthenticationFilter@75e0a54c, org.springframework.security.web.session.SessionManagementFilter@f59da34, org.springframework.security.web.access.ExceptionTranslationFilter@48cf8414, org.springframework.security.web.access.intercept.FilterSecurityInterceptor@171aa66]
2019-10-11 09:50:41,414 INFO org.springframework.scheduling.concurrent.ThreadPoolTaskExecutor [main] Initializing ExecutorService 'applicationTaskExecutor'
2019-10-11 09:50:41,449 WARN org.springframework.boot.autoconfigure.orm.jpa.JpaBaseConfiguration$JpaWebConfiguration$JpaWebMvcConfiguration [main] spring.jpa.open-in-view is enabled by default. Therefore, database queries may be performed during view rendering. Explicitly configure spring.jpa.open-in-view to disable this warning
2019-10-11 09:50:41,719 INFO org.springframework.boot.web.embedded.tomcat.TomcatWebServer [main] Tomcat started on port(s): 9088 (http) with context path ''
2019-10-11 09:50:52,861 INFO org.springframework.web.servlet.DispatcherServlet [http-nio-9088-exec-1] Initializing Servlet 'dispatcherServlet'
2019-10-11 09:50:52,870 INFO org.springframework.web.servlet.DispatcherServlet [http-nio-9088-exec-1] Completed initialization in 9 ms
2019-10-11 09:59:34,516 INFO org.springframework.boot.admin.SpringApplicationAdminMXBeanRegistrar$SpringApplicationAdmin [RMI TCP Connection(27)-127.0.0.1] Application shutdown requested.
2019-10-11 09:59:34,518 INFO org.springframework.scheduling.concurrent.ThreadPoolTaskExecutor [RMI TCP Connection(27)-127.0.0.1] Shutting down ExecutorService 'applicationTaskExecutor'
2019-10-11 09:59:34,520 INFO org.springframework.orm.jpa.LocalContainerEntityManagerFactoryBean [RMI TCP Connection(27)-127.0.0.1] Closing JPA EntityManagerFactory for persistence unit 'default'
2019-10-11 09:59:45,379 INFO org.springframework.data.repository.config.RepositoryConfigurationDelegate [main] Multiple Spring Data modules found, entering strict repository configuration mode!
2019-10-11 09:59:45,381 INFO org.springframework.data.repository.config.RepositoryConfigurationDelegate [main] Bootstrapping Spring Data repositories in DEFAULT mode.
2019-10-11 09:59:45,453 INFO org.springframework.data.repository.config.RepositoryConfigurationDelegate [main] Finished Spring Data repository scanning in 69ms. Found 5 repository interfaces.
2019-10-11 09:59:45,461 INFO org.springframework.data.repository.config.RepositoryConfigurationDelegate [main] Multiple Spring Data modules found, entering strict repository configuration mode!
2019-10-11 09:59:45,461 INFO org.springframework.data.repository.config.RepositoryConfigurationDelegate [main] Bootstrapping Spring Data repositories in DEFAULT mode.
2019-10-11 09:59:45,482 INFO org.springframework.data.repository.config.RepositoryConfigurationDelegate [main] Finished Spring Data repository scanning in 19ms. Found 5 repository interfaces.
2019-10-11 09:59:45,761 INFO org.springframework.context.support.PostProcessorRegistrationDelegate$BeanPostProcessorChecker [main] Bean 'org.springframework.transaction.annotation.ProxyTransactionManagementConfiguration' of type [org.springframework.transaction.annotation.ProxyTransactionManagementConfiguration$$EnhancerBySpringCGLIB$$91f6916c] is not eligible for getting processed by all BeanPostProcessors (for example: not eligible for auto-proxying)
2019-10-11 09:59:45,973 INFO org.springframework.boot.web.embedded.tomcat.TomcatWebServer [main] Tomcat initialized with port(s): 9088 (http)
2019-10-11 09:59:46,233 INFO org.springframework.web.context.ContextLoader [main] Root WebApplicationContext: initialization completed in 1404 ms
2019-10-11 09:59:48,207 INFO org.springframework.orm.jpa.LocalContainerEntityManagerFactoryBean [main] Initialized JPA EntityManagerFactory for persistence unit 'default'
2019-10-11 09:59:48,811 INFO org.springframework.security.web.DefaultSecurityFilterChain [main] Creating filter chain: any request, [org.springframework.security.web.context.request.async.WebAsyncManagerIntegrationFilter@1182d1df, org.springframework.security.web.context.SecurityContextPersistenceFilter@2c16677c, org.springframework.security.web.header.HeaderWriterFilter@49e479da, org.springframework.security.web.csrf.CsrfFilter@1669931a, org.springframework.security.web.authentication.logout.LogoutFilter@7c4d1c7b, org.springframework.security.web.authentication.UsernamePasswordAuthenticationFilter@15d88c10, org.springframework.security.web.authentication.ui.DefaultLoginPageGeneratingFilter@6ce9771c, org.springframework.security.web.authentication.ui.DefaultLogoutPageGeneratingFilter@31c7c281, org.springframework.security.web.savedrequest.RequestCacheAwareFilter@7fd751de, org.springframework.security.web.servletapi.SecurityContextHolderAwareRequestFilter@4ced17f3, org.springframework.security.web.authentication.AnonymousAuthenticationFilter@31f31b20, org.springframework.security.web.session.SessionManagementFilter@30dd00b6, org.springframework.security.web.access.ExceptionTranslationFilter@25470477, org.springframework.security.web.access.intercept.FilterSecurityInterceptor@4a2e1e52]
2019-10-11 09:59:48,943 INFO org.springframework.scheduling.concurrent.ThreadPoolTaskExecutor [main] Initializing ExecutorService 'applicationTaskExecutor'
2019-10-11 09:59:48,972 WARN org.springframework.boot.autoconfigure.orm.jpa.JpaBaseConfiguration$JpaWebConfiguration$JpaWebMvcConfiguration [main] spring.jpa.open-in-view is enabled by default. Therefore, database queries may be performed during view rendering. Explicitly configure spring.jpa.open-in-view to disable this warning
2019-10-11 09:59:49,160 INFO org.springframework.boot.web.embedded.tomcat.TomcatWebServer [main] Tomcat started on port(s): 9088 (http) with context path ''
2019-10-11 10:01:40,746 INFO org.springframework.web.servlet.DispatcherServlet [http-nio-9088-exec-1] Initializing Servlet 'dispatcherServlet'
2019-10-11 10:01:40,755 INFO org.springframework.web.servlet.DispatcherServlet [http-nio-9088-exec-1] Completed initialization in 9 ms
2019-10-11 10:03:05,142 INFO org.springframework.boot.admin.SpringApplicationAdminMXBeanRegistrar$SpringApplicationAdmin [RMI TCP Connection(17)-127.0.0.1] Application shutdown requested.
2019-10-11 10:03:05,144 INFO org.springframework.scheduling.concurrent.ThreadPoolTaskExecutor [RMI TCP Connection(17)-127.0.0.1] Shutting down ExecutorService 'applicationTaskExecutor'
2019-10-11 10:03:05,146 INFO org.springframework.orm.jpa.LocalContainerEntityManagerFactoryBean [RMI TCP Connection(17)-127.0.0.1] Closing JPA EntityManagerFactory for persistence unit 'default'
2019-10-11 10:31:10,262 INFO org.springframework.data.repository.config.RepositoryConfigurationDelegate [main] Multiple Spring Data modules found, entering strict repository configuration mode!
2019-10-11 10:31:10,264 INFO org.springframework.data.repository.config.RepositoryConfigurationDelegate [main] Bootstrapping Spring Data repositories in DEFAULT mode.
2019-10-11 10:31:10,337 INFO org.springframework.data.repository.config.RepositoryConfigurationDelegate [main] Finished Spring Data repository scanning in 70ms. Found 5 repository interfaces.
2019-10-11 10:31:10,345 INFO org.springframework.data.repository.config.RepositoryConfigurationDelegate [main] Multiple Spring Data modules found, entering strict repository configuration mode!
2019-10-11 10:31:10,345 INFO org.springframework.data.repository.config.RepositoryConfigurationDelegate [main] Bootstrapping Spring Data repositories in DEFAULT mode.
2019-10-11 10:31:10,366 INFO org.springframework.data.repository.config.RepositoryConfigurationDelegate [main] Finished Spring Data repository scanning in 19ms. Found 5 repository interfaces.
2019-10-11 10:31:10,652 INFO org.springframework.context.support.PostProcessorRegistrationDelegate$BeanPostProcessorChecker [main] Bean 'org.springframework.transaction.annotation.ProxyTransactionManagementConfiguration' of type [org.springframework.transaction.annotation.ProxyTransactionManagementConfiguration$$EnhancerBySpringCGLIB$$f8e83f58] is not eligible for getting processed by all BeanPostProcessors (for example: not eligible for auto-proxying)
2019-10-11 10:31:10,868 INFO org.springframework.boot.web.embedded.tomcat.TomcatWebServer [main] Tomcat initialized with port(s): 9088 (http)
2019-10-11 10:31:11,137 INFO org.springframework.web.context.ContextLoader [main] Root WebApplicationContext: initialization completed in 1428 ms
2019-10-11 10:31:13,168 INFO org.springframework.orm.jpa.LocalContainerEntityManagerFactoryBean [main] Initialized JPA EntityManagerFactory for persistence unit 'default'
2019-10-11 10:31:13,806 INFO org.springframework.security.web.DefaultSecurityFilterChain [main] Creating filter chain: any request, [org.springframework.security.web.context.request.async.WebAsyncManagerIntegrationFilter@333d44f6, org.springframework.security.web.context.SecurityContextPersistenceFilter@40f9f60d, org.springframework.security.web.header.HeaderWriterFilter@1124910c, org.springframework.security.web.csrf.CsrfFilter@315b4202, org.springframework.security.web.authentication.logout.LogoutFilter@5c5f0edc, org.springframework.security.web.authentication.UsernamePasswordAuthenticationFilter@31c7c281, org.springframework.security.web.authentication.ui.DefaultLoginPageGeneratingFilter@690df641, org.springframework.security.web.authentication.ui.DefaultLogoutPageGeneratingFilter@350bbd5d, org.springframework.security.web.savedrequest.RequestCacheAwareFilter@628ba266, org.springframework.security.web.servletapi.SecurityContextHolderAwareRequestFilter@7893c715, org.springframework.security.web.authentication.AnonymousAuthenticationFilter@3c3e363, org.springframework.security.web.session.SessionManagementFilter@4a9869a8, org.springframework.security.web.access.ExceptionTranslationFilter@7fd751de, org.springframework.security.web.access.intercept.FilterSecurityInterceptor@15d88c10]
2019-10-11 10:31:13,941 INFO org.springframework.scheduling.concurrent.ThreadPoolTaskExecutor [main] Initializing ExecutorService 'applicationTaskExecutor'
2019-10-11 10:31:13,971 WARN org.springframework.boot.autoconfigure.orm.jpa.JpaBaseConfiguration$JpaWebConfiguration$JpaWebMvcConfiguration [main] spring.jpa.open-in-view is enabled by default. Therefore, database queries may be performed during view rendering. Explicitly configure spring.jpa.open-in-view to disable this warning
2019-10-11 10:31:14,163 INFO org.springframework.boot.web.embedded.tomcat.TomcatWebServer [main] Tomcat started on port(s): 9088 (http) with context path ''
2019-10-11 10:32:04,094 INFO org.springframework.web.servlet.DispatcherServlet [http-nio-9088-exec-1] Initializing Servlet 'dispatcherServlet'
2019-10-11 10:32:04,101 INFO org.springframework.web.servlet.DispatcherServlet [http-nio-9088-exec-1] Completed initialization in 7 ms
2019-10-11 10:33:20,270 INFO org.springframework.boot.admin.SpringApplicationAdminMXBeanRegistrar$SpringApplicationAdmin [RMI TCP Connection(9)-127.0.0.1] Application shutdown requested.
2019-10-11 10:33:20,272 INFO org.springframework.scheduling.concurrent.ThreadPoolTaskExecutor [RMI TCP Connection(9)-127.0.0.1] Shutting down ExecutorService 'applicationTaskExecutor'
2019-10-11 10:33:20,274 INFO org.springframework.orm.jpa.LocalContainerEntityManagerFactoryBean [RMI TCP Connection(9)-127.0.0.1] Closing JPA EntityManagerFactory for persistence unit 'default'
2019-10-11 10:33:26,451 INFO org.springframework.data.repository.config.RepositoryConfigurationDelegate [main] Multiple Spring Data modules found, entering strict repository configuration mode!
2019-10-11 10:33:26,453 INFO org.springframework.data.repository.config.RepositoryConfigurationDelegate [main] Bootstrapping Spring Data repositories in DEFAULT mode.
2019-10-11 10:33:26,529 INFO org.springframework.data.repository.config.RepositoryConfigurationDelegate [main] Finished Spring Data repository scanning in 71ms. Found 5 repository interfaces.
2019-10-11 10:33:26,536 INFO org.springframework.data.repository.config.RepositoryConfigurationDelegate [main] Multiple Spring Data modules found, entering strict repository configuration mode!
2019-10-11 10:33:26,536 INFO org.springframework.data.repository.config.RepositoryConfigurationDelegate [main] Bootstrapping Spring Data repositories in DEFAULT mode.
2019-10-11 10:33:26,558 INFO org.springframework.data.repository.config.RepositoryConfigurationDelegate [main] Finished Spring Data repository scanning in 19ms. Found 5 repository interfaces.
2019-10-11 10:33:26,848 INFO org.springframework.context.support.PostProcessorRegistrationDelegate$BeanPostProcessorChecker [main] Bean 'org.springframework.transaction.annotation.ProxyTransactionManagementConfiguration' of type [org.springframework.transaction.annotation.ProxyTransactionManagementConfiguration$$EnhancerBySpringCGLIB$$6626269f] is not eligible for getting processed by all BeanPostProcessors (for example: not eligible for auto-proxying)
2019-10-11 10:33:27,065 INFO org.springframework.boot.web.embedded.tomcat.TomcatWebServer [main] Tomcat initialized with port(s): 9088 (http)
2019-10-11 10:33:27,327 INFO org.springframework.web.context.ContextLoader [main] Root WebApplicationContext: initialization completed in 1427 ms
2019-10-11 10:33:29,284 INFO org.springframework.orm.jpa.LocalContainerEntityManagerFactoryBean [main] Initialized JPA EntityManagerFactory for persistence unit 'default'
2019-10-11 10:33:29,953 INFO org.springframework.security.web.DefaultSecurityFilterChain [main] Creating filter chain: any request, [org.springframework.security.web.context.request.async.WebAsyncManagerIntegrationFilter@2e29f28e, org.springframework.security.web.context.SecurityContextPersistenceFilter@316d30ad, org.springframework.security.web.header.HeaderWriterFilter@3313463c, org.springframework.security.web.csrf.CsrfFilter@7893c715, org.springframework.security.web.authentication.logout.LogoutFilter@6e321d9d, org.springframework.security.web.authentication.UsernamePasswordAuthenticationFilter@f9b8129, org.springframework.security.web.authentication.ui.DefaultLoginPageGeneratingFilter@4bfa5eb9, org.springframework.security.web.authentication.ui.DefaultLogoutPageGeneratingFilter@7bfa1eb5, org.springframework.security.web.savedrequest.RequestCacheAwareFilter@30d5e37c, org.springframework.security.web.servletapi.SecurityContextHolderAwareRequestFilter@13cc31ae, org.springframework.security.web.authentication.AnonymousAuthenticationFilter@32b46831, org.springframework.security.web.session.SessionManagementFilter@176333ee, org.springframework.security.web.access.ExceptionTranslationFilter@3dc46f24, org.springframework.security.web.access.intercept.FilterSecurityInterceptor@67941d]
2019-10-11 10:33:30,096 INFO org.springframework.scheduling.concurrent.ThreadPoolTaskExecutor [main] Initializing ExecutorService 'applicationTaskExecutor'
2019-10-11 10:33:30,128 WARN org.springframework.boot.autoconfigure.orm.jpa.JpaBaseConfiguration$JpaWebConfiguration$JpaWebMvcConfiguration [main] spring.jpa.open-in-view is enabled by default. Therefore, database queries may be performed during view rendering. Explicitly configure spring.jpa.open-in-view to disable this warning
2019-10-11 10:33:30,324 INFO org.springframework.boot.web.embedded.tomcat.TomcatWebServer [main] Tomcat started on port(s): 9088 (http) with context path ''
2019-10-11 10:33:31,360 INFO org.springframework.web.servlet.DispatcherServlet [http-nio-9088-exec-1] Initializing Servlet 'dispatcherServlet'
2019-10-11 10:33:31,368 INFO org.springframework.web.servlet.DispatcherServlet [http-nio-9088-exec-1] Completed initialization in 8 ms
2019-10-11 10:34:49,280 INFO org.springframework.boot.admin.SpringApplicationAdminMXBeanRegistrar$SpringApplicationAdmin [RMI TCP Connection(10)-127.0.0.1] Application shutdown requested.
2019-10-11 10:34:49,283 INFO org.springframework.scheduling.concurrent.ThreadPoolTaskExecutor [RMI TCP Connection(10)-127.0.0.1] Shutting down ExecutorService 'applicationTaskExecutor'
2019-10-11 10:34:49,285 INFO org.springframework.orm.jpa.LocalContainerEntityManagerFactoryBean [RMI TCP Connection(10)-127.0.0.1] Closing JPA EntityManagerFactory for persistence unit 'default'
2019-10-11 10:35:14,571 INFO org.springframework.data.repository.config.RepositoryConfigurationDelegate [main] Multiple Spring Data modules found, entering strict repository configuration mode!
2019-10-11 10:35:14,573 INFO org.springframework.data.repository.config.RepositoryConfigurationDelegate [main] Bootstrapping Spring Data repositories in DEFAULT mode.
2019-10-11 10:35:14,644 INFO org.springframework.data.repository.config.RepositoryConfigurationDelegate [main] Finished Spring Data repository scanning in 68ms. Found 5 repository interfaces.
2019-10-11 10:35:14,652 INFO org.springframework.data.repository.config.RepositoryConfigurationDelegate [main] Multiple Spring Data modules found, entering strict repository configuration mode!
2019-10-11 10:35:14,652 INFO org.springframework.data.repository.config.RepositoryConfigurationDelegate [main] Bootstrapping Spring Data repositories in DEFAULT mode.
2019-10-11 10:35:14,673 INFO org.springframework.data.repository.config.RepositoryConfigurationDelegate [main] Finished Spring Data repository scanning in 19ms. Found 5 repository interfaces.
2019-10-11 10:35:14,955 INFO org.springframework.context.support.PostProcessorRegistrationDelegate$BeanPostProcessorChecker [main] Bean 'org.springframework.transaction.annotation.ProxyTransactionManagementConfiguration' of type [org.springframework.transaction.annotation.ProxyTransactionManagementConfiguration$$EnhancerBySpringCGLIB$$ef2c7c9] is not eligible for getting processed by all BeanPostProcessors (for example: not eligible for auto-proxying)
2019-10-11 10:35:15,169 INFO org.springframework.boot.web.embedded.tomcat.TomcatWebServer [main] Tomcat initialized with port(s): 9088 (http)
2019-10-11 10:35:15,425 INFO org.springframework.web.context.ContextLoader [main] Root WebApplicationContext: initialization completed in 1403 ms
2019-10-11 10:35:17,444 INFO org.springframework.orm.jpa.LocalContainerEntityManagerFactoryBean [main] Initialized JPA EntityManagerFactory for persistence unit 'default'
2019-10-11 10:35:18,066 INFO org.springframework.security.web.DefaultSecurityFilterChain [main] Creating filter chain: any request, [org.springframework.security.web.context.request.async.WebAsyncManagerIntegrationFilter@4b691611, org.springframework.security.web.context.SecurityContextPersistenceFilter@259195fe, org.springframework.security.web.header.HeaderWriterFilter@41ece227, org.springframework.security.web.csrf.CsrfFilter@7e31062c, org.springframework.security.web.authentication.logout.LogoutFilter@47eaf55c, org.springframework.security.web.authentication.UsernamePasswordAuthenticationFilter@32b46831, org.springframework.security.web.authentication.ui.DefaultLoginPageGeneratingFilter@26994c6a, org.springframework.security.web.authentication.ui.DefaultLogoutPageGeneratingFilter@395a573c, org.springframework.security.web.savedrequest.RequestCacheAwareFilter@6cd45b6c, org.springframework.security.web.servletapi.SecurityContextHolderAwareRequestFilter@ee2ae9a, org.springframework.security.web.authentication.AnonymousAuthenticationFilter@379f9555, org.springframework.security.web.session.SessionManagementFilter@7910f355, org.springframework.security.web.access.ExceptionTranslationFilter@1da745a2, org.springframework.security.web.access.intercept.FilterSecurityInterceptor@7530090a]
2019-10-11 10:35:18,201 INFO org.springframework.scheduling.concurrent.ThreadPoolTaskExecutor [main] Initializing ExecutorService 'applicationTaskExecutor'
2019-10-11 10:35:18,231 WARN org.springframework.boot.autoconfigure.orm.jpa.JpaBaseConfiguration$JpaWebConfiguration$JpaWebMvcConfiguration [main] spring.jpa.open-in-view is enabled by default. Therefore, database queries may be performed during view rendering. Explicitly configure spring.jpa.open-in-view to disable this warning
2019-10-11 10:35:18,423 INFO org.springframework.boot.web.embedded.tomcat.TomcatWebServer [main] Tomcat started on port(s): 9088 (http) with context path ''
2019-10-11 10:35:21,803 INFO org.springframework.web.servlet.DispatcherServlet [http-nio-9088-exec-1] Initializing Servlet 'dispatcherServlet'
2019-10-11 10:35:21,811 INFO org.springframework.web.servlet.DispatcherServlet [http-nio-9088-exec-1] Completed initialization in 8 ms
2019-10-11 10:37:07,388 INFO org.springframework.boot.admin.SpringApplicationAdminMXBeanRegistrar$SpringApplicationAdmin [RMI TCP Connection(9)-127.0.0.1] Application shutdown requested.
2019-10-11 10:37:07,391 INFO org.springframework.scheduling.concurrent.ThreadPoolTaskExecutor [RMI TCP Connection(9)-127.0.0.1] Shutting down ExecutorService 'applicationTaskExecutor'
2019-10-11 10:37:07,393 INFO org.springframework.orm.jpa.LocalContainerEntityManagerFactoryBean [RMI TCP Connection(9)-127.0.0.1] Closing JPA EntityManagerFactory for persistence unit 'default'
2019-10-11 10:37:12,393 INFO org.springframework.data.repository.config.RepositoryConfigurationDelegate [main] Multiple Spring Data modules found, entering strict repository configuration mode!
2019-10-11 10:37:12,395 INFO org.springframework.data.repository.config.RepositoryConfigurationDelegate [main] Bootstrapping Spring Data repositories in DEFAULT mode.
2019-10-11 10:37:12,469 INFO org.springframework.data.repository.config.RepositoryConfigurationDelegate [main] Finished Spring Data repository scanning in 70ms. Found 5 repository interfaces.
2019-10-11 10:37:12,476 INFO org.springframework.data.repository.config.RepositoryConfigurationDelegate [main] Multiple Spring Data modules found, entering strict repository configuration mode!
2019-10-11 10:37:12,476 INFO org.springframework.data.repository.config.RepositoryConfigurationDelegate [main] Bootstrapping Spring Data repositories in DEFAULT mode.
2019-10-11 10:37:12,498 INFO org.springframework.data.repository.config.RepositoryConfigurationDelegate [main] Finished Spring Data repository scanning in 19ms. Found 5 repository interfaces.
2019-10-11 10:37:12,786 INFO org.springframework.context.support.PostProcessorRegistrationDelegate$BeanPostProcessorChecker [main] Bean 'org.springframework.transaction.annotation.ProxyTransactionManagementConfiguration' of type [org.springframework.transaction.annotation.ProxyTransactionManagementConfiguration$$EnhancerBySpringCGLIB$$128964e3] is not eligible for getting processed by all BeanPostProcessors (for example: not eligible for auto-proxying)
2019-10-11 10:37:13,002 INFO org.springframework.boot.web.embedded.tomcat.TomcatWebServer [main] Tomcat initialized with port(s): 9088 (http)
2019-10-11 10:37:13,263 INFO org.springframework.web.context.ContextLoader [main] Root WebApplicationContext: initialization completed in 1429 ms
2019-10-11 10:37:15,339 INFO org.springframework.orm.jpa.LocalContainerEntityManagerFactoryBean [main] Initialized JPA EntityManagerFactory for persistence unit 'default'
2019-10-11 10:37:15,976 INFO org.springframework.security.web.DefaultSecurityFilterChain [main] Creating filter chain: any request, [org.springframework.security.web.context.request.async.WebAsyncManagerIntegrationFilter@44084713, org.springframework.security.web.context.SecurityContextPersistenceFilter@f849027, org.springframework.security.web.header.HeaderWriterFilter@27d73d22, org.springframework.security.web.csrf.CsrfFilter@2499b971, org.springframework.security.web.authentication.logout.LogoutFilter@1bfa5a13, org.springframework.security.web.authentication.UsernamePasswordAuthenticationFilter@5beb6be2, org.springframework.security.web.authentication.ui.DefaultLoginPageGeneratingFilter@7c4d1c7b, org.springframework.security.web.authentication.ui.DefaultLogoutPageGeneratingFilter@6d8b7ea9, org.springframework.security.web.savedrequest.RequestCacheAwareFilter@75e0a54c, org.springframework.security.web.servletapi.SecurityContextHolderAwareRequestFilter@4d20616a, org.springframework.security.web.authentication.AnonymousAuthenticationFilter@5a39e554, org.springframework.security.web.session.SessionManagementFilter@e162a35, org.springframework.security.web.access.ExceptionTranslationFilter@4656fcc5, org.springframework.security.web.access.intercept.FilterSecurityInterceptor@6eeb29c0]
2019-10-11 10:37:16,121 INFO org.springframework.scheduling.concurrent.ThreadPoolTaskExecutor [main] Initializing ExecutorService 'applicationTaskExecutor'
2019-10-11 10:37:16,154 WARN org.springframework.boot.autoconfigure.orm.jpa.JpaBaseConfiguration$JpaWebConfiguration$JpaWebMvcConfiguration [main] spring.jpa.open-in-view is enabled by default. Therefore, database queries may be performed during view rendering. Explicitly configure spring.jpa.open-in-view to disable this warning
2019-10-11 10:37:16,357 INFO org.springframework.boot.web.embedded.tomcat.TomcatWebServer [main] Tomcat started on port(s): 9088 (http) with context path ''
2019-10-11 10:37:16,508 INFO org.springframework.web.servlet.DispatcherServlet [http-nio-9088-exec-1] Initializing Servlet 'dispatcherServlet'
2019-10-11 10:37:16,517 INFO org.springframework.web.servlet.DispatcherServlet [http-nio-9088-exec-1] Completed initialization in 8 ms
2019-10-11 10:39:35,223 INFO org.springframework.boot.admin.SpringApplicationAdminMXBeanRegistrar$SpringApplicationAdmin [RMI TCP Connection(11)-127.0.0.1] Application shutdown requested.
2019-10-11 10:39:35,225 INFO org.springframework.scheduling.concurrent.ThreadPoolTaskExecutor [RMI TCP Connection(11)-127.0.0.1] Shutting down ExecutorService 'applicationTaskExecutor'
2019-10-11 10:39:35,227 INFO org.springframework.orm.jpa.LocalContainerEntityManagerFactoryBean [RMI TCP Connection(11)-127.0.0.1] Closing JPA EntityManagerFactory for persistence unit 'default'
2019-10-11 10:45:06,078 INFO org.springframework.data.repository.config.RepositoryConfigurationDelegate [main] Multiple Spring Data modules found, entering strict repository configuration mode!
2019-10-11 10:45:06,080 INFO org.springframework.data.repository.config.RepositoryConfigurationDelegate [main] Bootstrapping Spring Data repositories in DEFAULT mode.
2019-10-11 10:45:06,151 INFO org.springframework.data.repository.config.RepositoryConfigurationDelegate [main] Finished Spring Data repository scanning in 68ms. Found 5 repository interfaces.
2019-10-11 10:45:06,158 INFO org.springframework.data.repository.config.RepositoryConfigurationDelegate [main] Multiple Spring Data modules found, entering strict repository configuration mode!
2019-10-11 10:45:06,159 INFO org.springframework.data.repository.config.RepositoryConfigurationDelegate [main] Bootstrapping Spring Data repositories in DEFAULT mode.
2019-10-11 10:45:06,178 INFO org.springframework.data.repository.config.RepositoryConfigurationDelegate [main] Finished Spring Data repository scanning in 17ms. Found 5 repository interfaces.
2019-10-11 10:45:06,462 INFO org.springframework.context.support.PostProcessorRegistrationDelegate$BeanPostProcessorChecker [main] Bean 'org.springframework.transaction.annotation.ProxyTransactionManagementConfiguration' of type [org.springframework.transaction.annotation.ProxyTransactionManagementConfiguration$$EnhancerBySpringCGLIB$$edb32423] is not eligible for getting processed by all BeanPostProcessors (for example: not eligible for auto-proxying)
2019-10-11 10:45:06,694 INFO org.springframework.boot.web.embedded.tomcat.TomcatWebServer [main] Tomcat initialized with port(s): 9088 (http)
2019-10-11 10:45:06,947 INFO org.springframework.web.context.ContextLoader [main] Root WebApplicationContext: initialization completed in 1424 ms
2019-10-11 10:45:08,955 INFO org.springframework.orm.jpa.LocalContainerEntityManagerFactoryBean [main] Initialized JPA EntityManagerFactory for persistence unit 'default'
2019-10-11 10:45:09,570 INFO org.springframework.security.web.DefaultSecurityFilterChain [main] Creating filter chain: any request, [org.springframework.security.web.context.request.async.WebAsyncManagerIntegrationFilter@844e66d, org.springframework.security.web.context.SecurityContextPersistenceFilter@5beb6be2, org.springframework.security.web.header.HeaderWriterFilter@22ca1242, org.springframework.security.web.csrf.CsrfFilter@d49e8c6, org.springframework.security.web.authentication.logout.LogoutFilter@406ad6d5, org.springframework.security.web.authentication.UsernamePasswordAuthenticationFilter@7d1f3fe9, org.springframework.security.web.authentication.ui.DefaultLoginPageGeneratingFilter@278fe428, org.springframework.security.web.authentication.ui.DefaultLogoutPageGeneratingFilter@5b665a30, org.springframework.security.web.savedrequest.RequestCacheAwareFilter@1182d1df, org.springframework.security.web.servletapi.SecurityContextHolderAwareRequestFilter@16c5b50a, org.springframework.security.web.authentication.AnonymousAuthenticationFilter@26a45089, org.springframework.security.web.session.SessionManagementFilter@78288f83, org.springframework.security.web.access.ExceptionTranslationFilter@6f986501, org.springframework.security.web.access.intercept.FilterSecurityInterceptor@3973b6d4]
2019-10-11 10:45:09,715 INFO org.springframework.scheduling.concurrent.ThreadPoolTaskExecutor [main] Initializing ExecutorService 'applicationTaskExecutor'
2019-10-11 10:45:09,771 WARN org.springframework.boot.autoconfigure.orm.jpa.JpaBaseConfiguration$JpaWebConfiguration$JpaWebMvcConfiguration [main] spring.jpa.open-in-view is enabled by default. Therefore, database queries may be performed during view rendering. Explicitly configure spring.jpa.open-in-view to disable this warning
2019-10-11 10:45:09,964 INFO org.springframework.boot.web.embedded.tomcat.TomcatWebServer [main] Tomcat started on port(s): 9088 (http) with context path ''
2019-10-11 10:45:25,028 INFO org.springframework.web.servlet.DispatcherServlet [http-nio-9088-exec-2] Initializing Servlet 'dispatcherServlet'
2019-10-11 10:45:25,037 INFO org.springframework.web.servlet.DispatcherServlet [http-nio-9088-exec-2] Completed initialization in 9 ms
2019-10-11 10:47:47,880 INFO org.springframework.boot.admin.SpringApplicationAdminMXBeanRegistrar$SpringApplicationAdmin [RMI TCP Connection(12)-127.0.0.1] Application shutdown requested.
2019-10-11 10:47:47,882 INFO org.springframework.scheduling.concurrent.ThreadPoolTaskExecutor [RMI TCP Connection(12)-127.0.0.1] Shutting down ExecutorService 'applicationTaskExecutor'
2019-10-11 10:47:47,884 INFO org.springframework.orm.jpa.LocalContainerEntityManagerFactoryBean [RMI TCP Connection(12)-127.0.0.1] Closing JPA EntityManagerFactory for persistence unit 'default'
2019-10-11 10:47:51,886 INFO org.springframework.data.repository.config.RepositoryConfigurationDelegate [main] Multiple Spring Data modules found, entering strict repository configuration mode!
2019-10-11 10:47:51,888 INFO org.springframework.data.repository.config.RepositoryConfigurationDelegate [main] Bootstrapping Spring Data repositories in DEFAULT mode.
2019-10-11 10:47:51,984 INFO org.springframework.data.repository.config.RepositoryConfigurationDelegate [main] Finished Spring Data repository scanning in 91ms. Found 5 repository interfaces.
2019-10-11 10:47:51,991 INFO org.springframework.data.repository.config.RepositoryConfigurationDelegate [main] Multiple Spring Data modules found, entering strict repository configuration mode!
2019-10-11 10:47:51,992 INFO org.springframework.data.repository.config.RepositoryConfigurationDelegate [main] Bootstrapping Spring Data repositories in DEFAULT mode.
2019-10-11 10:47:52,013 INFO org.springframework.data.repository.config.RepositoryConfigurationDelegate [main] Finished Spring Data repository scanning in 19ms. Found 5 repository interfaces.
2019-10-11 10:47:52,310 INFO org.springframework.context.support.PostProcessorRegistrationDelegate$BeanPostProcessorChecker [main] Bean 'org.springframework.transaction.annotation.ProxyTransactionManagementConfiguration' of type [org.springframework.transaction.annotation.ProxyTransactionManagementConfiguration$$EnhancerBySpringCGLIB$$8486c077] is not eligible for getting processed by all BeanPostProcessors (for example: not eligible for auto-proxying)
2019-10-11 10:47:52,539 INFO org.springframework.boot.web.embedded.tomcat.TomcatWebServer [main] Tomcat initialized with port(s): 9088 (http)
2019-10-11 10:47:52,813 INFO org.springframework.web.context.ContextLoader [main] Root WebApplicationContext: initialization completed in 1507 ms
2019-10-11 10:47:54,832 INFO org.springframework.orm.jpa.LocalContainerEntityManagerFactoryBean [main] Initialized JPA EntityManagerFactory for persistence unit 'default'
2019-10-11 10:47:55,423 INFO org.springframework.security.web.DefaultSecurityFilterChain [main] Creating filter chain: any request, [org.springframework.security.web.context.request.async.WebAsyncManagerIntegrationFilter@22686ddb, org.springframework.security.web.context.SecurityContextPersistenceFilter@18e6b72b, org.springframework.security.web.header.HeaderWriterFilter@76af34b5, org.springframework.security.web.csrf.CsrfFilter@7c4d1c7b, org.springframework.security.web.authentication.logout.LogoutFilter@1f39269d, org.springframework.security.web.authentication.UsernamePasswordAuthenticationFilter@38d525aa, org.springframework.security.web.authentication.ui.DefaultLoginPageGeneratingFilter@5bb7a59, org.springframework.security.web.authentication.ui.DefaultLogoutPageGeneratingFilter@2e29f28e, org.springframework.security.web.savedrequest.RequestCacheAwareFilter@3ea75b05, org.springframework.security.web.servletapi.SecurityContextHolderAwareRequestFilter@3a5b7d7e, org.springframework.security.web.authentication.AnonymousAuthenticationFilter@7bfa1eb5, org.springframework.security.web.session.SessionManagementFilter@9c0d0bd, org.springframework.security.web.access.ExceptionTranslationFilter@3321291a, org.springframework.security.web.access.intercept.FilterSecurityInterceptor@731db93f]
2019-10-11 10:47:55,554 INFO org.springframework.scheduling.concurrent.ThreadPoolTaskExecutor [main] Initializing ExecutorService 'applicationTaskExecutor'
2019-10-11 10:47:55,585 WARN org.springframework.boot.autoconfigure.orm.jpa.JpaBaseConfiguration$JpaWebConfiguration$JpaWebMvcConfiguration [main] spring.jpa.open-in-view is enabled by default. Therefore, database queries may be performed during view rendering. Explicitly configure spring.jpa.open-in-view to disable this warning
2019-10-11 10:47:55,781 INFO org.springframework.boot.web.embedded.tomcat.TomcatWebServer [main] Tomcat started on port(s): 9088 (http) with context path ''
2019-10-11 10:47:56,662 INFO org.springframework.web.servlet.DispatcherServlet [http-nio-9088-exec-1] Initializing Servlet 'dispatcherServlet'
2019-10-11 10:47:56,671 INFO org.springframework.web.servlet.DispatcherServlet [http-nio-9088-exec-1] Completed initialization in 8 ms
2019-10-11 10:49:11,958 INFO org.springframework.boot.admin.SpringApplicationAdminMXBeanRegistrar$SpringApplicationAdmin [RMI TCP Connection(9)-127.0.0.1] Application shutdown requested.
2019-10-11 10:49:11,960 INFO org.springframework.scheduling.concurrent.ThreadPoolTaskExecutor [RMI TCP Connection(9)-127.0.0.1] Shutting down ExecutorService 'applicationTaskExecutor'
2019-10-11 10:49:11,962 INFO org.springframework.orm.jpa.LocalContainerEntityManagerFactoryBean [RMI TCP Connection(9)-127.0.0.1] Closing JPA EntityManagerFactory for persistence unit 'default'
2019-10-11 10:50:38,794 INFO org.springframework.data.repository.config.RepositoryConfigurationDelegate [main] Multiple Spring Data modules found, entering strict repository configuration mode!
2019-10-11 10:50:38,796 INFO org.springframework.data.repository.config.RepositoryConfigurationDelegate [main] Bootstrapping Spring Data repositories in DEFAULT mode.
2019-10-11 10:50:38,868 INFO org.springframework.data.repository.config.RepositoryConfigurationDelegate [main] Finished Spring Data repository scanning in 69ms. Found 5 repository interfaces.
2019-10-11 10:50:38,875 INFO org.springframework.data.repository.config.RepositoryConfigurationDelegate [main] Multiple Spring Data modules found, entering strict repository configuration mode!
2019-10-11 10:50:38,875 INFO org.springframework.data.repository.config.RepositoryConfigurationDelegate [main] Bootstrapping Spring Data repositories in DEFAULT mode.
2019-10-11 10:50:38,896 INFO org.springframework.data.repository.config.RepositoryConfigurationDelegate [main] Finished Spring Data repository scanning in 19ms. Found 5 repository interfaces.
2019-10-11 10:50:39,180 INFO org.springframework.context.support.PostProcessorRegistrationDelegate$BeanPostProcessorChecker [main] Bean 'org.springframework.transaction.annotation.ProxyTransactionManagementConfiguration' of type [org.springframework.transaction.annotation.ProxyTransactionManagementConfiguration$$EnhancerBySpringCGLIB$$18d06ed7] is not eligible for getting processed by all BeanPostProcessors (for example: not eligible for auto-proxying)
2019-10-11 10:50:39,393 INFO org.springframework.boot.web.embedded.tomcat.TomcatWebServer [main] Tomcat initialized with port(s): 9088 (http)
2019-10-11 10:50:39,657 INFO org.springframework.web.context.ContextLoader [main] Root WebApplicationContext: initialization completed in 1419 ms
2019-10-11 10:50:41,640 INFO org.springframework.orm.jpa.LocalContainerEntityManagerFactoryBean [main] Initialized JPA EntityManagerFactory for persistence unit 'default'
2019-10-11 10:50:42,273 INFO org.springframework.security.web.DefaultSecurityFilterChain [main] Creating filter chain: any request, [org.springframework.security.web.context.request.async.WebAsyncManagerIntegrationFilter@7dd91ffc, org.springframework.security.web.context.SecurityContextPersistenceFilter@671d97bc, org.springframework.security.web.header.HeaderWriterFilter@47eaf55c, org.springframework.security.web.csrf.CsrfFilter@6cd45b6c, org.springframework.security.web.authentication.logout.LogoutFilter@6eeb29c0, org.springframework.security.web.authentication.UsernamePasswordAuthenticationFilter@3688baab, org.springframework.security.web.authentication.ui.DefaultLoginPageGeneratingFilter@4a2e1e52, org.springframework.security.web.authentication.ui.DefaultLogoutPageGeneratingFilter@1c2dd89b, org.springframework.security.web.savedrequest.RequestCacheAwareFilter@602298b, org.springframework.security.web.servletapi.SecurityContextHolderAwareRequestFilter@5238896f, org.springframework.security.web.authentication.AnonymousAuthenticationFilter@3ad847f8, org.springframework.security.web.session.SessionManagementFilter@2e3252, org.springframework.security.web.access.ExceptionTranslationFilter@349312d5, org.springframework.security.web.access.intercept.FilterSecurityInterceptor@7dd45c93]
2019-10-11 10:50:42,414 INFO org.springframework.scheduling.concurrent.ThreadPoolTaskExecutor [main] Initializing ExecutorService 'applicationTaskExecutor'
2019-10-11 10:50:42,445 WARN org.springframework.boot.autoconfigure.orm.jpa.JpaBaseConfiguration$JpaWebConfiguration$JpaWebMvcConfiguration [main] spring.jpa.open-in-view is enabled by default. Therefore, database queries may be performed during view rendering. Explicitly configure spring.jpa.open-in-view to disable this warning
2019-10-11 10:50:42,646 INFO org.springframework.boot.web.embedded.tomcat.TomcatWebServer [main] Tomcat started on port(s): 9088 (http) with context path ''
2019-10-11 10:50:55,379 INFO org.springframework.web.servlet.DispatcherServlet [http-nio-9088-exec-1] Initializing Servlet 'dispatcherServlet'
2019-10-11 10:50:55,387 INFO org.springframework.web.servlet.DispatcherServlet [http-nio-9088-exec-1] Completed initialization in 7 ms
2019-10-11 10:51:07,194 INFO org.springframework.boot.admin.SpringApplicationAdminMXBeanRegistrar$SpringApplicationAdmin [RMI TCP Connection(7)-127.0.0.1] Application shutdown requested.
2019-10-11 10:51:07,196 INFO org.springframework.scheduling.concurrent.ThreadPoolTaskExecutor [RMI TCP Connection(7)-127.0.0.1] Shutting down ExecutorService 'applicationTaskExecutor'
2019-10-11 10:51:07,198 INFO org.springframework.orm.jpa.LocalContainerEntityManagerFactoryBean [RMI TCP Connection(7)-127.0.0.1] Closing JPA EntityManagerFactory for persistence unit 'default'
2019-10-11 10:52:34,796 INFO org.springframework.data.repository.config.RepositoryConfigurationDelegate [main] Multiple Spring Data modules found, entering strict repository configuration mode!
2019-10-11 10:52:34,798 INFO org.springframework.data.repository.config.RepositoryConfigurationDelegate [main] Bootstrapping Spring Data repositories in DEFAULT mode.
2019-10-11 10:52:34,870 INFO org.springframework.data.repository.config.RepositoryConfigurationDelegate [main] Finished Spring Data repository scanning in 68ms. Found 5 repository interfaces.
2019-10-11 10:52:34,877 INFO org.springframework.data.repository.config.RepositoryConfigurationDelegate [main] Multiple Spring Data modules found, entering strict repository configuration mode!
2019-10-11 10:52:34,877 INFO org.springframework.data.repository.config.RepositoryConfigurationDelegate [main] Bootstrapping Spring Data repositories in DEFAULT mode.
2019-10-11 10:52:34,900 INFO org.springframework.data.repository.config.RepositoryConfigurationDelegate [main] Finished Spring Data repository scanning in 20ms. Found 5 repository interfaces.
2019-10-11 10:52:35,183 INFO org.springframework.context.support.PostProcessorRegistrationDelegate$BeanPostProcessorChecker [main] Bean 'org.springframework.transaction.annotation.ProxyTransactionManagementConfiguration' of type [org.springframework.transaction.annotation.ProxyTransactionManagementConfiguration$$EnhancerBySpringCGLIB$$4329fefa] is not eligible for getting processed by all BeanPostProcessors (for example: not eligible for auto-proxying)
2019-10-11 10:52:35,398 INFO org.springframework.boot.web.embedded.tomcat.TomcatWebServer [main] Tomcat initialized with port(s): 9088 (http)
2019-10-11 10:52:35,656 INFO org.springframework.web.context.ContextLoader [main] Root WebApplicationContext: initialization completed in 1408 ms
2019-10-11 10:52:37,600 INFO org.springframework.orm.jpa.LocalContainerEntityManagerFactoryBean [main] Initialized JPA EntityManagerFactory for persistence unit 'default'
2019-10-11 10:52:38,212 INFO org.springframework.security.web.DefaultSecurityFilterChain [main] Creating filter chain: any request, [org.springframework.security.web.context.request.async.WebAsyncManagerIntegrationFilter@192b472d, org.springframework.security.web.context.SecurityContextPersistenceFilter@41ece227, org.springframework.security.web.header.HeaderWriterFilter@3ea75b05, org.springframework.security.web.csrf.CsrfFilter@1b1e1f02, org.springframework.security.web.authentication.logout.LogoutFilter@3cd46491, org.springframework.security.web.authentication.UsernamePasswordAuthenticationFilter@73b74615, org.springframework.security.web.authentication.ui.DefaultLoginPageGeneratingFilter@6e321d9d, org.springframework.security.web.authentication.ui.DefaultLogoutPageGeneratingFilter@84f51d9, org.springframework.security.web.savedrequest.RequestCacheAwareFilter@7910f355, org.springframework.security.web.servletapi.SecurityContextHolderAwareRequestFilter@62faf77, org.springframework.security.web.authentication.AnonymousAuthenticationFilter@45b96e4c, org.springframework.security.web.session.SessionManagementFilter@1da745a2, org.springframework.security.web.access.ExceptionTranslationFilter@18e6b72b, org.springframework.security.web.access.intercept.FilterSecurityInterceptor@72110818]
2019-10-11 10:52:38,350 INFO org.springframework.scheduling.concurrent.ThreadPoolTaskExecutor [main] Initializing ExecutorService 'applicationTaskExecutor'
2019-10-11 10:52:38,381 WARN org.springframework.boot.autoconfigure.orm.jpa.JpaBaseConfiguration$JpaWebConfiguration$JpaWebMvcConfiguration [main] spring.jpa.open-in-view is enabled by default. Therefore, database queries may be performed during view rendering. Explicitly configure spring.jpa.open-in-view to disable this warning
2019-10-11 10:52:38,575 INFO org.springframework.boot.web.embedded.tomcat.TomcatWebServer [main] Tomcat started on port(s): 9088 (http) with context path ''
2019-10-11 10:52:40,650 INFO org.springframework.web.servlet.DispatcherServlet [http-nio-9088-exec-1] Initializing Servlet 'dispatcherServlet'
2019-10-11 10:52:40,658 INFO org.springframework.web.servlet.DispatcherServlet [http-nio-9088-exec-1] Completed initialization in 8 ms
2019-10-11 11:09:31,915 INFO org.springframework.boot.admin.SpringApplicationAdminMXBeanRegistrar$SpringApplicationAdmin [RMI TCP Connection(26)-127.0.0.1] Application shutdown requested.
2019-10-11 11:09:31,918 INFO org.springframework.scheduling.concurrent.ThreadPoolTaskExecutor [RMI TCP Connection(26)-127.0.0.1] Shutting down ExecutorService 'applicationTaskExecutor'
2019-10-11 11:09:31,920 INFO org.springframework.orm.jpa.LocalContainerEntityManagerFactoryBean [RMI TCP Connection(26)-127.0.0.1] Closing JPA EntityManagerFactory for persistence unit 'default'
2019-10-11 11:09:35,699 INFO org.springframework.data.repository.config.RepositoryConfigurationDelegate [main] Multiple Spring Data modules found, entering strict repository configuration mode!
2019-10-11 11:09:35,701 INFO org.springframework.data.repository.config.RepositoryConfigurationDelegate [main] Bootstrapping Spring Data repositories in DEFAULT mode.
2019-10-11 11:09:35,790 INFO org.springframework.data.repository.config.RepositoryConfigurationDelegate [main] Finished Spring Data repository scanning in 85ms. Found 5 repository interfaces.
2019-10-11 11:09:35,797 INFO org.springframework.data.repository.config.RepositoryConfigurationDelegate [main] Multiple Spring Data modules found, entering strict repository configuration mode!
2019-10-11 11:09:35,797 INFO org.springframework.data.repository.config.RepositoryConfigurationDelegate [main] Bootstrapping Spring Data repositories in DEFAULT mode.
2019-10-11 11:09:35,819 INFO org.springframework.data.repository.config.RepositoryConfigurationDelegate [main] Finished Spring Data repository scanning in 19ms. Found 5 repository interfaces.
2019-10-11 11:09:36,125 INFO org.springframework.context.support.PostProcessorRegistrationDelegate$BeanPostProcessorChecker [main] Bean 'org.springframework.transaction.annotation.ProxyTransactionManagementConfiguration' of type [org.springframework.transaction.annotation.ProxyTransactionManagementConfiguration$$EnhancerBySpringCGLIB$$f8e83f58] is not eligible for getting processed by all BeanPostProcessors (for example: not eligible for auto-proxying)
2019-10-11 11:09:36,367 INFO org.springframework.boot.web.embedded.tomcat.TomcatWebServer [main] Tomcat initialized with port(s): 9088 (http)
2019-10-11 11:09:36,651 INFO org.springframework.web.context.ContextLoader [main] Root WebApplicationContext: initialization completed in 1505 ms
2019-10-11 11:09:38,650 INFO org.springframework.orm.jpa.LocalContainerEntityManagerFactoryBean [main] Initialized JPA EntityManagerFactory for persistence unit 'default'
2019-10-11 11:09:39,288 INFO org.springframework.security.web.DefaultSecurityFilterChain [main] Creating filter chain: any request, [org.springframework.security.web.context.request.async.WebAsyncManagerIntegrationFilter@333d44f6, org.springframework.security.web.context.SecurityContextPersistenceFilter@40f9f60d, org.springframework.security.web.header.HeaderWriterFilter@1124910c, org.springframework.security.web.csrf.CsrfFilter@315b4202, org.springframework.security.web.authentication.logout.LogoutFilter@5c5f0edc, org.springframework.security.web.authentication.UsernamePasswordAuthenticationFilter@31c7c281, org.springframework.security.web.authentication.ui.DefaultLoginPageGeneratingFilter@690df641, org.springframework.security.web.authentication.ui.DefaultLogoutPageGeneratingFilter@350bbd5d, org.springframework.security.web.savedrequest.RequestCacheAwareFilter@628ba266, org.springframework.security.web.servletapi.SecurityContextHolderAwareRequestFilter@7893c715, org.springframework.security.web.authentication.AnonymousAuthenticationFilter@3c3e363, org.springframework.security.web.session.SessionManagementFilter@4a9869a8, org.springframework.security.web.access.ExceptionTranslationFilter@7fd751de, org.springframework.security.web.access.intercept.FilterSecurityInterceptor@15d88c10]
2019-10-11 11:09:39,420 INFO org.springframework.scheduling.concurrent.ThreadPoolTaskExecutor [main] Initializing ExecutorService 'applicationTaskExecutor'
2019-10-11 11:09:39,449 WARN org.springframework.boot.autoconfigure.orm.jpa.JpaBaseConfiguration$JpaWebConfiguration$JpaWebMvcConfiguration [main] spring.jpa.open-in-view is enabled by default. Therefore, database queries may be performed during view rendering. Explicitly configure spring.jpa.open-in-view to disable this warning
2019-10-11 11:09:39,638 INFO org.springframework.boot.web.embedded.tomcat.TomcatWebServer [main] Tomcat started on port(s): 9088 (http) with context path ''
2019-10-11 11:09:40,070 INFO org.springframework.web.servlet.DispatcherServlet [http-nio-9088-exec-1] Initializing Servlet 'dispatcherServlet'
2019-10-11 11:09:40,078 INFO org.springframework.web.servlet.DispatcherServlet [http-nio-9088-exec-1] Completed initialization in 8 ms
2019-10-11 11:11:22,814 INFO org.springframework.boot.admin.SpringApplicationAdminMXBeanRegistrar$SpringApplicationAdmin [RMI TCP Connection(10)-127.0.0.1] Application shutdown requested.
2019-10-11 11:11:22,816 INFO org.springframework.scheduling.concurrent.ThreadPoolTaskExecutor [RMI TCP Connection(10)-127.0.0.1] Shutting down ExecutorService 'applicationTaskExecutor'
2019-10-11 11:11:22,818 INFO org.springframework.orm.jpa.LocalContainerEntityManagerFactoryBean [RMI TCP Connection(10)-127.0.0.1] Closing JPA EntityManagerFactory for persistence unit 'default'
2019-10-11 11:11:26,880 INFO org.springframework.data.repository.config.RepositoryConfigurationDelegate [main] Multiple Spring Data modules found, entering strict repository configuration mode!
2019-10-11 11:11:26,882 INFO org.springframework.data.repository.config.RepositoryConfigurationDelegate [main] Bootstrapping Spring Data repositories in DEFAULT mode.
2019-10-11 11:11:26,958 INFO org.springframework.data.repository.config.RepositoryConfigurationDelegate [main] Finished Spring Data repository scanning in 69ms. Found 5 repository interfaces.
2019-10-11 11:11:26,965 INFO org.springframework.data.repository.config.RepositoryConfigurationDelegate [main] Multiple Spring Data modules found, entering strict repository configuration mode!
2019-10-11 11:11:26,965 INFO org.springframework.data.repository.config.RepositoryConfigurationDelegate [main] Bootstrapping Spring Data repositories in DEFAULT mode.
2019-10-11 11:11:26,986 INFO org.springframework.data.repository.config.RepositoryConfigurationDelegate [main] Finished Spring Data repository scanning in 19ms. Found 5 repository interfaces.
2019-10-11 11:11:27,270 INFO org.springframework.context.support.PostProcessorRegistrationDelegate$BeanPostProcessorChecker [main] Bean 'org.springframework.transaction.annotation.ProxyTransactionManagementConfiguration' of type [org.springframework.transaction.annotation.ProxyTransactionManagementConfiguration$$EnhancerBySpringCGLIB$$e49ae772] is not eligible for getting processed by all BeanPostProcessors (for example: not eligible for auto-proxying)
2019-10-11 11:11:27,485 INFO org.springframework.boot.web.embedded.tomcat.TomcatWebServer [main] Tomcat initialized with port(s): 9088 (http)
2019-10-11 11:11:27,762 INFO org.springframework.web.context.ContextLoader [main] Root WebApplicationContext: initialization completed in 1430 ms
2019-10-11 11:11:29,696 INFO org.springframework.orm.jpa.LocalContainerEntityManagerFactoryBean [main] Initialized JPA EntityManagerFactory for persistence unit 'default'
2019-10-11 11:11:30,293 INFO org.springframework.security.web.DefaultSecurityFilterChain [main] Creating filter chain: any request, [org.springframework.security.web.context.request.async.WebAsyncManagerIntegrationFilter@5ef2cbe6, org.springframework.security.web.context.SecurityContextPersistenceFilter@1a10c47e, org.springframework.security.web.header.HeaderWriterFilter@774f2992, org.springframework.security.web.csrf.CsrfFilter@2a2b7a35, org.springframework.security.web.authentication.logout.LogoutFilter@54b44879, org.springframework.security.web.authentication.UsernamePasswordAuthenticationFilter@726a8729, org.springframework.security.web.authentication.ui.DefaultLoginPageGeneratingFilter@6eeb29c0, org.springframework.security.web.authentication.ui.DefaultLogoutPageGeneratingFilter@266da047, org.springframework.security.web.savedrequest.RequestCacheAwareFilter@2712e8f4, org.springframework.security.web.servletapi.SecurityContextHolderAwareRequestFilter@1d2def55, org.springframework.security.web.authentication.AnonymousAuthenticationFilter@68b7bdcb, org.springframework.security.web.session.SessionManagementFilter@1fb6b8fb, org.springframework.security.web.access.ExceptionTranslationFilter@77cddc0c, org.springframework.security.web.access.intercept.FilterSecurityInterceptor@6003220a]
2019-10-11 11:11:30,435 INFO org.springframework.scheduling.concurrent.ThreadPoolTaskExecutor [main] Initializing ExecutorService 'applicationTaskExecutor'
2019-10-11 11:11:30,468 WARN org.springframework.boot.autoconfigure.orm.jpa.JpaBaseConfiguration$JpaWebConfiguration$JpaWebMvcConfiguration [main] spring.jpa.open-in-view is enabled by default. Therefore, database queries may be performed during view rendering. Explicitly configure spring.jpa.open-in-view to disable this warning
2019-10-11 11:11:30,671 INFO org.springframework.boot.web.embedded.tomcat.TomcatWebServer [main] Tomcat started on port(s): 9088 (http) with context path ''
2019-10-11 11:11:30,723 INFO org.springframework.web.servlet.DispatcherServlet [http-nio-9088-exec-1] Initializing Servlet 'dispatcherServlet'
2019-10-11 11:11:30,731 INFO org.springframework.web.servlet.DispatcherServlet [http-nio-9088-exec-1] Completed initialization in 8 ms
2019-10-11 11:13:24,098 INFO org.springframework.boot.admin.SpringApplicationAdminMXBeanRegistrar$SpringApplicationAdmin [RMI TCP Connection(9)-127.0.0.1] Application shutdown requested.
2019-10-11 11:13:24,099 INFO org.springframework.scheduling.concurrent.ThreadPoolTaskExecutor [RMI TCP Connection(9)-127.0.0.1] Shutting down ExecutorService 'applicationTaskExecutor'
2019-10-11 11:13:24,102 INFO org.springframework.orm.jpa.LocalContainerEntityManagerFactoryBean [RMI TCP Connection(9)-127.0.0.1] Closing JPA EntityManagerFactory for persistence unit 'default'
2019-10-11 11:13:28,223 INFO org.springframework.data.repository.config.RepositoryConfigurationDelegate [main] Multiple Spring Data modules found, entering strict repository configuration mode!
2019-10-11 11:13:28,225 INFO org.springframework.data.repository.config.RepositoryConfigurationDelegate [main] Bootstrapping Spring Data repositories in DEFAULT mode.
2019-10-11 11:13:28,297 INFO org.springframework.data.repository.config.RepositoryConfigurationDelegate [main] Finished Spring Data repository scanning in 69ms. Found 5 repository interfaces.
2019-10-11 11:13:28,304 INFO org.springframework.data.repository.config.RepositoryConfigurationDelegate [main] Multiple Spring Data modules found, entering strict repository configuration mode!
2019-10-11 11:13:28,304 INFO org.springframework.data.repository.config.RepositoryConfigurationDelegate [main] Bootstrapping Spring Data repositories in DEFAULT mode.
2019-10-11 11:13:28,325 INFO org.springframework.data.repository.config.RepositoryConfigurationDelegate [main] Finished Spring Data repository scanning in 19ms. Found 5 repository interfaces.
2019-10-11 11:13:28,610 INFO org.springframework.context.support.PostProcessorRegistrationDelegate$BeanPostProcessorChecker [main] Bean 'org.springframework.transaction.annotation.ProxyTransactionManagementConfiguration' of type [org.springframework.transaction.annotation.ProxyTransactionManagementConfiguration$$EnhancerBySpringCGLIB$$a5e2f75e] is not eligible for getting processed by all BeanPostProcessors (for example: not eligible for auto-proxying)
2019-10-11 11:13:28,825 INFO org.springframework.boot.web.embedded.tomcat.TomcatWebServer [main] Tomcat initialized with port(s): 9088 (http)
2019-10-11 11:13:29,087 INFO org.springframework.web.context.ContextLoader [main] Root WebApplicationContext: initialization completed in 1414 ms
2019-10-11 11:13:31,127 INFO org.springframework.orm.jpa.LocalContainerEntityManagerFactoryBean [main] Initialized JPA EntityManagerFactory for persistence unit 'default'
2019-10-11 11:13:31,752 INFO org.springframework.security.web.DefaultSecurityFilterChain [main] Creating filter chain: any request, [org.springframework.security.web.context.request.async.WebAsyncManagerIntegrationFilter@67941d, org.springframework.security.web.context.SecurityContextPersistenceFilter@5c5f0edc, org.springframework.security.web.header.HeaderWriterFilter@7db791df, org.springframework.security.web.csrf.CsrfFilter@4a9869a8, org.springframework.security.web.authentication.logout.LogoutFilter@41ece227, org.springframework.security.web.authentication.UsernamePasswordAuthenticationFilter@42cc5460, org.springframework.security.web.authentication.ui.DefaultLoginPageGeneratingFilter@316d30ad, org.springframework.security.web.authentication.ui.DefaultLogoutPageGeneratingFilter@2ad2b274, org.springframework.security.web.savedrequest.RequestCacheAwareFilter@7e31062c, org.springframework.security.web.servletapi.SecurityContextHolderAwareRequestFilter@176333ee, org.springframework.security.web.authentication.AnonymousAuthenticationFilter@6fde6f05, org.springframework.security.web.session.SessionManagementFilter@1b1e1f02, org.springframework.security.web.access.ExceptionTranslationFilter@36f6d25c, org.springframework.security.web.access.intercept.FilterSecurityInterceptor@278fe428]
2019-10-11 11:13:31,892 INFO org.springframework.scheduling.concurrent.ThreadPoolTaskExecutor [main] Initializing ExecutorService 'applicationTaskExecutor'
2019-10-11 11:13:31,924 WARN org.springframework.boot.autoconfigure.orm.jpa.JpaBaseConfiguration$JpaWebConfiguration$JpaWebMvcConfiguration [main] spring.jpa.open-in-view is enabled by default. Therefore, database queries may be performed during view rendering. Explicitly configure spring.jpa.open-in-view to disable this warning
2019-10-11 11:13:32,129 INFO org.springframework.boot.web.embedded.tomcat.TomcatWebServer [main] Tomcat started on port(s): 9088 (http) with context path ''
2019-10-11 11:13:32,882 INFO org.springframework.web.servlet.DispatcherServlet [http-nio-9088-exec-2] Initializing Servlet 'dispatcherServlet'
2019-10-11 11:13:32,889 INFO org.springframework.web.servlet.DispatcherServlet [http-nio-9088-exec-2] Completed initialization in 7 ms
2019-10-11 11:14:47,540 INFO org.springframework.boot.admin.SpringApplicationAdminMXBeanRegistrar$SpringApplicationAdmin [RMI TCP Connection(10)-127.0.0.1] Application shutdown requested.
2019-10-11 11:14:47,542 INFO org.springframework.scheduling.concurrent.ThreadPoolTaskExecutor [RMI TCP Connection(10)-127.0.0.1] Shutting down ExecutorService 'applicationTaskExecutor'
2019-10-11 11:14:47,544 INFO org.springframework.orm.jpa.LocalContainerEntityManagerFactoryBean [RMI TCP Connection(10)-127.0.0.1] Closing JPA EntityManagerFactory for persistence unit 'default'
2019-10-11 11:14:56,782 INFO org.springframework.data.repository.config.RepositoryConfigurationDelegate [main] Multiple Spring Data modules found, entering strict repository configuration mode!
2019-10-11 11:14:56,784 INFO org.springframework.data.repository.config.RepositoryConfigurationDelegate [main] Bootstrapping Spring Data repositories in DEFAULT mode.
2019-10-11 11:14:56,855 INFO org.springframework.data.repository.config.RepositoryConfigurationDelegate [main] Finished Spring Data repository scanning in 67ms. Found 5 repository interfaces.
2019-10-11 11:14:56,862 INFO org.springframework.data.repository.config.RepositoryConfigurationDelegate [main] Multiple Spring Data modules found, entering strict repository configuration mode!
2019-10-11 11:14:56,862 INFO org.springframework.data.repository.config.RepositoryConfigurationDelegate [main] Bootstrapping Spring Data repositories in DEFAULT mode.
2019-10-11 11:14:56,883 INFO org.springframework.data.repository.config.RepositoryConfigurationDelegate [main] Finished Spring Data repository scanning in 19ms. Found 5 repository interfaces.
2019-10-11 11:14:57,161 INFO org.springframework.context.support.PostProcessorRegistrationDelegate$BeanPostProcessorChecker [main] Bean 'org.springframework.transaction.annotation.ProxyTransactionManagementConfiguration' of type [org.springframework.transaction.annotation.ProxyTransactionManagementConfiguration$$EnhancerBySpringCGLIB$$172078ff] is not eligible for getting processed by all BeanPostProcessors (for example: not eligible for auto-proxying)
2019-10-11 11:14:57,377 INFO org.springframework.boot.web.embedded.tomcat.TomcatWebServer [main] Tomcat initialized with port(s): 9088 (http)
2019-10-11 11:14:57,636 INFO org.springframework.web.context.ContextLoader [main] Root WebApplicationContext: initialization completed in 1402 ms
2019-10-11 11:14:59,615 INFO org.springframework.orm.jpa.LocalContainerEntityManagerFactoryBean [main] Initialized JPA EntityManagerFactory for persistence unit 'default'
2019-10-11 11:15:00,216 INFO org.springframework.security.web.DefaultSecurityFilterChain [main] Creating filter chain: any request, [org.springframework.security.web.context.request.async.WebAsyncManagerIntegrationFilter@192b472d, org.springframework.security.web.context.SecurityContextPersistenceFilter@41ece227, org.springframework.security.web.header.HeaderWriterFilter@3ea75b05, org.springframework.security.web.csrf.CsrfFilter@1b1e1f02, org.springframework.security.web.authentication.logout.LogoutFilter@3cd46491, org.springframework.security.web.authentication.UsernamePasswordAuthenticationFilter@73b74615, org.springframework.security.web.authentication.ui.DefaultLoginPageGeneratingFilter@6e321d9d, org.springframework.security.web.authentication.ui.DefaultLogoutPageGeneratingFilter@84f51d9, org.springframework.security.web.savedrequest.RequestCacheAwareFilter@7910f355, org.springframework.security.web.servletapi.SecurityContextHolderAwareRequestFilter@62faf77, org.springframework.security.web.authentication.AnonymousAuthenticationFilter@45b96e4c, org.springframework.security.web.session.SessionManagementFilter@1da745a2, org.springframework.security.web.access.ExceptionTranslationFilter@18e6b72b, org.springframework.security.web.access.intercept.FilterSecurityInterceptor@72110818]
2019-10-11 11:15:00,349 INFO org.springframework.scheduling.concurrent.ThreadPoolTaskExecutor [main] Initializing ExecutorService 'applicationTaskExecutor'
2019-10-11 11:15:00,380 WARN org.springframework.boot.autoconfigure.orm.jpa.JpaBaseConfiguration$JpaWebConfiguration$JpaWebMvcConfiguration [main] spring.jpa.open-in-view is enabled by default. Therefore, database queries may be performed during view rendering. Explicitly configure spring.jpa.open-in-view to disable this warning
2019-10-11 11:15:00,566 INFO org.springframework.boot.web.embedded.tomcat.TomcatWebServer [main] Tomcat started on port(s): 9088 (http) with context path ''
2019-10-11 11:15:01,090 INFO org.springframework.web.servlet.DispatcherServlet [http-nio-9088-exec-1] Initializing Servlet 'dispatcherServlet'
2019-10-11 11:15:01,098 INFO org.springframework.web.servlet.DispatcherServlet [http-nio-9088-exec-1] Completed initialization in 8 ms
2019-10-11 11:15:34,667 INFO org.springframework.boot.admin.SpringApplicationAdminMXBeanRegistrar$SpringApplicationAdmin [RMI TCP Connection(9)-127.0.0.1] Application shutdown requested.
2019-10-11 11:15:34,669 INFO org.springframework.scheduling.concurrent.ThreadPoolTaskExecutor [RMI TCP Connection(9)-127.0.0.1] Shutting down ExecutorService 'applicationTaskExecutor'
2019-10-11 11:15:34,671 INFO org.springframework.orm.jpa.LocalContainerEntityManagerFactoryBean [RMI TCP Connection(9)-127.0.0.1] Closing JPA EntityManagerFactory for persistence unit 'default'
2019-10-11 11:17:06,392 INFO org.springframework.data.repository.config.RepositoryConfigurationDelegate [main] Multiple Spring Data modules found, entering strict repository configuration mode!
2019-10-11 11:17:06,394 INFO org.springframework.data.repository.config.RepositoryConfigurationDelegate [main] Bootstrapping Spring Data repositories in DEFAULT mode.
2019-10-11 11:17:06,466 INFO org.springframework.data.repository.config.RepositoryConfigurationDelegate [main] Finished Spring Data repository scanning in 68ms. Found 5 repository interfaces.
2019-10-11 11:17:06,473 INFO org.springframework.data.repository.config.RepositoryConfigurationDelegate [main] Multiple Spring Data modules found, entering strict repository configuration mode!
2019-10-11 11:17:06,473 INFO org.springframework.data.repository.config.RepositoryConfigurationDelegate [main] Bootstrapping Spring Data repositories in DEFAULT mode.
2019-10-11 11:17:06,495 INFO org.springframework.data.repository.config.RepositoryConfigurationDelegate [main] Finished Spring Data repository scanning in 20ms. Found 5 repository interfaces.
2019-10-11 11:17:06,784 INFO org.springframework.context.support.PostProcessorRegistrationDelegate$BeanPostProcessorChecker [main] Bean 'org.springframework.transaction.annotation.ProxyTransactionManagementConfiguration' of type [org.springframework.transaction.annotation.ProxyTransactionManagementConfiguration$$EnhancerBySpringCGLIB$$95100001] is not eligible for getting processed by all BeanPostProcessors (for example: not eligible for auto-proxying)
2019-10-11 11:17:06,996 INFO org.springframework.boot.web.embedded.tomcat.TomcatWebServer [main] Tomcat initialized with port(s): 9088 (http)
2019-10-11 11:17:07,252 INFO org.springframework.web.context.ContextLoader [main] Root WebApplicationContext: initialization completed in 1413 ms
2019-10-11 11:17:09,052 INFO org.springframework.orm.jpa.LocalContainerEntityManagerFactoryBean [main] Initialized JPA EntityManagerFactory for persistence unit 'default'
2019-10-11 11:17:09,696 INFO org.springframework.security.web.DefaultSecurityFilterChain [main] Creating filter chain: any request, [org.springframework.security.web.context.request.async.WebAsyncManagerIntegrationFilter@72110818, org.springframework.security.web.context.SecurityContextPersistenceFilter@ff03361, org.springframework.security.web.header.HeaderWriterFilter@153cfd86, org.springframework.security.web.csrf.CsrfFilter@1231a1be, org.springframework.security.web.authentication.logout.LogoutFilter@12209826, org.springframework.security.web.authentication.UsernamePasswordAuthenticationFilter@43c0c13a, org.springframework.security.web.authentication.ui.DefaultLoginPageGeneratingFilter@41ece227, org.springframework.security.web.authentication.ui.DefaultLogoutPageGeneratingFilter@6eabe718, org.springframework.security.web.savedrequest.RequestCacheAwareFilter@5f935d49, org.springframework.security.web.servletapi.SecurityContextHolderAwareRequestFilter@1da745a2, org.springframework.security.web.authentication.AnonymousAuthenticationFilter@38d525aa, org.springframework.security.web.session.SessionManagementFilter@595fed99, org.springframework.security.web.access.ExceptionTranslationFilter@1da75dde, org.springframework.security.web.access.intercept.FilterSecurityInterceptor@406ad6d5]
2019-10-11 11:17:09,833 INFO org.springframework.scheduling.concurrent.ThreadPoolTaskExecutor [main] Initializing ExecutorService 'applicationTaskExecutor'
2019-10-11 11:17:09,864 WARN org.springframework.boot.autoconfigure.orm.jpa.JpaBaseConfiguration$JpaWebConfiguration$JpaWebMvcConfiguration [main] spring.jpa.open-in-view is enabled by default. Therefore, database queries may be performed during view rendering. Explicitly configure spring.jpa.open-in-view to disable this warning
2019-10-11 11:17:10,049 INFO org.springframework.boot.web.embedded.tomcat.TomcatWebServer [main] Tomcat started on port(s): 9088 (http) with context path ''
2019-10-11 11:17:19,358 INFO org.springframework.web.servlet.DispatcherServlet [http-nio-9088-exec-1] Initializing Servlet 'dispatcherServlet'
2019-10-11 11:17:19,366 INFO org.springframework.web.servlet.DispatcherServlet [http-nio-9088-exec-1] Completed initialization in 8 ms
2019-10-11 11:17:56,290 INFO org.springframework.boot.admin.SpringApplicationAdminMXBeanRegistrar$SpringApplicationAdmin [RMI TCP Connection(9)-127.0.0.1] Application shutdown requested.
2019-10-11 11:17:56,292 INFO org.springframework.scheduling.concurrent.ThreadPoolTaskExecutor [RMI TCP Connection(9)-127.0.0.1] Shutting down ExecutorService 'applicationTaskExecutor'
2019-10-11 11:17:56,294 INFO org.springframework.orm.jpa.LocalContainerEntityManagerFactoryBean [RMI TCP Connection(9)-127.0.0.1] Closing JPA EntityManagerFactory for persistence unit 'default'
2019-10-11 11:18:05,403 INFO org.springframework.data.repository.config.RepositoryConfigurationDelegate [main] Multiple Spring Data modules found, entering strict repository configuration mode!
2019-10-11 11:18:05,405 INFO org.springframework.data.repository.config.RepositoryConfigurationDelegate [main] Bootstrapping Spring Data repositories in DEFAULT mode.
2019-10-11 11:18:05,477 INFO org.springframework.data.repository.config.RepositoryConfigurationDelegate [main] Finished Spring Data repository scanning in 68ms. Found 5 repository interfaces.
2019-10-11 11:18:05,484 INFO org.springframework.data.repository.config.RepositoryConfigurationDelegate [main] Multiple Spring Data modules found, entering strict repository configuration mode!
2019-10-11 11:18:05,484 INFO org.springframework.data.repository.config.RepositoryConfigurationDelegate [main] Bootstrapping Spring Data repositories in DEFAULT mode.
2019-10-11 11:18:05,505 INFO org.springframework.data.repository.config.RepositoryConfigurationDelegate [main] Finished Spring Data repository scanning in 19ms. Found 5 repository interfaces.
2019-10-11 11:18:05,807 INFO org.springframework.context.support.PostProcessorRegistrationDelegate$BeanPostProcessorChecker [main] Bean 'org.springframework.transaction.annotation.ProxyTransactionManagementConfiguration' of type [org.springframework.transaction.annotation.ProxyTransactionManagementConfiguration$$EnhancerBySpringCGLIB$$dae1684c] is not eligible for getting processed by all BeanPostProcessors (for example: not eligible for auto-proxying)
2019-10-11 11:18:06,024 INFO org.springframework.boot.web.embedded.tomcat.TomcatWebServer [main] Tomcat initialized with port(s): 9088 (http)
2019-10-11 11:18:06,282 INFO org.springframework.web.context.ContextLoader [main] Root WebApplicationContext: initialization completed in 1429 ms
2019-10-11 11:18:08,326 INFO org.springframework.orm.jpa.LocalContainerEntityManagerFactoryBean [main] Initialized JPA EntityManagerFactory for persistence unit 'default'
2019-10-11 11:18:08,962 INFO org.springframework.security.web.DefaultSecurityFilterChain [main] Creating filter chain: any request, [org.springframework.security.web.context.request.async.WebAsyncManagerIntegrationFilter@374b6e33, org.springframework.security.web.context.SecurityContextPersistenceFilter@1f39269d, org.springframework.security.web.header.HeaderWriterFilter@4bfa5eb9, org.springframework.security.web.csrf.CsrfFilter@9c0d0bd, org.springframework.security.web.authentication.logout.LogoutFilter@d49e8c6, org.springframework.security.web.authentication.UsernamePasswordAuthenticationFilter@7e3ee128, org.springframework.security.web.authentication.ui.DefaultLoginPageGeneratingFilter@774f2992, org.springframework.security.web.authentication.ui.DefaultLogoutPageGeneratingFilter@7ed7ae, org.springframework.security.web.savedrequest.RequestCacheAwareFilter@754de353, org.springframework.security.web.servletapi.SecurityContextHolderAwareRequestFilter@77cddc0c, org.springframework.security.web.authentication.AnonymousAuthenticationFilter@53ba1175, org.springframework.security.web.session.SessionManagementFilter@58186f9f, org.springframework.security.web.access.ExceptionTranslationFilter@13cc31ae, org.springframework.security.web.access.intercept.FilterSecurityInterceptor@320ff86f]
2019-10-11 11:18:09,094 INFO org.springframework.scheduling.concurrent.ThreadPoolTaskExecutor [main] Initializing ExecutorService 'applicationTaskExecutor'
2019-10-11 11:18:09,124 WARN org.springframework.boot.autoconfigure.orm.jpa.JpaBaseConfiguration$JpaWebConfiguration$JpaWebMvcConfiguration [main] spring.jpa.open-in-view is enabled by default. Therefore, database queries may be performed during view rendering. Explicitly configure spring.jpa.open-in-view to disable this warning
2019-10-11 11:18:09,313 INFO org.springframework.boot.web.embedded.tomcat.TomcatWebServer [main] Tomcat started on port(s): 9088 (http) with context path ''
2019-10-11 11:18:10,685 INFO org.springframework.web.servlet.DispatcherServlet [http-nio-9088-exec-1] Initializing Servlet 'dispatcherServlet'
2019-10-11 11:18:10,694 INFO org.springframework.web.servlet.DispatcherServlet [http-nio-9088-exec-1] Completed initialization in 9 ms
2019-10-11 11:19:34,426 INFO org.springframework.boot.admin.SpringApplicationAdminMXBeanRegistrar$SpringApplicationAdmin [RMI TCP Connection(10)-127.0.0.1] Application shutdown requested.
2019-10-11 11:19:34,429 INFO org.springframework.scheduling.concurrent.ThreadPoolTaskExecutor [RMI TCP Connection(10)-127.0.0.1] Shutting down ExecutorService 'applicationTaskExecutor'
2019-10-11 11:19:34,431 INFO org.springframework.orm.jpa.LocalContainerEntityManagerFactoryBean [RMI TCP Connection(10)-127.0.0.1] Closing JPA EntityManagerFactory for persistence unit 'default'
2019-10-11 11:19:38,973 INFO org.springframework.data.repository.config.RepositoryConfigurationDelegate [main] Multiple Spring Data modules found, entering strict repository configuration mode!
2019-10-11 11:19:38,975 INFO org.springframework.data.repository.config.RepositoryConfigurationDelegate [main] Bootstrapping Spring Data repositories in DEFAULT mode.
2019-10-11 11:19:39,048 INFO org.springframework.data.repository.config.RepositoryConfigurationDelegate [main] Finished Spring Data repository scanning in 65ms. Found 5 repository interfaces.
2019-10-11 11:19:39,055 INFO org.springframework.data.repository.config.RepositoryConfigurationDelegate [main] Multiple Spring Data modules found, entering strict repository configuration mode!
2019-10-11 11:19:39,055 INFO org.springframework.data.repository.config.RepositoryConfigurationDelegate [main] Bootstrapping Spring Data repositories in DEFAULT mode.
2019-10-11 11:19:39,076 INFO org.springframework.data.repository.config.RepositoryConfigurationDelegate [main] Finished Spring Data repository scanning in 19ms. Found 5 repository interfaces.
2019-10-11 11:19:39,358 INFO org.springframework.context.support.PostProcessorRegistrationDelegate$BeanPostProcessorChecker [main] Bean 'org.springframework.transaction.annotation.ProxyTransactionManagementConfiguration' of type [org.springframework.transaction.annotation.ProxyTransactionManagementConfiguration$$EnhancerBySpringCGLIB$$9308094a] is not eligible for getting processed by all BeanPostProcessors (for example: not eligible for auto-proxying)
2019-10-11 11:19:39,589 INFO org.springframework.boot.web.embedded.tomcat.TomcatWebServer [main] Tomcat initialized with port(s): 9088 (http)
2019-10-11 11:19:39,857 INFO org.springframework.web.context.ContextLoader [main] Root WebApplicationContext: initialization completed in 1438 ms
2019-10-11 11:19:41,843 INFO org.springframework.orm.jpa.LocalContainerEntityManagerFactoryBean [main] Initialized JPA EntityManagerFactory for persistence unit 'default'
2019-10-11 11:19:42,432 INFO org.springframework.security.web.DefaultSecurityFilterChain [main] Creating filter chain: any request, [org.springframework.security.web.context.request.async.WebAsyncManagerIntegrationFilter@602298b, org.springframework.security.web.context.SecurityContextPersistenceFilter@994544, org.springframework.security.web.header.HeaderWriterFilter@6736f40f, org.springframework.security.web.csrf.CsrfFilter@1bb96449, org.springframework.security.web.authentication.logout.LogoutFilter@4e2cdc51, org.springframework.security.web.authentication.UsernamePasswordAuthenticationFilter@5885e231, org.springframework.security.web.authentication.ui.DefaultLoginPageGeneratingFilter@58e03769, org.springframework.security.web.authentication.ui.DefaultLogoutPageGeneratingFilter@1fb6b8fb, org.springframework.security.web.savedrequest.RequestCacheAwareFilter@6f0c45f4, org.springframework.security.web.servletapi.SecurityContextHolderAwareRequestFilter@28831d69, org.springframework.security.web.authentication.AnonymousAuthenticationFilter@149d7cc6, org.springframework.security.web.session.SessionManagementFilter@7548e1fb, org.springframework.security.web.access.ExceptionTranslationFilter@2af9a5ef, org.springframework.security.web.access.intercept.FilterSecurityInterceptor@6e321d9d]
2019-10-11 11:19:42,603 INFO org.springframework.scheduling.concurrent.ThreadPoolTaskExecutor [main] Initializing ExecutorService 'applicationTaskExecutor'
2019-10-11 11:19:42,634 WARN org.springframework.boot.autoconfigure.orm.jpa.JpaBaseConfiguration$JpaWebConfiguration$JpaWebMvcConfiguration [main] spring.jpa.open-in-view is enabled by default. Therefore, database queries may be performed during view rendering. Explicitly configure spring.jpa.open-in-view to disable this warning
2019-10-11 11:19:42,822 INFO org.springframework.boot.web.embedded.tomcat.TomcatWebServer [main] Tomcat started on port(s): 9088 (http) with context path ''
2019-10-11 11:19:45,154 INFO org.springframework.web.servlet.DispatcherServlet [http-nio-9088-exec-1] Initializing Servlet 'dispatcherServlet'
2019-10-11 11:19:45,163 INFO org.springframework.web.servlet.DispatcherServlet [http-nio-9088-exec-1] Completed initialization in 8 ms
2019-10-11 11:20:03,845 INFO org.springframework.boot.admin.SpringApplicationAdminMXBeanRegistrar$SpringApplicationAdmin [RMI TCP Connection(8)-127.0.0.1] Application shutdown requested.
2019-10-11 11:20:03,847 INFO org.springframework.scheduling.concurrent.ThreadPoolTaskExecutor [RMI TCP Connection(8)-127.0.0.1] Shutting down ExecutorService 'applicationTaskExecutor'
2019-10-11 11:20:03,849 INFO org.springframework.orm.jpa.LocalContainerEntityManagerFactoryBean [RMI TCP Connection(8)-127.0.0.1] Closing JPA EntityManagerFactory for persistence unit 'default'
2019-10-11 11:20:12,493 INFO org.springframework.data.repository.config.RepositoryConfigurationDelegate [main] Multiple Spring Data modules found, entering strict repository configuration mode!
2019-10-11 11:20:12,495 INFO org.springframework.data.repository.config.RepositoryConfigurationDelegate [main] Bootstrapping Spring Data repositories in DEFAULT mode.
2019-10-11 11:20:12,570 INFO org.springframework.data.repository.config.RepositoryConfigurationDelegate [main] Finished Spring Data repository scanning in 72ms. Found 5 repository interfaces.
2019-10-11 11:20:12,577 INFO org.springframework.data.repository.config.RepositoryConfigurationDelegate [main] Multiple Spring Data modules found, entering strict repository configuration mode!
2019-10-11 11:20:12,577 INFO org.springframework.data.repository.config.RepositoryConfigurationDelegate [main] Bootstrapping Spring Data repositories in DEFAULT mode.
2019-10-11 11:20:12,599 INFO org.springframework.data.repository.config.RepositoryConfigurationDelegate [main] Finished Spring Data repository scanning in 19ms. Found 5 repository interfaces.
2019-10-11 11:20:12,880 INFO org.springframework.context.support.PostProcessorRegistrationDelegate$BeanPostProcessorChecker [main] Bean 'org.springframework.transaction.annotation.ProxyTransactionManagementConfiguration' of type [org.springframework.transaction.annotation.ProxyTransactionManagementConfiguration$$EnhancerBySpringCGLIB$$ea07eed1] is not eligible for getting processed by all BeanPostProcessors (for example: not eligible for auto-proxying)
2019-10-11 11:20:13,095 INFO org.springframework.boot.web.embedded.tomcat.TomcatWebServer [main] Tomcat initialized with port(s): 9088 (http)
2019-10-11 11:20:13,354 INFO org.springframework.web.context.ContextLoader [main] Root WebApplicationContext: initialization completed in 1412 ms
2019-10-11 11:20:15,263 INFO org.springframework.orm.jpa.LocalContainerEntityManagerFactoryBean [main] Initialized JPA EntityManagerFactory for persistence unit 'default'
2019-10-11 11:20:15,872 INFO org.springframework.security.web.DefaultSecurityFilterChain [main] Creating filter chain: any request, [org.springframework.security.web.context.request.async.WebAsyncManagerIntegrationFilter@13cc31ae, org.springframework.security.web.context.SecurityContextPersistenceFilter@1bb96449, org.springframework.security.web.header.HeaderWriterFilter@5e24592e, org.springframework.security.web.csrf.CsrfFilter@6fc1a8f6, org.springframework.security.web.authentication.logout.LogoutFilter@7548e1fb, org.springframework.security.web.authentication.UsernamePasswordAuthenticationFilter@5e3d2765, org.springframework.security.web.authentication.ui.DefaultLoginPageGeneratingFilter@15ac02d5, org.springframework.security.web.authentication.ui.DefaultLogoutPageGeneratingFilter@5bb7a59, org.springframework.security.web.savedrequest.RequestCacheAwareFilter@d28c214, org.springframework.security.web.servletapi.SecurityContextHolderAwareRequestFilter@7c3c453b, org.springframework.security.web.authentication.AnonymousAuthenticationFilter@4bfa5eb9, org.springframework.security.web.session.SessionManagementFilter@50ff7063, org.springframework.security.web.access.ExceptionTranslationFilter@3ac0a14b, org.springframework.security.web.access.intercept.FilterSecurityInterceptor@176333ee]
2019-10-11 11:20:16,015 INFO org.springframework.scheduling.concurrent.ThreadPoolTaskExecutor [main] Initializing ExecutorService 'applicationTaskExecutor'
2019-10-11 11:20:16,048 WARN org.springframework.boot.autoconfigure.orm.jpa.JpaBaseConfiguration$JpaWebConfiguration$JpaWebMvcConfiguration [main] spring.jpa.open-in-view is enabled by default. Therefore, database queries may be performed during view rendering. Explicitly configure spring.jpa.open-in-view to disable this warning
2019-10-11 11:20:16,258 INFO org.springframework.boot.web.embedded.tomcat.TomcatWebServer [main] Tomcat started on port(s): 9088 (http) with context path ''
2019-10-11 11:20:16,318 INFO org.springframework.web.servlet.DispatcherServlet [http-nio-9088-exec-1] Initializing Servlet 'dispatcherServlet'
2019-10-11 11:20:16,325 INFO org.springframework.web.servlet.DispatcherServlet [http-nio-9088-exec-1] Completed initialization in 7 ms
2019-10-11 11:21:23,962 INFO org.springframework.boot.admin.SpringApplicationAdminMXBeanRegistrar$SpringApplicationAdmin [RMI TCP Connection(8)-127.0.0.1] Application shutdown requested.
2019-10-11 11:21:23,964 INFO org.springframework.scheduling.concurrent.ThreadPoolTaskExecutor [RMI TCP Connection(8)-127.0.0.1] Shutting down ExecutorService 'applicationTaskExecutor'
2019-10-11 11:21:23,966 INFO org.springframework.orm.jpa.LocalContainerEntityManagerFactoryBean [RMI TCP Connection(8)-127.0.0.1] Closing JPA EntityManagerFactory for persistence unit 'default'
