2019-09-17-main-INFO -DBUtil.class:Property File loaded : 
2019-09-17-main-INFO -DBUtil.class:connection Obtained! : com.mysql.jdbc.JDBC4Connection@23ab930d
2019-09-17-main-INFO -DBUtil.class:Connection Obtained.
2019-09-17-main-INFO -DBUtil.class:Property File loaded : 
2019-09-17-main-INFO -DBUtil.class:connection Obtained! : com.mysql.jdbc.JDBC4Connection@23ab930d
2019-09-17-main-INFO -DBUtil.class:Connection Obtained.
2019-09-17-main-INFO -DBUtil.class:Property File loaded : 
2019-09-17-main-INFO -DBUtil.class:connection Obtained! : com.mysql.jdbc.JDBC4Connection@619a5dff
2019-09-17-main-INFO -DBUtil.class:Connection Obtained.
2019-09-17-main-INFO -DBUtil.class:Property File loaded : 
2019-09-17-main-INFO -DBUtil.class:connection Obtained! : com.mysql.jdbc.JDBC4Connection@7ab2bfe1
2019-09-17-main-INFO -DBUtil.class:Connection Obtained.
2019-09-17-main-INFO -DBUtil.class:Property File loaded : 
2019-09-17-main-INFO -DBUtil.class:connection Obtained! : com.mysql.jdbc.JDBC4Connection@b1a58a3
2019-09-17-main-INFO -DBUtil.class:Connection Obtained.
2019-09-17-main-INFO -DBUtil.class:Property File loaded : 
2019-09-17-main-INFO -DBUtil.class:connection Obtained! : com.mysql.jdbc.JDBC4Connection@1cf4f579
2019-09-17-main-INFO -DBUtil.class:Connection Obtained.
2019-09-17-main-INFO -DBUtil.class:Property File loaded : 
2019-09-17-main-INFO -DBUtil.class:connection Obtained! : com.mysql.jdbc.JDBC4Connection@23ab930d
2019-09-17-main-INFO -DBUtil.class:Connection Obtained.
2019-09-17-main-INFO -DBUtil.class:Property File loaded : 
2019-09-17-main-INFO -DBUtil.class:connection Obtained! : com.mysql.jdbc.JDBC4Connection@619a5dff
2019-09-17-main-INFO -DBUtil.class:Connection Obtained.
2019-09-17-main-INFO -DBUtil.class:Property File loaded : 
2019-09-17-main-INFO -DBUtil.class:connection Obtained! : com.mysql.jdbc.JDBC4Connection@7ab2bfe1
2019-09-17-main-INFO -DBUtil.class:Connection Obtained.
2019-09-17-main-INFO -DBUtil.class:Property File loaded : 
2019-09-17-main-INFO -DBUtil.class:connection Obtained! : com.mysql.jdbc.JDBC4Connection@b1a58a3
2019-09-17-main-INFO -DBUtil.class:Connection Obtained.
2019-09-17-main-INFO -DBUtil.class:Property File loaded : 
2019-09-17-main-INFO -DBUtil.class:connection Obtained! : com.mysql.jdbc.JDBC4Connection@1cf4f579
2019-09-17-main-INFO -DBUtil.class:Connection Obtained.
2019-09-17-main-INFO -DBUtil.class:Property File loaded : 
2019-09-17-main-INFO -DBUtil.class:connection Obtained! : com.mysql.jdbc.JDBC4Connection@23ab930d
2019-09-17-main-INFO -DBUtil.class:Connection Obtained.
2019-09-17-main-INFO -DBUtil.class:Property File loaded : 
2019-09-17-main-INFO -DBUtil.class:connection Obtained! : com.mysql.jdbc.JDBC4Connection@619a5dff
2019-09-17-main-INFO -DBUtil.class:Connection Obtained.
2019-09-17-main-INFO -DBUtil.class:Property File loaded : 
2019-09-17-main-INFO -DBUtil.class:connection Obtained! : com.mysql.jdbc.JDBC4Connection@7ab2bfe1
2019-09-17-main-INFO -DBUtil.class:Connection Obtained.
2019-09-17-main-INFO -DBUtil.class:Property File loaded : 
2019-09-17-main-INFO -DBUtil.class:connection Obtained! : com.mysql.jdbc.JDBC4Connection@b1a58a3
2019-09-17-main-INFO -DBUtil.class:Connection Obtained.
2019-09-17-main-INFO -DBUtil.class:Property File loaded : 
2019-09-17-main-INFO -DBUtil.class:connection Obtained! : com.mysql.jdbc.JDBC4Connection@1cf4f579
2019-09-17-main-INFO -DBUtil.class:Connection Obtained.
2019-09-17-main-ERROR-DBUtil.class:Auto generated Id 100010
2019-09-17-main-INFO -DBUtil.class:Property File loaded : 
2019-09-17-main-INFO -DBUtil.class:connection Obtained! : com.mysql.jdbc.JDBC4Connection@23ab930d
2019-09-17-main-INFO -DBUtil.class:Connection Obtained.
2019-09-17-main-INFO -DBUtil.class:Property File loaded : 
2019-09-17-main-INFO -DBUtil.class:connection Obtained! : com.mysql.jdbc.JDBC4Connection@619a5dff
2019-09-17-main-INFO -DBUtil.class:Connection Obtained.
2019-09-17-main-INFO -DBUtil.class:Property File loaded : 
2019-09-17-main-INFO -DBUtil.class:connection Obtained! : com.mysql.jdbc.JDBC4Connection@7ab2bfe1
2019-09-17-main-INFO -DBUtil.class:Connection Obtained.
2019-09-17-main-INFO -DBUtil.class:Property File loaded : 
2019-09-17-main-INFO -DBUtil.class:connection Obtained! : com.mysql.jdbc.JDBC4Connection@b1a58a3
2019-09-17-main-INFO -DBUtil.class:Connection Obtained.
2019-09-17-main-INFO -DBUtil.class:Property File loaded : 
2019-09-17-main-INFO -DBUtil.class:connection Obtained! : com.mysql.jdbc.JDBC4Connection@1cf4f579
2019-09-17-main-INFO -DBUtil.class:Connection Obtained.
2019-09-17-main-INFO -DBUtil.class:Property File loaded : 
2019-09-17-main-INFO -DBUtil.class:connection Obtained! : com.mysql.jdbc.JDBC4Connection@23ab930d
2019-09-17-main-INFO -DBUtil.class:Connection Obtained.
2019-09-17-main-INFO -DBUtil.class:Property File loaded : 
2019-09-17-main-INFO -DBUtil.class:connection Obtained! : com.mysql.jdbc.JDBC4Connection@619a5dff
2019-09-17-main-INFO -DBUtil.class:Connection Obtained.
2019-09-17-main-INFO -DBUtil.class:Property File loaded : 
2019-09-17-main-INFO -DBUtil.class:connection Obtained! : com.mysql.jdbc.JDBC4Connection@7ab2bfe1
2019-09-17-main-INFO -DBUtil.class:Connection Obtained.
2019-09-17-main-INFO -DBUtil.class:Property File loaded : 
2019-09-17-main-INFO -DBUtil.class:connection Obtained! : com.mysql.jdbc.JDBC4Connection@b1a58a3
2019-09-17-main-INFO -DBUtil.class:Connection Obtained.
2019-09-17-main-INFO -DBUtil.class:Property File loaded : 
2019-09-17-main-INFO -DBUtil.class:connection Obtained! : com.mysql.jdbc.JDBC4Connection@1cf4f579
2019-09-17-main-INFO -DBUtil.class:Connection Obtained.
2019-09-17-main-INFO -DBUtil.class:Property File loaded : 
2019-09-17-main-INFO -DBUtil.class:connection Obtained! : com.mysql.jdbc.JDBC4Connection@1b68ddbd
2019-09-17-main-INFO -DBUtil.class:Connection Obtained.
2019-09-17-main-INFO -DBUtil.class:Property File loaded : 
2019-09-17-main-INFO -DBUtil.class:connection Obtained! : com.mysql.jdbc.JDBC4Connection@536aaa8d
2019-09-17-main-INFO -DBUtil.class:Connection Obtained.
2019-09-17-main-INFO -DBUtil.class:Property File loaded : 
2019-09-17-main-INFO -DBUtil.class:connection Obtained! : com.mysql.jdbc.JDBC4Connection@76f2b07d
2019-09-17-main-INFO -DBUtil.class:Connection Obtained.
2019-09-17-main-INFO -DBUtil.class:Property File loaded : 
2019-09-17-main-INFO -DBUtil.class:connection Obtained! : com.mysql.jdbc.JDBC4Connection@4493d195
2019-09-17-main-INFO -DBUtil.class:Connection Obtained.
2019-09-17-main-INFO -DBUtil.class:Property File loaded : 
2019-09-17-main-INFO -DBUtil.class:connection Obtained! : com.mysql.jdbc.JDBC4Connection@1877ab81
2019-09-17-main-INFO -DBUtil.class:Connection Obtained.
2019-09-17-main-ERROR-DBUtil.class:Auto generated Id 100011
2019-09-17-main-ERROR-DBUtil.class:Auto generated Id 12360
2019-09-17-main-ERROR-DBUtil.class:Auto Generated Booking Id: 1000000004
2019-09-17-main-INFO -DBUtil.class:Property File loaded : 
2019-09-17-main-INFO -DBUtil.class:connection Obtained! : com.mysql.jdbc.JDBC4Connection@1b68ddbd
2019-09-17-main-INFO -DBUtil.class:Connection Obtained.
2019-09-17-main-INFO -DBUtil.class:Property File loaded : 
2019-09-17-main-INFO -DBUtil.class:connection Obtained! : com.mysql.jdbc.JDBC4Connection@536aaa8d
2019-09-17-main-INFO -DBUtil.class:Connection Obtained.
2019-09-17-main-INFO -DBUtil.class:Property File loaded : 
2019-09-17-main-INFO -DBUtil.class:connection Obtained! : com.mysql.jdbc.JDBC4Connection@76f2b07d
2019-09-17-main-INFO -DBUtil.class:Connection Obtained.
2019-09-17-main-INFO -DBUtil.class:Property File loaded : 
2019-09-17-main-INFO -DBUtil.class:connection Obtained! : com.mysql.jdbc.JDBC4Connection@4493d195
2019-09-17-main-INFO -DBUtil.class:Connection Obtained.
2019-09-17-main-INFO -DBUtil.class:Property File loaded : 
2019-09-17-main-INFO -DBUtil.class:connection Obtained! : com.mysql.jdbc.JDBC4Connection@1877ab81
2019-09-17-main-INFO -DBUtil.class:Connection Obtained.
2019-09-17-main-ERROR-DBUtil.class:Auto generated Id 100012
2019-09-17-main-ERROR-DBUtil.class:Auto generated Id 12361
2019-09-17-main-ERROR-DBUtil.class:Auto Generated Booking Id: 1000000005
2019-09-17-main-INFO -DBUtil.class:Property File loaded : 
2019-09-17-main-INFO -DBUtil.class:connection Obtained! : com.mysql.jdbc.JDBC4Connection@1b68ddbd
2019-09-17-main-INFO -DBUtil.class:Connection Obtained.
2019-09-17-main-INFO -DBUtil.class:Property File loaded : 
2019-09-17-main-INFO -DBUtil.class:connection Obtained! : com.mysql.jdbc.JDBC4Connection@536aaa8d
2019-09-17-main-INFO -DBUtil.class:Connection Obtained.
2019-09-17-main-INFO -DBUtil.class:Property File loaded : 
2019-09-17-main-INFO -DBUtil.class:connection Obtained! : com.mysql.jdbc.JDBC4Connection@76f2b07d
2019-09-17-main-INFO -DBUtil.class:Connection Obtained.
2019-09-17-main-INFO -DBUtil.class:Property File loaded : 
2019-09-17-main-INFO -DBUtil.class:connection Obtained! : com.mysql.jdbc.JDBC4Connection@4493d195
2019-09-17-main-INFO -DBUtil.class:Connection Obtained.
2019-09-17-main-INFO -DBUtil.class:Property File loaded : 
2019-09-17-main-INFO -DBUtil.class:connection Obtained! : com.mysql.jdbc.JDBC4Connection@1877ab81
2019-09-17-main-INFO -DBUtil.class:Connection Obtained.
2019-09-17-main-ERROR-DBUtil.class:Auto generated Id 100013
2019-09-17-main-ERROR-DBUtil.class:Auto generated Id 12362
2019-09-17-main-ERROR-DBUtil.class:Auto Generated Booking Id: 1000000006
2019-09-17-main-INFO -DBUtil.class:Property File loaded : 
2019-09-17-main-INFO -DBUtil.class:connection Obtained! : com.mysql.jdbc.JDBC4Connection@1b68ddbd
2019-09-17-main-INFO -DBUtil.class:Connection Obtained.
2019-09-17-main-INFO -DBUtil.class:Property File loaded : 
2019-09-17-main-INFO -DBUtil.class:connection Obtained! : com.mysql.jdbc.JDBC4Connection@536aaa8d
2019-09-17-main-INFO -DBUtil.class:Connection Obtained.
2019-09-17-main-INFO -DBUtil.class:Property File loaded : 
2019-09-17-main-INFO -DBUtil.class:connection Obtained! : com.mysql.jdbc.JDBC4Connection@76f2b07d
2019-09-17-main-INFO -DBUtil.class:Connection Obtained.
2019-09-17-main-INFO -DBUtil.class:Property File loaded : 
2019-09-17-main-INFO -DBUtil.class:connection Obtained! : com.mysql.jdbc.JDBC4Connection@4493d195
2019-09-17-main-INFO -DBUtil.class:Connection Obtained.
2019-09-17-main-INFO -DBUtil.class:Property File loaded : 
2019-09-17-main-INFO -DBUtil.class:connection Obtained! : com.mysql.jdbc.JDBC4Connection@1877ab81
2019-09-17-main-INFO -DBUtil.class:Connection Obtained.
2019-09-17-main-ERROR-DBUtil.class:Auto generated Id 100014
2019-09-17-main-ERROR-DBUtil.class:Auto generated Id 12363
2019-09-17-main-ERROR-DBUtil.class:Auto Generated Booking Id: 1000000007
2019-09-17-main-INFO -DBUtil.class:Property File loaded : 
2019-09-17-main-INFO -DBUtil.class:connection Obtained! : com.mysql.jdbc.JDBC4Connection@1b68ddbd
2019-09-17-main-INFO -DBUtil.class:Connection Obtained.
2019-09-17-main-INFO -DBUtil.class:Property File loaded : 
2019-09-17-main-INFO -DBUtil.class:connection Obtained! : com.mysql.jdbc.JDBC4Connection@536aaa8d
2019-09-17-main-INFO -DBUtil.class:Connection Obtained.
2019-09-17-main-INFO -DBUtil.class:Property File loaded : 
2019-09-17-main-INFO -DBUtil.class:connection Obtained! : com.mysql.jdbc.JDBC4Connection@76f2b07d
2019-09-17-main-INFO -DBUtil.class:Connection Obtained.
2019-09-17-main-INFO -DBUtil.class:Property File loaded : 
2019-09-17-main-INFO -DBUtil.class:connection Obtained! : com.mysql.jdbc.JDBC4Connection@4493d195
2019-09-17-main-INFO -DBUtil.class:Connection Obtained.
2019-09-17-main-INFO -DBUtil.class:Property File loaded : 
2019-09-17-main-INFO -DBUtil.class:connection Obtained! : com.mysql.jdbc.JDBC4Connection@1877ab81
2019-09-17-main-INFO -DBUtil.class:Connection Obtained.
2019-09-17-main-ERROR-DBUtil.class:Auto generated Id 100015
2019-09-17-main-ERROR-DBUtil.class:Auto generated Id 12364
2019-09-17-main-ERROR-DBUtil.class:Auto Generated Booking Id: 1000000008
2019-09-17-main-INFO -DBUtil.class:Property File loaded : 
2019-09-17-main-INFO -DBUtil.class:connection Obtained! : com.mysql.jdbc.JDBC4Connection@1b68ddbd
2019-09-17-main-INFO -DBUtil.class:Connection Obtained.
2019-09-17-main-INFO -DBUtil.class:Property File loaded : 
2019-09-17-main-INFO -DBUtil.class:connection Obtained! : com.mysql.jdbc.JDBC4Connection@536aaa8d
2019-09-17-main-INFO -DBUtil.class:Connection Obtained.
2019-09-17-main-INFO -DBUtil.class:Property File loaded : 
2019-09-17-main-INFO -DBUtil.class:connection Obtained! : com.mysql.jdbc.JDBC4Connection@76f2b07d
2019-09-17-main-INFO -DBUtil.class:Connection Obtained.
2019-09-17-main-INFO -DBUtil.class:Property File loaded : 
2019-09-17-main-INFO -DBUtil.class:connection Obtained! : com.mysql.jdbc.JDBC4Connection@4493d195
2019-09-17-main-INFO -DBUtil.class:Connection Obtained.
2019-09-17-main-INFO -DBUtil.class:Property File loaded : 
2019-09-17-main-INFO -DBUtil.class:connection Obtained! : com.mysql.jdbc.JDBC4Connection@1877ab81
2019-09-17-main-INFO -DBUtil.class:Connection Obtained.
2019-09-17-main-ERROR-DBUtil.class:Auto generated Id 100016
2019-09-17-main-ERROR-DBUtil.class:Auto generated Id 12365
2019-09-17-main-ERROR-DBUtil.class:Auto Generated Booking Id: 1000000009
2019-09-17-main-INFO -DBUtil.class:Property File loaded : 
2019-09-17-main-INFO -DBUtil.class:connection Obtained! : com.mysql.jdbc.JDBC4Connection@1b68ddbd
2019-09-17-main-INFO -DBUtil.class:Connection Obtained.
2019-09-17-main-INFO -DBUtil.class:Property File loaded : 
2019-09-17-main-INFO -DBUtil.class:connection Obtained! : com.mysql.jdbc.JDBC4Connection@536aaa8d
2019-09-17-main-INFO -DBUtil.class:Connection Obtained.
2019-09-17-main-INFO -DBUtil.class:Property File loaded : 
2019-09-17-main-INFO -DBUtil.class:connection Obtained! : com.mysql.jdbc.JDBC4Connection@76f2b07d
2019-09-17-main-INFO -DBUtil.class:Connection Obtained.
2019-09-17-main-INFO -DBUtil.class:Property File loaded : 
2019-09-17-main-INFO -DBUtil.class:connection Obtained! : com.mysql.jdbc.JDBC4Connection@4493d195
2019-09-17-main-INFO -DBUtil.class:Connection Obtained.
2019-09-17-main-INFO -DBUtil.class:Property File loaded : 
2019-09-17-main-INFO -DBUtil.class:connection Obtained! : com.mysql.jdbc.JDBC4Connection@1877ab81
2019-09-17-main-INFO -DBUtil.class:Connection Obtained.
2019-09-17-main-ERROR-DBUtil.class:Auto generated Id 100017
2019-09-17-main-ERROR-DBUtil.class:Auto generated Id 12366
2019-09-17-main-ERROR-DBUtil.class:Auto Generated Booking Id: 1000000010
2019-09-17-main-INFO -DBUtil.class:Property File loaded : 
2019-09-17-main-INFO -DBUtil.class:connection Obtained! : com.mysql.jdbc.JDBC4Connection@1b68ddbd
2019-09-17-main-INFO -DBUtil.class:Connection Obtained.
2019-09-17-main-INFO -DBUtil.class:Property File loaded : 
2019-09-17-main-INFO -DBUtil.class:connection Obtained! : com.mysql.jdbc.JDBC4Connection@536aaa8d
2019-09-17-main-INFO -DBUtil.class:Connection Obtained.
2019-09-17-main-INFO -DBUtil.class:Property File loaded : 
2019-09-17-main-INFO -DBUtil.class:connection Obtained! : com.mysql.jdbc.JDBC4Connection@76f2b07d
2019-09-17-main-INFO -DBUtil.class:Connection Obtained.
2019-09-17-main-INFO -DBUtil.class:Property File loaded : 
2019-09-17-main-INFO -DBUtil.class:connection Obtained! : com.mysql.jdbc.JDBC4Connection@4493d195
2019-09-17-main-INFO -DBUtil.class:Connection Obtained.
2019-09-17-main-INFO -DBUtil.class:Property File loaded : 
2019-09-17-main-INFO -DBUtil.class:connection Obtained! : com.mysql.jdbc.JDBC4Connection@1877ab81
2019-09-17-main-INFO -DBUtil.class:Connection Obtained.
2019-09-17-main-ERROR-DBUtil.class:Auto generated Id 100018
2019-09-17-main-ERROR-DBUtil.class:Auto generated Id 12367
2019-09-17-main-ERROR-DBUtil.class:Auto Generated Booking Id: 1000000011
2019-09-17-main-INFO -DBUtil.class:Property File loaded : 
2019-09-17-main-INFO -DBUtil.class:connection Obtained! : com.mysql.jdbc.JDBC4Connection@1b68ddbd
2019-09-17-main-INFO -DBUtil.class:Connection Obtained.
2019-09-17-main-INFO -DBUtil.class:Property File loaded : 
2019-09-17-main-INFO -DBUtil.class:connection Obtained! : com.mysql.jdbc.JDBC4Connection@536aaa8d
2019-09-17-main-INFO -DBUtil.class:Connection Obtained.
2019-09-17-main-INFO -DBUtil.class:Property File loaded : 
2019-09-17-main-INFO -DBUtil.class:connection Obtained! : com.mysql.jdbc.JDBC4Connection@76f2b07d
2019-09-17-main-INFO -DBUtil.class:Connection Obtained.
2019-09-17-main-INFO -DBUtil.class:Property File loaded : 
2019-09-17-main-INFO -DBUtil.class:connection Obtained! : com.mysql.jdbc.JDBC4Connection@4493d195
2019-09-17-main-INFO -DBUtil.class:Connection Obtained.
2019-09-17-main-INFO -DBUtil.class:Property File loaded : 
2019-09-17-main-INFO -DBUtil.class:connection Obtained! : com.mysql.jdbc.JDBC4Connection@1877ab81
2019-09-17-main-INFO -DBUtil.class:Connection Obtained.
2019-09-17-main-ERROR-DBUtil.class:Auto generated Id 100019
2019-09-17-main-ERROR-DBUtil.class:Auto generated Id 12368
2019-09-17-main-ERROR-DBUtil.class:Auto Generated Booking Id: 1000000012
2019-09-17-main-INFO -DBUtil.class:Property File loaded : 
2019-09-17-main-INFO -DBUtil.class:connection Obtained! : com.mysql.jdbc.JDBC4Connection@1b68ddbd
2019-09-17-main-INFO -DBUtil.class:Connection Obtained.
2019-09-17-main-INFO -DBUtil.class:Property File loaded : 
2019-09-17-main-INFO -DBUtil.class:connection Obtained! : com.mysql.jdbc.JDBC4Connection@536aaa8d
2019-09-17-main-INFO -DBUtil.class:Connection Obtained.
2019-09-17-main-INFO -DBUtil.class:Property File loaded : 
2019-09-17-main-INFO -DBUtil.class:connection Obtained! : com.mysql.jdbc.JDBC4Connection@76f2b07d
2019-09-17-main-INFO -DBUtil.class:Connection Obtained.
2019-09-17-main-INFO -DBUtil.class:Property File loaded : 
2019-09-17-main-INFO -DBUtil.class:connection Obtained! : com.mysql.jdbc.JDBC4Connection@4493d195
2019-09-17-main-INFO -DBUtil.class:Connection Obtained.
2019-09-17-main-INFO -DBUtil.class:Property File loaded : 
2019-09-17-main-INFO -DBUtil.class:connection Obtained! : com.mysql.jdbc.JDBC4Connection@1877ab81
2019-09-17-main-INFO -DBUtil.class:Connection Obtained.
2019-09-17-main-ERROR-DBUtil.class:Auto generated Id 100020
2019-09-17-main-ERROR-DBUtil.class:Auto generated Id 12369
2019-09-17-main-ERROR-DBUtil.class:Auto Generated Booking Id: 1000000013
2019-09-17-main-INFO -DBUtil.class:Property File loaded : 
2019-09-17-main-INFO -DBUtil.class:connection Obtained! : com.mysql.jdbc.JDBC4Connection@1b68ddbd
2019-09-17-main-INFO -DBUtil.class:Connection Obtained.
2019-09-17-main-INFO -DBUtil.class:Property File loaded : 
2019-09-17-main-INFO -DBUtil.class:connection Obtained! : com.mysql.jdbc.JDBC4Connection@536aaa8d
2019-09-17-main-INFO -DBUtil.class:Connection Obtained.
2019-09-17-main-INFO -DBUtil.class:Property File loaded : 
2019-09-17-main-INFO -DBUtil.class:connection Obtained! : com.mysql.jdbc.JDBC4Connection@76f2b07d
2019-09-17-main-INFO -DBUtil.class:Connection Obtained.
2019-09-17-main-INFO -DBUtil.class:Property File loaded : 
2019-09-17-main-INFO -DBUtil.class:connection Obtained! : com.mysql.jdbc.JDBC4Connection@4493d195
2019-09-17-main-INFO -DBUtil.class:Connection Obtained.
2019-09-17-main-INFO -DBUtil.class:Property File loaded : 
2019-09-17-main-INFO -DBUtil.class:connection Obtained! : com.mysql.jdbc.JDBC4Connection@1877ab81
2019-09-17-main-INFO -DBUtil.class:Connection Obtained.
2019-09-17-main-ERROR-DBUtil.class:Auto generated Id 100021
2019-09-17-main-ERROR-DBUtil.class:Auto generated Id 12370
2019-09-17-main-ERROR-DBUtil.class:Auto Generated Booking Id: 1000000014
2019-09-17-main-INFO -DBUtil.class:Property File loaded : 
2019-09-17-main-INFO -DBUtil.class:connection Obtained! : com.mysql.jdbc.JDBC4Connection@1b68ddbd
2019-09-17-main-INFO -DBUtil.class:Connection Obtained.
2019-09-17-main-INFO -DBUtil.class:Property File loaded : 
2019-09-17-main-INFO -DBUtil.class:connection Obtained! : com.mysql.jdbc.JDBC4Connection@536aaa8d
2019-09-17-main-INFO -DBUtil.class:Connection Obtained.
2019-09-17-main-INFO -DBUtil.class:Property File loaded : 
2019-09-17-main-INFO -DBUtil.class:connection Obtained! : com.mysql.jdbc.JDBC4Connection@76f2b07d
2019-09-17-main-INFO -DBUtil.class:Connection Obtained.
2019-09-17-main-INFO -DBUtil.class:Property File loaded : 
2019-09-17-main-INFO -DBUtil.class:connection Obtained! : com.mysql.jdbc.JDBC4Connection@4493d195
2019-09-17-main-INFO -DBUtil.class:Connection Obtained.
2019-09-17-main-INFO -DBUtil.class:Property File loaded : 
2019-09-17-main-INFO -DBUtil.class:connection Obtained! : com.mysql.jdbc.JDBC4Connection@1877ab81
2019-09-17-main-INFO -DBUtil.class:Connection Obtained.
2019-09-17-main-ERROR-DBUtil.class:Auto generated Id 100022
2019-09-17-main-ERROR-DBUtil.class:Auto generated Id 12371
2019-09-17-main-ERROR-DBUtil.class:Auto Generated Booking Id: 1000000015
2019-09-17-main-INFO -DBUtil.class:Property File loaded : 
2019-09-17-main-INFO -DBUtil.class:connection Obtained! : com.mysql.jdbc.JDBC4Connection@1b68ddbd
2019-09-17-main-INFO -DBUtil.class:Connection Obtained.
2019-09-17-main-INFO -DBUtil.class:Property File loaded : 
2019-09-17-main-INFO -DBUtil.class:connection Obtained! : com.mysql.jdbc.JDBC4Connection@536aaa8d
2019-09-17-main-INFO -DBUtil.class:Connection Obtained.
2019-09-17-main-INFO -DBUtil.class:Property File loaded : 
2019-09-17-main-INFO -DBUtil.class:connection Obtained! : com.mysql.jdbc.JDBC4Connection@76f2b07d
2019-09-17-main-INFO -DBUtil.class:Connection Obtained.
2019-09-17-main-INFO -DBUtil.class:Property File loaded : 
2019-09-17-main-INFO -DBUtil.class:connection Obtained! : com.mysql.jdbc.JDBC4Connection@4493d195
2019-09-17-main-INFO -DBUtil.class:Connection Obtained.
2019-09-17-main-INFO -DBUtil.class:Property File loaded : 
2019-09-17-main-INFO -DBUtil.class:connection Obtained! : com.mysql.jdbc.JDBC4Connection@1877ab81
2019-09-17-main-INFO -DBUtil.class:Connection Obtained.
2019-09-17-main-ERROR-DBUtil.class:Auto generated Id 100023
2019-09-17-main-ERROR-DBUtil.class:Auto generated Id 12372
2019-09-17-main-ERROR-DBUtil.class:Auto Generated Booking Id: 1000000016
2019-09-17-main-INFO -DBUtil.class:Property File loaded : 
2019-09-17-main-INFO -DBUtil.class:connection Obtained! : com.mysql.jdbc.JDBC4Connection@1b68ddbd
2019-09-17-main-INFO -DBUtil.class:Connection Obtained.
2019-09-17-main-INFO -DBUtil.class:Property File loaded : 
2019-09-17-main-INFO -DBUtil.class:connection Obtained! : com.mysql.jdbc.JDBC4Connection@536aaa8d
2019-09-17-main-INFO -DBUtil.class:Connection Obtained.
2019-09-17-main-INFO -DBUtil.class:Property File loaded : 
2019-09-17-main-INFO -DBUtil.class:connection Obtained! : com.mysql.jdbc.JDBC4Connection@76f2b07d
2019-09-17-main-INFO -DBUtil.class:Connection Obtained.
2019-09-17-main-INFO -DBUtil.class:Property File loaded : 
2019-09-17-main-INFO -DBUtil.class:connection Obtained! : com.mysql.jdbc.JDBC4Connection@4493d195
2019-09-17-main-INFO -DBUtil.class:Connection Obtained.
2019-09-17-main-INFO -DBUtil.class:Property File loaded : 
2019-09-17-main-INFO -DBUtil.class:connection Obtained! : com.mysql.jdbc.JDBC4Connection@1877ab81
2019-09-17-main-INFO -DBUtil.class:Connection Obtained.
2019-09-17-main-ERROR-DBUtil.class:Auto generated Id 100024
2019-09-17-main-ERROR-DBUtil.class:Auto generated Id 12373
2019-09-17-main-ERROR-DBUtil.class:Auto Generated Booking Id: 1000000017
2019-09-17-main-INFO -DBUtil.class:Property File loaded : 
2019-09-17-main-INFO -DBUtil.class:connection Obtained! : com.mysql.jdbc.JDBC4Connection@1b68ddbd
2019-09-17-main-INFO -DBUtil.class:Connection Obtained.
2019-09-17-main-INFO -DBUtil.class:Property File loaded : 
2019-09-17-main-INFO -DBUtil.class:connection Obtained! : com.mysql.jdbc.JDBC4Connection@536aaa8d
2019-09-17-main-INFO -DBUtil.class:Connection Obtained.
2019-09-17-main-INFO -DBUtil.class:Property File loaded : 
2019-09-17-main-INFO -DBUtil.class:connection Obtained! : com.mysql.jdbc.JDBC4Connection@76f2b07d
2019-09-17-main-INFO -DBUtil.class:Connection Obtained.
2019-09-17-main-INFO -DBUtil.class:Property File loaded : 
2019-09-17-main-INFO -DBUtil.class:connection Obtained! : com.mysql.jdbc.JDBC4Connection@4493d195
2019-09-17-main-INFO -DBUtil.class:Connection Obtained.
2019-09-17-main-INFO -DBUtil.class:Property File loaded : 
2019-09-17-main-INFO -DBUtil.class:connection Obtained! : com.mysql.jdbc.JDBC4Connection@1877ab81
2019-09-17-main-INFO -DBUtil.class:Connection Obtained.
2019-09-17-main-ERROR-DBUtil.class:Auto generated Id 100025
2019-09-17-main-ERROR-DBUtil.class:Auto generated Id 12374
2019-09-17-main-ERROR-DBUtil.class:Auto Generated Booking Id: 1000000018
2019-09-17-main-INFO -DBUtil.class:Property File loaded : 
2019-09-17-main-INFO -DBUtil.class:connection Obtained! : com.mysql.jdbc.JDBC4Connection@1b68ddbd
2019-09-17-main-INFO -DBUtil.class:Connection Obtained.
2019-09-17-main-INFO -DBUtil.class:Property File loaded : 
2019-09-17-main-INFO -DBUtil.class:connection Obtained! : com.mysql.jdbc.JDBC4Connection@536aaa8d
2019-09-17-main-INFO -DBUtil.class:Connection Obtained.
2019-09-17-main-INFO -DBUtil.class:Property File loaded : 
2019-09-17-main-INFO -DBUtil.class:connection Obtained! : com.mysql.jdbc.JDBC4Connection@76f2b07d
2019-09-17-main-INFO -DBUtil.class:Connection Obtained.
2019-09-17-main-INFO -DBUtil.class:Property File loaded : 
2019-09-17-main-INFO -DBUtil.class:connection Obtained! : com.mysql.jdbc.JDBC4Connection@4493d195
2019-09-17-main-INFO -DBUtil.class:Connection Obtained.
2019-09-17-main-INFO -DBUtil.class:Property File loaded : 
2019-09-17-main-INFO -DBUtil.class:connection Obtained! : com.mysql.jdbc.JDBC4Connection@1877ab81
2019-09-17-main-INFO -DBUtil.class:Connection Obtained.
2019-09-17-main-ERROR-DBUtil.class:Auto generated Id 100026
2019-09-17-main-ERROR-DBUtil.class:Auto generated Id 12375
2019-09-17-main-ERROR-DBUtil.class:Auto Generated Booking Id: 1000000019
2019-09-17-main-INFO -DBUtil.class:Property File loaded : 
2019-09-17-main-INFO -DBUtil.class:connection Obtained! : com.mysql.jdbc.JDBC4Connection@1b68ddbd
2019-09-17-main-INFO -DBUtil.class:Connection Obtained.
2019-09-17-main-INFO -DBUtil.class:Property File loaded : 
2019-09-17-main-INFO -DBUtil.class:connection Obtained! : com.mysql.jdbc.JDBC4Connection@536aaa8d
2019-09-17-main-INFO -DBUtil.class:Connection Obtained.
2019-09-17-main-INFO -DBUtil.class:Property File loaded : 
2019-09-17-main-INFO -DBUtil.class:connection Obtained! : com.mysql.jdbc.JDBC4Connection@76f2b07d
2019-09-17-main-INFO -DBUtil.class:Connection Obtained.
2019-09-17-main-INFO -DBUtil.class:Property File loaded : 
2019-09-17-main-INFO -DBUtil.class:connection Obtained! : com.mysql.jdbc.JDBC4Connection@4493d195
2019-09-17-main-INFO -DBUtil.class:Connection Obtained.
2019-09-17-main-INFO -DBUtil.class:Property File loaded : 
2019-09-17-main-INFO -DBUtil.class:connection Obtained! : com.mysql.jdbc.JDBC4Connection@1877ab81
2019-09-17-main-INFO -DBUtil.class:Connection Obtained.
2019-09-17-main-ERROR-DBUtil.class:Auto generated Id 100027
2019-09-17-main-ERROR-DBUtil.class:Auto generated Id 12376
2019-09-17-main-ERROR-DBUtil.class:Auto Generated Booking Id: 1000000020
2019-09-17-main-INFO -DBUtil.class:Property File loaded : 
2019-09-17-main-INFO -DBUtil.class:connection Obtained! : com.mysql.jdbc.JDBC4Connection@1b68ddbd
2019-09-17-main-INFO -DBUtil.class:Connection Obtained.
2019-09-17-main-INFO -DBUtil.class:Property File loaded : 
2019-09-17-main-INFO -DBUtil.class:connection Obtained! : com.mysql.jdbc.JDBC4Connection@536aaa8d
2019-09-17-main-INFO -DBUtil.class:Connection Obtained.
2019-09-17-main-INFO -DBUtil.class:Property File loaded : 
2019-09-17-main-INFO -DBUtil.class:connection Obtained! : com.mysql.jdbc.JDBC4Connection@76f2b07d
2019-09-17-main-INFO -DBUtil.class:Connection Obtained.
2019-09-17-main-INFO -DBUtil.class:Property File loaded : 
2019-09-17-main-INFO -DBUtil.class:connection Obtained! : com.mysql.jdbc.JDBC4Connection@4493d195
2019-09-17-main-INFO -DBUtil.class:Connection Obtained.
2019-09-17-main-INFO -DBUtil.class:Property File loaded : 
2019-09-17-main-INFO -DBUtil.class:connection Obtained! : com.mysql.jdbc.JDBC4Connection@1877ab81
2019-09-17-main-INFO -DBUtil.class:Connection Obtained.
2019-09-17-main-ERROR-DBUtil.class:Auto generated Id 100028
2019-09-17-main-ERROR-DBUtil.class:Auto generated Id 12377
2019-09-17-main-ERROR-DBUtil.class:Auto Generated Booking Id: 1000000021
2019-09-17-main-INFO -DBUtil.class:Property File loaded : 
2019-09-17-main-INFO -DBUtil.class:connection Obtained! : com.mysql.jdbc.JDBC4Connection@1b68ddbd
2019-09-17-main-INFO -DBUtil.class:Connection Obtained.
2019-09-17-main-INFO -DBUtil.class:Property File loaded : 
2019-09-17-main-INFO -DBUtil.class:connection Obtained! : com.mysql.jdbc.JDBC4Connection@536aaa8d
2019-09-17-main-INFO -DBUtil.class:Connection Obtained.
2019-09-17-main-INFO -DBUtil.class:Property File loaded : 
2019-09-17-main-INFO -DBUtil.class:connection Obtained! : com.mysql.jdbc.JDBC4Connection@76f2b07d
2019-09-17-main-INFO -DBUtil.class:Connection Obtained.
2019-09-17-main-INFO -DBUtil.class:Property File loaded : 
2019-09-17-main-INFO -DBUtil.class:connection Obtained! : com.mysql.jdbc.JDBC4Connection@4493d195
2019-09-17-main-INFO -DBUtil.class:Connection Obtained.
2019-09-17-main-INFO -DBUtil.class:Property File loaded : 
2019-09-17-main-INFO -DBUtil.class:connection Obtained! : com.mysql.jdbc.JDBC4Connection@1877ab81
2019-09-17-main-INFO -DBUtil.class:Connection Obtained.
2019-09-17-main-ERROR-DBUtil.class:Auto generated Id 100029
2019-09-17-main-ERROR-DBUtil.class:Auto generated Id 12378
2019-09-17-main-ERROR-DBUtil.class:Auto Generated Booking Id: 1000000022
2019-09-17-main-INFO -DBUtil.class:Property File loaded : 
2019-09-17-main-INFO -DBUtil.class:connection Obtained! : com.mysql.jdbc.JDBC4Connection@23ab930d
2019-09-17-main-INFO -DBUtil.class:Connection Obtained.
2019-09-17-main-INFO -DBUtil.class:Property File loaded : 
2019-09-17-main-INFO -DBUtil.class:connection Obtained! : com.mysql.jdbc.JDBC4Connection@619a5dff
2019-09-17-main-INFO -DBUtil.class:Connection Obtained.
2019-09-17-main-INFO -DBUtil.class:Property File loaded : 
2019-09-17-main-INFO -DBUtil.class:connection Obtained! : com.mysql.jdbc.JDBC4Connection@7ab2bfe1
2019-09-17-main-INFO -DBUtil.class:Connection Obtained.
2019-09-17-main-INFO -DBUtil.class:Property File loaded : 
2019-09-17-main-INFO -DBUtil.class:connection Obtained! : com.mysql.jdbc.JDBC4Connection@b1a58a3
2019-09-17-main-INFO -DBUtil.class:Connection Obtained.
2019-09-17-main-INFO -DBUtil.class:Property File loaded : 
2019-09-17-main-INFO -DBUtil.class:connection Obtained! : com.mysql.jdbc.JDBC4Connection@1cf4f579
2019-09-17-main-INFO -DBUtil.class:Connection Obtained.
2019-09-17-main-ERROR-DBUtil.class:Auto generated Id 100030
2019-09-17-main-INFO -DBUtil.class:Property File loaded : 
2019-09-17-main-INFO -DBUtil.class:connection Obtained! : com.mysql.jdbc.JDBC4Connection@23ab930d
2019-09-17-main-INFO -DBUtil.class:Connection Obtained.
2019-09-17-main-INFO -DBUtil.class:Property File loaded : 
2019-09-17-main-INFO -DBUtil.class:connection Obtained! : com.mysql.jdbc.JDBC4Connection@619a5dff
2019-09-17-main-INFO -DBUtil.class:Connection Obtained.
2019-09-17-main-INFO -DBUtil.class:Property File loaded : 
2019-09-17-main-INFO -DBUtil.class:connection Obtained! : com.mysql.jdbc.JDBC4Connection@7ab2bfe1
2019-09-17-main-INFO -DBUtil.class:Connection Obtained.
2019-09-17-main-INFO -DBUtil.class:Property File loaded : 
2019-09-17-main-INFO -DBUtil.class:connection Obtained! : com.mysql.jdbc.JDBC4Connection@b1a58a3
2019-09-17-main-INFO -DBUtil.class:Connection Obtained.
2019-09-17-main-INFO -DBUtil.class:Property File loaded : 
2019-09-17-main-INFO -DBUtil.class:connection Obtained! : com.mysql.jdbc.JDBC4Connection@1cf4f579
2019-09-17-main-INFO -DBUtil.class:Connection Obtained.
2019-09-17-main-INFO -DBUtil.class:Property File loaded : 
2019-09-17-main-INFO -DBUtil.class:connection Obtained! : com.mysql.jdbc.JDBC4Connection@23ab930d
2019-09-17-main-INFO -DBUtil.class:Connection Obtained.
2019-09-17-main-INFO -DBUtil.class:Property File loaded : 
2019-09-17-main-INFO -DBUtil.class:connection Obtained! : com.mysql.jdbc.JDBC4Connection@619a5dff
2019-09-17-main-INFO -DBUtil.class:Connection Obtained.
2019-09-17-main-INFO -DBUtil.class:Property File loaded : 
2019-09-17-main-INFO -DBUtil.class:connection Obtained! : com.mysql.jdbc.JDBC4Connection@7ab2bfe1
2019-09-17-main-INFO -DBUtil.class:Connection Obtained.
2019-09-17-main-INFO -DBUtil.class:Property File loaded : 
2019-09-17-main-INFO -DBUtil.class:connection Obtained! : com.mysql.jdbc.JDBC4Connection@b1a58a3
2019-09-17-main-INFO -DBUtil.class:Connection Obtained.
2019-09-17-main-INFO -DBUtil.class:Property File loaded : 
2019-09-17-main-INFO -DBUtil.class:connection Obtained! : com.mysql.jdbc.JDBC4Connection@1cf4f579
2019-09-17-main-INFO -DBUtil.class:Connection Obtained.
2019-09-17-main-INFO -DBUtil.class:Property File loaded : 
2019-09-17-main-INFO -DBUtil.class:connection Obtained! : com.mysql.jdbc.JDBC4Connection@23ab930d
2019-09-17-main-INFO -DBUtil.class:Connection Obtained.
2019-09-17-main-INFO -DBUtil.class:Property File loaded : 
2019-09-17-main-INFO -DBUtil.class:connection Obtained! : com.mysql.jdbc.JDBC4Connection@619a5dff
2019-09-17-main-INFO -DBUtil.class:Connection Obtained.
2019-09-17-main-INFO -DBUtil.class:Property File loaded : 
2019-09-17-main-INFO -DBUtil.class:connection Obtained! : com.mysql.jdbc.JDBC4Connection@7ab2bfe1
2019-09-17-main-INFO -DBUtil.class:Connection Obtained.
2019-09-17-main-INFO -DBUtil.class:Property File loaded : 
2019-09-17-main-INFO -DBUtil.class:connection Obtained! : com.mysql.jdbc.JDBC4Connection@b1a58a3
2019-09-17-main-INFO -DBUtil.class:Connection Obtained.
2019-09-17-main-INFO -DBUtil.class:Property File loaded : 
2019-09-17-main-INFO -DBUtil.class:connection Obtained! : com.mysql.jdbc.JDBC4Connection@1cf4f579
2019-09-17-main-INFO -DBUtil.class:Connection Obtained.
2019-09-17-main-ERROR-DBUtil.class:Auto generated Id 100031
2019-09-17-main-INFO -DBUtil.class:Property File loaded : 
2019-09-17-main-INFO -DBUtil.class:connection Obtained! : com.mysql.jdbc.JDBC4Connection@23ab930d
2019-09-17-main-INFO -DBUtil.class:Connection Obtained.
2019-09-17-main-INFO -DBUtil.class:Property File loaded : 
2019-09-17-main-INFO -DBUtil.class:connection Obtained! : com.mysql.jdbc.JDBC4Connection@619a5dff
2019-09-17-main-INFO -DBUtil.class:Connection Obtained.
2019-09-17-main-INFO -DBUtil.class:Property File loaded : 
2019-09-17-main-INFO -DBUtil.class:connection Obtained! : com.mysql.jdbc.JDBC4Connection@7ab2bfe1
2019-09-17-main-INFO -DBUtil.class:Connection Obtained.
2019-09-17-main-INFO -DBUtil.class:Property File loaded : 
2019-09-17-main-INFO -DBUtil.class:connection Obtained! : com.mysql.jdbc.JDBC4Connection@b1a58a3
2019-09-17-main-INFO -DBUtil.class:Connection Obtained.
2019-09-17-main-INFO -DBUtil.class:Property File loaded : 
2019-09-17-main-INFO -DBUtil.class:connection Obtained! : com.mysql.jdbc.JDBC4Connection@1cf4f579
2019-09-17-main-INFO -DBUtil.class:Connection Obtained.
2019-09-17-main-INFO -DBUtil.class:Property File loaded : 
2019-09-17-main-INFO -DBUtil.class:connection Obtained! : com.mysql.jdbc.JDBC4Connection@23ab930d
2019-09-17-main-INFO -DBUtil.class:Connection Obtained.
2019-09-17-main-INFO -DBUtil.class:Property File loaded : 
2019-09-17-main-INFO -DBUtil.class:connection Obtained! : com.mysql.jdbc.JDBC4Connection@619a5dff
2019-09-17-main-INFO -DBUtil.class:Connection Obtained.
2019-09-17-main-INFO -DBUtil.class:Property File loaded : 
2019-09-17-main-INFO -DBUtil.class:connection Obtained! : com.mysql.jdbc.JDBC4Connection@7ab2bfe1
2019-09-17-main-INFO -DBUtil.class:Connection Obtained.
2019-09-17-main-INFO -DBUtil.class:Property File loaded : 
2019-09-17-main-INFO -DBUtil.class:connection Obtained! : com.mysql.jdbc.JDBC4Connection@b1a58a3
2019-09-17-main-INFO -DBUtil.class:Connection Obtained.
2019-09-17-main-INFO -DBUtil.class:Property File loaded : 
2019-09-17-main-INFO -DBUtil.class:connection Obtained! : com.mysql.jdbc.JDBC4Connection@1cf4f579
2019-09-17-main-INFO -DBUtil.class:Connection Obtained.
2019-09-17-main-INFO -DBUtil.class:Property File loaded : 
2019-09-17-main-INFO -DBUtil.class:connection Obtained! : com.mysql.jdbc.JDBC4Connection@23ab930d
2019-09-17-main-INFO -DBUtil.class:Connection Obtained.
2019-09-17-main-INFO -DBUtil.class:Property File loaded : 
2019-09-17-main-INFO -DBUtil.class:connection Obtained! : com.mysql.jdbc.JDBC4Connection@619a5dff
2019-09-17-main-INFO -DBUtil.class:Connection Obtained.
2019-09-17-main-INFO -DBUtil.class:Property File loaded : 
2019-09-17-main-INFO -DBUtil.class:connection Obtained! : com.mysql.jdbc.JDBC4Connection@7ab2bfe1
2019-09-17-main-INFO -DBUtil.class:Connection Obtained.
2019-09-17-main-INFO -DBUtil.class:Property File loaded : 
2019-09-17-main-INFO -DBUtil.class:connection Obtained! : com.mysql.jdbc.JDBC4Connection@b1a58a3
2019-09-17-main-INFO -DBUtil.class:Connection Obtained.
2019-09-17-main-INFO -DBUtil.class:Property File loaded : 
2019-09-17-main-INFO -DBUtil.class:connection Obtained! : com.mysql.jdbc.JDBC4Connection@1cf4f579
2019-09-17-main-INFO -DBUtil.class:Connection Obtained.
2019-09-17-main-INFO -DBUtil.class:Property File loaded : 
2019-09-17-main-INFO -DBUtil.class:connection Obtained! : com.mysql.jdbc.JDBC4Connection@23ab930d
2019-09-17-main-INFO -DBUtil.class:Connection Obtained.
2019-09-17-main-INFO -DBUtil.class:Property File loaded : 
2019-09-17-main-INFO -DBUtil.class:connection Obtained! : com.mysql.jdbc.JDBC4Connection@619a5dff
2019-09-17-main-INFO -DBUtil.class:Connection Obtained.
2019-09-17-main-INFO -DBUtil.class:Property File loaded : 
2019-09-17-main-INFO -DBUtil.class:connection Obtained! : com.mysql.jdbc.JDBC4Connection@7ab2bfe1
2019-09-17-main-INFO -DBUtil.class:Connection Obtained.
2019-09-17-main-INFO -DBUtil.class:Property File loaded : 
2019-09-17-main-INFO -DBUtil.class:connection Obtained! : com.mysql.jdbc.JDBC4Connection@b1a58a3
2019-09-17-main-INFO -DBUtil.class:Connection Obtained.
2019-09-17-main-INFO -DBUtil.class:Property File loaded : 
2019-09-17-main-INFO -DBUtil.class:connection Obtained! : com.mysql.jdbc.JDBC4Connection@1cf4f579
2019-09-17-main-INFO -DBUtil.class:Connection Obtained.
2019-09-17-main-INFO -DBUtil.class:Property File loaded : 
2019-09-17-main-INFO -DBUtil.class:connection Obtained! : com.mysql.jdbc.JDBC4Connection@23ab930d
2019-09-17-main-INFO -DBUtil.class:Connection Obtained.
2019-09-17-main-INFO -DBUtil.class:Property File loaded : 
2019-09-17-main-INFO -DBUtil.class:connection Obtained! : com.mysql.jdbc.JDBC4Connection@619a5dff
2019-09-17-main-INFO -DBUtil.class:Connection Obtained.
2019-09-17-main-INFO -DBUtil.class:Property File loaded : 
2019-09-17-main-INFO -DBUtil.class:connection Obtained! : com.mysql.jdbc.JDBC4Connection@7ab2bfe1
2019-09-17-main-INFO -DBUtil.class:Connection Obtained.
2019-09-17-main-INFO -DBUtil.class:Property File loaded : 
2019-09-17-main-INFO -DBUtil.class:connection Obtained! : com.mysql.jdbc.JDBC4Connection@b1a58a3
2019-09-17-main-INFO -DBUtil.class:Connection Obtained.
2019-09-17-main-INFO -DBUtil.class:Property File loaded : 
2019-09-17-main-INFO -DBUtil.class:connection Obtained! : com.mysql.jdbc.JDBC4Connection@1cf4f579
2019-09-17-main-INFO -DBUtil.class:Connection Obtained.
2019-09-17-main-ERROR-DBUtil.class: Error at addUser Dao method : java.sql.SQLException: Invalid value for getLong() - 'admin'
2019-09-17-main-INFO -DBUtil.class:Property File loaded : 
2019-09-17-main-INFO -DBUtil.class:connection Obtained! : com.mysql.jdbc.JDBC4Connection@23ab930d
2019-09-17-main-INFO -DBUtil.class:Connection Obtained.
2019-09-17-main-INFO -DBUtil.class:Property File loaded : 
2019-09-17-main-INFO -DBUtil.class:connection Obtained! : com.mysql.jdbc.JDBC4Connection@619a5dff
2019-09-17-main-INFO -DBUtil.class:Connection Obtained.
2019-09-17-main-INFO -DBUtil.class:Property File loaded : 
2019-09-17-main-INFO -DBUtil.class:connection Obtained! : com.mysql.jdbc.JDBC4Connection@7ab2bfe1
2019-09-17-main-INFO -DBUtil.class:Connection Obtained.
2019-09-17-main-INFO -DBUtil.class:Property File loaded : 
2019-09-17-main-INFO -DBUtil.class:connection Obtained! : com.mysql.jdbc.JDBC4Connection@b1a58a3
2019-09-17-main-INFO -DBUtil.class:Connection Obtained.
2019-09-17-main-INFO -DBUtil.class:Property File loaded : 
2019-09-17-main-INFO -DBUtil.class:connection Obtained! : com.mysql.jdbc.JDBC4Connection@1cf4f579
2019-09-17-main-INFO -DBUtil.class:Connection Obtained.
2019-09-17-main-ERROR-DBUtil.class: Error at addUser Dao method : java.sql.SQLException: Invalid value for getLong() - 'admin'
2019-09-17-main-INFO -DBUtil.class:Property File loaded : 
2019-09-17-main-INFO -DBUtil.class:connection Obtained! : com.mysql.jdbc.JDBC4Connection@23ab930d
2019-09-17-main-INFO -DBUtil.class:Connection Obtained.
2019-09-17-main-INFO -DBUtil.class:Property File loaded : 
2019-09-17-main-INFO -DBUtil.class:connection Obtained! : com.mysql.jdbc.JDBC4Connection@619a5dff
2019-09-17-main-INFO -DBUtil.class:Connection Obtained.
2019-09-17-main-INFO -DBUtil.class:Property File loaded : 
2019-09-17-main-INFO -DBUtil.class:connection Obtained! : com.mysql.jdbc.JDBC4Connection@7ab2bfe1
2019-09-17-main-INFO -DBUtil.class:Connection Obtained.
2019-09-17-main-INFO -DBUtil.class:Property File loaded : 
2019-09-17-main-INFO -DBUtil.class:connection Obtained! : com.mysql.jdbc.JDBC4Connection@b1a58a3
2019-09-17-main-INFO -DBUtil.class:Connection Obtained.
2019-09-17-main-INFO -DBUtil.class:Property File loaded : 
2019-09-17-main-INFO -DBUtil.class:connection Obtained! : com.mysql.jdbc.JDBC4Connection@1cf4f579
2019-09-17-main-INFO -DBUtil.class:Connection Obtained.
2019-09-17-main-ERROR-DBUtil.class: Error at addUser Dao method : java.sql.SQLException: Invalid value for getLong() - 'admin'
2019-09-17-main-INFO -DBUtil.class:Property File loaded : 
2019-09-17-main-INFO -DBUtil.class:connection Obtained! : com.mysql.jdbc.JDBC4Connection@23ab930d
2019-09-17-main-INFO -DBUtil.class:Connection Obtained.
2019-09-17-main-INFO -DBUtil.class:Property File loaded : 
2019-09-17-main-INFO -DBUtil.class:connection Obtained! : com.mysql.jdbc.JDBC4Connection@619a5dff
2019-09-17-main-INFO -DBUtil.class:Connection Obtained.
2019-09-17-main-INFO -DBUtil.class:Property File loaded : 
2019-09-17-main-INFO -DBUtil.class:connection Obtained! : com.mysql.jdbc.JDBC4Connection@7ab2bfe1
2019-09-17-main-INFO -DBUtil.class:Connection Obtained.
2019-09-17-main-INFO -DBUtil.class:Property File loaded : 
2019-09-17-main-INFO -DBUtil.class:connection Obtained! : com.mysql.jdbc.JDBC4Connection@b1a58a3
2019-09-17-main-INFO -DBUtil.class:Connection Obtained.
2019-09-17-main-INFO -DBUtil.class:Property File loaded : 
2019-09-17-main-INFO -DBUtil.class:connection Obtained! : com.mysql.jdbc.JDBC4Connection@1cf4f579
2019-09-17-main-INFO -DBUtil.class:Connection Obtained.
2019-09-17-main-ERROR-DBUtil.class: Error at addUser Dao method : java.sql.SQLException: Invalid value for getLong() - 'admin'
2019-09-17-main-INFO -DBUtil.class:Property File loaded : 
2019-09-17-main-INFO -DBUtil.class:connection Obtained! : com.mysql.jdbc.JDBC4Connection@23ab930d
2019-09-17-main-INFO -DBUtil.class:Connection Obtained.
2019-09-17-main-INFO -DBUtil.class:Property File loaded : 
2019-09-17-main-INFO -DBUtil.class:connection Obtained! : com.mysql.jdbc.JDBC4Connection@619a5dff
2019-09-17-main-INFO -DBUtil.class:Connection Obtained.
2019-09-17-main-INFO -DBUtil.class:Property File loaded : 
2019-09-17-main-INFO -DBUtil.class:connection Obtained! : com.mysql.jdbc.JDBC4Connection@7ab2bfe1
2019-09-17-main-INFO -DBUtil.class:Connection Obtained.
2019-09-17-main-INFO -DBUtil.class:Property File loaded : 
2019-09-17-main-INFO -DBUtil.class:connection Obtained! : com.mysql.jdbc.JDBC4Connection@b1a58a3
2019-09-17-main-INFO -DBUtil.class:Connection Obtained.
2019-09-17-main-INFO -DBUtil.class:Property File loaded : 
2019-09-17-main-INFO -DBUtil.class:connection Obtained! : com.mysql.jdbc.JDBC4Connection@1cf4f579
2019-09-17-main-INFO -DBUtil.class:Connection Obtained.
2019-09-17-main-ERROR-DBUtil.class: Error at addUser Dao method : java.sql.SQLException: Invalid value for getLong() - 'admin'
2019-09-17-main-INFO -DBUtil.class:Property File loaded : 
2019-09-17-main-INFO -DBUtil.class:connection Obtained! : com.mysql.jdbc.JDBC4Connection@23ab930d
2019-09-17-main-INFO -DBUtil.class:Connection Obtained.
2019-09-17-main-INFO -DBUtil.class:Property File loaded : 
2019-09-17-main-INFO -DBUtil.class:connection Obtained! : com.mysql.jdbc.JDBC4Connection@619a5dff
2019-09-17-main-INFO -DBUtil.class:Connection Obtained.
2019-09-17-main-INFO -DBUtil.class:Property File loaded : 
2019-09-17-main-INFO -DBUtil.class:connection Obtained! : com.mysql.jdbc.JDBC4Connection@7ab2bfe1
2019-09-17-main-INFO -DBUtil.class:Connection Obtained.
2019-09-17-main-INFO -DBUtil.class:Property File loaded : 
2019-09-17-main-INFO -DBUtil.class:connection Obtained! : com.mysql.jdbc.JDBC4Connection@b1a58a3
2019-09-17-main-INFO -DBUtil.class:Connection Obtained.
2019-09-17-main-INFO -DBUtil.class:Property File loaded : 
2019-09-17-main-INFO -DBUtil.class:connection Obtained! : com.mysql.jdbc.JDBC4Connection@1cf4f579
2019-09-17-main-INFO -DBUtil.class:Connection Obtained.
2019-09-17-main-ERROR-DBUtil.class:Can not issue data manipulation statements with executeQuery().
2019-09-17-main-INFO -DBUtil.class:Property File loaded : 
2019-09-17-main-INFO -DBUtil.class:connection Obtained! : com.mysql.jdbc.JDBC4Connection@23ab930d
2019-09-17-main-INFO -DBUtil.class:Connection Obtained.
2019-09-17-main-INFO -DBUtil.class:Property File loaded : 
2019-09-17-main-INFO -DBUtil.class:connection Obtained! : com.mysql.jdbc.JDBC4Connection@619a5dff
2019-09-17-main-INFO -DBUtil.class:Connection Obtained.
2019-09-17-main-INFO -DBUtil.class:Property File loaded : 
2019-09-17-main-INFO -DBUtil.class:connection Obtained! : com.mysql.jdbc.JDBC4Connection@7ab2bfe1
2019-09-17-main-INFO -DBUtil.class:Connection Obtained.
2019-09-17-main-INFO -DBUtil.class:Property File loaded : 
2019-09-17-main-INFO -DBUtil.class:connection Obtained! : com.mysql.jdbc.JDBC4Connection@b1a58a3
2019-09-17-main-INFO -DBUtil.class:Connection Obtained.
2019-09-17-main-INFO -DBUtil.class:Property File loaded : 
2019-09-17-main-INFO -DBUtil.class:connection Obtained! : com.mysql.jdbc.JDBC4Connection@1cf4f579
2019-09-17-main-INFO -DBUtil.class:Connection Obtained.
2019-09-17-main-ERROR-DBUtil.class:Can not issue data manipulation statements with executeQuery().
2019-09-17-main-INFO -DBUtil.class:Property File loaded : 
2019-09-17-main-INFO -DBUtil.class:connection Obtained! : com.mysql.jdbc.JDBC4Connection@23ab930d
2019-09-17-main-INFO -DBUtil.class:Connection Obtained.
2019-09-17-main-INFO -DBUtil.class:Property File loaded : 
2019-09-17-main-INFO -DBUtil.class:connection Obtained! : com.mysql.jdbc.JDBC4Connection@619a5dff
2019-09-17-main-INFO -DBUtil.class:Connection Obtained.
2019-09-17-main-INFO -DBUtil.class:Property File loaded : 
2019-09-17-main-INFO -DBUtil.class:connection Obtained! : com.mysql.jdbc.JDBC4Connection@7ab2bfe1
2019-09-17-main-INFO -DBUtil.class:Connection Obtained.
2019-09-17-main-INFO -DBUtil.class:Property File loaded : 
2019-09-17-main-INFO -DBUtil.class:connection Obtained! : com.mysql.jdbc.JDBC4Connection@b1a58a3
2019-09-17-main-INFO -DBUtil.class:Connection Obtained.
2019-09-17-main-INFO -DBUtil.class:Property File loaded : 
2019-09-17-main-INFO -DBUtil.class:connection Obtained! : com.mysql.jdbc.JDBC4Connection@1cf4f579
2019-09-17-main-INFO -DBUtil.class:Connection Obtained.
2019-09-17-main-INFO -DBUtil.class:Property File loaded : 
2019-09-17-main-INFO -DBUtil.class:connection Obtained! : com.mysql.jdbc.JDBC4Connection@23ab930d
2019-09-17-main-INFO -DBUtil.class:Connection Obtained.
2019-09-17-main-INFO -DBUtil.class:Property File loaded : 
2019-09-17-main-INFO -DBUtil.class:connection Obtained! : com.mysql.jdbc.JDBC4Connection@619a5dff
2019-09-17-main-INFO -DBUtil.class:Connection Obtained.
2019-09-17-main-INFO -DBUtil.class:Property File loaded : 
2019-09-17-main-INFO -DBUtil.class:connection Obtained! : com.mysql.jdbc.JDBC4Connection@7ab2bfe1
2019-09-17-main-INFO -DBUtil.class:Connection Obtained.
2019-09-17-main-INFO -DBUtil.class:Property File loaded : 
2019-09-17-main-INFO -DBUtil.class:connection Obtained! : com.mysql.jdbc.JDBC4Connection@b1a58a3
2019-09-17-main-INFO -DBUtil.class:Connection Obtained.
2019-09-17-main-INFO -DBUtil.class:Property File loaded : 
2019-09-17-main-INFO -DBUtil.class:connection Obtained! : com.mysql.jdbc.JDBC4Connection@1cf4f579
2019-09-17-main-INFO -DBUtil.class:Connection Obtained.
2019-09-17-main-INFO -DBUtil.class:Property File loaded : 
2019-09-17-main-INFO -DBUtil.class:connection Obtained! : com.mysql.jdbc.JDBC4Connection@23ab930d
2019-09-17-main-INFO -DBUtil.class:Connection Obtained.
2019-09-17-main-INFO -DBUtil.class:Property File loaded : 
2019-09-17-main-INFO -DBUtil.class:connection Obtained! : com.mysql.jdbc.JDBC4Connection@619a5dff
2019-09-17-main-INFO -DBUtil.class:Connection Obtained.
2019-09-17-main-INFO -DBUtil.class:Property File loaded : 
2019-09-17-main-INFO -DBUtil.class:connection Obtained! : com.mysql.jdbc.JDBC4Connection@7ab2bfe1
2019-09-17-main-INFO -DBUtil.class:Connection Obtained.
2019-09-17-main-INFO -DBUtil.class:Property File loaded : 
2019-09-17-main-INFO -DBUtil.class:connection Obtained! : com.mysql.jdbc.JDBC4Connection@b1a58a3
2019-09-17-main-INFO -DBUtil.class:Connection Obtained.
2019-09-17-main-INFO -DBUtil.class:Property File loaded : 
2019-09-17-main-INFO -DBUtil.class:connection Obtained! : com.mysql.jdbc.JDBC4Connection@1cf4f579
2019-09-17-main-INFO -DBUtil.class:Connection Obtained.
2019-09-17-main-INFO -DBUtil.class:Property File loaded : 
2019-09-17-main-INFO -DBUtil.class:connection Obtained! : com.mysql.jdbc.JDBC4Connection@23ab930d
2019-09-17-main-INFO -DBUtil.class:Connection Obtained.
2019-09-17-main-INFO -DBUtil.class:Property File loaded : 
2019-09-17-main-INFO -DBUtil.class:connection Obtained! : com.mysql.jdbc.JDBC4Connection@619a5dff
2019-09-17-main-INFO -DBUtil.class:Connection Obtained.
2019-09-17-main-INFO -DBUtil.class:Property File loaded : 
2019-09-17-main-INFO -DBUtil.class:connection Obtained! : com.mysql.jdbc.JDBC4Connection@7ab2bfe1
2019-09-17-main-INFO -DBUtil.class:Connection Obtained.
2019-09-17-main-INFO -DBUtil.class:Property File loaded : 
2019-09-17-main-INFO -DBUtil.class:connection Obtained! : com.mysql.jdbc.JDBC4Connection@b1a58a3
2019-09-17-main-INFO -DBUtil.class:Connection Obtained.
2019-09-17-main-INFO -DBUtil.class:Property File loaded : 
2019-09-17-main-INFO -DBUtil.class:connection Obtained! : com.mysql.jdbc.JDBC4Connection@1cf4f579
2019-09-17-main-INFO -DBUtil.class:Connection Obtained.
2019-09-17-main-INFO -DBUtil.class:Property File loaded : 
2019-09-17-main-INFO -DBUtil.class:connection Obtained! : com.mysql.jdbc.JDBC4Connection@23ab930d
2019-09-17-main-INFO -DBUtil.class:Connection Obtained.
2019-09-17-main-INFO -DBUtil.class:Property File loaded : 
2019-09-17-main-INFO -DBUtil.class:connection Obtained! : com.mysql.jdbc.JDBC4Connection@619a5dff
2019-09-17-main-INFO -DBUtil.class:Connection Obtained.
2019-09-17-main-INFO -DBUtil.class:Property File loaded : 
2019-09-17-main-INFO -DBUtil.class:connection Obtained! : com.mysql.jdbc.JDBC4Connection@7ab2bfe1
2019-09-17-main-INFO -DBUtil.class:Connection Obtained.
2019-09-17-main-INFO -DBUtil.class:Property File loaded : 
2019-09-17-main-INFO -DBUtil.class:connection Obtained! : com.mysql.jdbc.JDBC4Connection@b1a58a3
2019-09-17-main-INFO -DBUtil.class:Connection Obtained.
2019-09-17-main-INFO -DBUtil.class:Property File loaded : 
2019-09-17-main-INFO -DBUtil.class:connection Obtained! : com.mysql.jdbc.JDBC4Connection@1cf4f579
2019-09-17-main-INFO -DBUtil.class:Connection Obtained.
2019-09-17-main-INFO -DBUtil.class:Property File loaded : 
2019-09-17-main-INFO -DBUtil.class:connection Obtained! : com.mysql.jdbc.JDBC4Connection@23ab930d
2019-09-17-main-INFO -DBUtil.class:Connection Obtained.
2019-09-17-main-INFO -DBUtil.class:Property File loaded : 
2019-09-17-main-INFO -DBUtil.class:connection Obtained! : com.mysql.jdbc.JDBC4Connection@619a5dff
2019-09-17-main-INFO -DBUtil.class:Connection Obtained.
2019-09-17-main-INFO -DBUtil.class:Property File loaded : 
2019-09-17-main-INFO -DBUtil.class:connection Obtained! : com.mysql.jdbc.JDBC4Connection@7ab2bfe1
2019-09-17-main-INFO -DBUtil.class:Connection Obtained.
2019-09-17-main-INFO -DBUtil.class:Property File loaded : 
2019-09-17-main-INFO -DBUtil.class:connection Obtained! : com.mysql.jdbc.JDBC4Connection@b1a58a3
2019-09-17-main-INFO -DBUtil.class:Connection Obtained.
2019-09-17-main-INFO -DBUtil.class:Property File loaded : 
2019-09-17-main-INFO -DBUtil.class:connection Obtained! : com.mysql.jdbc.JDBC4Connection@1cf4f579
2019-09-17-main-INFO -DBUtil.class:Connection Obtained.
2019-09-17-main-INFO -DBUtil.class:Property File loaded : 
2019-09-17-main-INFO -DBUtil.class:connection Obtained! : com.mysql.jdbc.JDBC4Connection@23ab930d
2019-09-17-main-INFO -DBUtil.class:Connection Obtained.
2019-09-17-main-INFO -DBUtil.class:Property File loaded : 
2019-09-17-main-INFO -DBUtil.class:connection Obtained! : com.mysql.jdbc.JDBC4Connection@619a5dff
2019-09-17-main-INFO -DBUtil.class:Connection Obtained.
2019-09-17-main-INFO -DBUtil.class:Property File loaded : 
2019-09-17-main-INFO -DBUtil.class:connection Obtained! : com.mysql.jdbc.JDBC4Connection@7ab2bfe1
2019-09-17-main-INFO -DBUtil.class:Connection Obtained.
2019-09-17-main-INFO -DBUtil.class:Property File loaded : 
2019-09-17-main-INFO -DBUtil.class:connection Obtained! : com.mysql.jdbc.JDBC4Connection@b1a58a3
2019-09-17-main-INFO -DBUtil.class:Connection Obtained.
2019-09-17-main-INFO -DBUtil.class:Property File loaded : 
2019-09-17-main-INFO -DBUtil.class:connection Obtained! : com.mysql.jdbc.JDBC4Connection@1cf4f579
2019-09-17-main-INFO -DBUtil.class:Connection Obtained.
2019-09-17-main-INFO -DBUtil.class:Property File loaded : 
2019-09-17-main-INFO -DBUtil.class:connection Obtained! : com.mysql.jdbc.JDBC4Connection@23ab930d
2019-09-17-main-INFO -DBUtil.class:Connection Obtained.
2019-09-17-main-INFO -DBUtil.class:Property File loaded : 
2019-09-17-main-INFO -DBUtil.class:connection Obtained! : com.mysql.jdbc.JDBC4Connection@619a5dff
2019-09-17-main-INFO -DBUtil.class:Connection Obtained.
2019-09-17-main-INFO -DBUtil.class:Property File loaded : 
2019-09-17-main-INFO -DBUtil.class:connection Obtained! : com.mysql.jdbc.JDBC4Connection@7ab2bfe1
2019-09-17-main-INFO -DBUtil.class:Connection Obtained.
2019-09-17-main-INFO -DBUtil.class:Property File loaded : 
2019-09-17-main-INFO -DBUtil.class:connection Obtained! : com.mysql.jdbc.JDBC4Connection@b1a58a3
2019-09-17-main-INFO -DBUtil.class:Connection Obtained.
2019-09-17-main-INFO -DBUtil.class:Property File loaded : 
2019-09-17-main-INFO -DBUtil.class:connection Obtained! : com.mysql.jdbc.JDBC4Connection@1cf4f579
2019-09-17-main-INFO -DBUtil.class:Connection Obtained.
2019-09-17-main-INFO -DBUtil.class:Property File loaded : 
2019-09-17-main-INFO -DBUtil.class:connection Obtained! : com.mysql.jdbc.JDBC4Connection@23ab930d
2019-09-17-main-INFO -DBUtil.class:Connection Obtained.
2019-09-17-main-INFO -DBUtil.class:Property File loaded : 
2019-09-17-main-INFO -DBUtil.class:connection Obtained! : com.mysql.jdbc.JDBC4Connection@619a5dff
2019-09-17-main-INFO -DBUtil.class:Connection Obtained.
2019-09-17-main-INFO -DBUtil.class:Property File loaded : 
2019-09-17-main-INFO -DBUtil.class:connection Obtained! : com.mysql.jdbc.JDBC4Connection@7ab2bfe1
2019-09-17-main-INFO -DBUtil.class:Connection Obtained.
2019-09-17-main-INFO -DBUtil.class:Property File loaded : 
2019-09-17-main-INFO -DBUtil.class:connection Obtained! : com.mysql.jdbc.JDBC4Connection@b1a58a3
2019-09-17-main-INFO -DBUtil.class:Connection Obtained.
2019-09-17-main-INFO -DBUtil.class:Property File loaded : 
2019-09-17-main-INFO -DBUtil.class:connection Obtained! : com.mysql.jdbc.JDBC4Connection@1cf4f579
2019-09-17-main-INFO -DBUtil.class:Connection Obtained.
2019-09-17-main-INFO -DBUtil.class:Property File loaded : 
2019-09-17-main-INFO -DBUtil.class:connection Obtained! : com.mysql.jdbc.JDBC4Connection@23ab930d
2019-09-17-main-INFO -DBUtil.class:Connection Obtained.
2019-09-17-main-INFO -DBUtil.class:Property File loaded : 
2019-09-17-main-INFO -DBUtil.class:connection Obtained! : com.mysql.jdbc.JDBC4Connection@619a5dff
2019-09-17-main-INFO -DBUtil.class:Connection Obtained.
2019-09-17-main-INFO -DBUtil.class:Property File loaded : 
2019-09-17-main-INFO -DBUtil.class:connection Obtained! : com.mysql.jdbc.JDBC4Connection@7ab2bfe1
2019-09-17-main-INFO -DBUtil.class:Connection Obtained.
2019-09-17-main-INFO -DBUtil.class:Property File loaded : 
2019-09-17-main-INFO -DBUtil.class:connection Obtained! : com.mysql.jdbc.JDBC4Connection@b1a58a3
2019-09-17-main-INFO -DBUtil.class:Connection Obtained.
2019-09-17-main-INFO -DBUtil.class:Property File loaded : 
2019-09-17-main-INFO -DBUtil.class:connection Obtained! : com.mysql.jdbc.JDBC4Connection@1cf4f579
2019-09-17-main-INFO -DBUtil.class:Connection Obtained.
2019-09-17-main-INFO -DBUtil.class:Property File loaded : 
2019-09-17-main-INFO -DBUtil.class:connection Obtained! : com.mysql.jdbc.JDBC4Connection@23ab930d
2019-09-17-main-INFO -DBUtil.class:Connection Obtained.
2019-09-17-main-INFO -DBUtil.class:Property File loaded : 
2019-09-17-main-INFO -DBUtil.class:connection Obtained! : com.mysql.jdbc.JDBC4Connection@619a5dff
2019-09-17-main-INFO -DBUtil.class:Connection Obtained.
2019-09-17-main-INFO -DBUtil.class:Property File loaded : 
2019-09-17-main-INFO -DBUtil.class:connection Obtained! : com.mysql.jdbc.JDBC4Connection@7ab2bfe1
2019-09-17-main-INFO -DBUtil.class:Connection Obtained.
2019-09-17-main-INFO -DBUtil.class:Property File loaded : 
2019-09-17-main-INFO -DBUtil.class:connection Obtained! : com.mysql.jdbc.JDBC4Connection@b1a58a3
2019-09-17-main-INFO -DBUtil.class:Connection Obtained.
2019-09-17-main-INFO -DBUtil.class:Property File loaded : 
2019-09-17-main-INFO -DBUtil.class:connection Obtained! : com.mysql.jdbc.JDBC4Connection@1cf4f579
2019-09-17-main-INFO -DBUtil.class:Connection Obtained.
2019-09-17-main-INFO -DBUtil.class:Property File loaded : 
2019-09-17-main-INFO -DBUtil.class:connection Obtained! : com.mysql.jdbc.JDBC4Connection@23ab930d
2019-09-17-main-INFO -DBUtil.class:Connection Obtained.
2019-09-17-main-INFO -DBUtil.class:Property File loaded : 
2019-09-17-main-INFO -DBUtil.class:connection Obtained! : com.mysql.jdbc.JDBC4Connection@619a5dff
2019-09-17-main-INFO -DBUtil.class:Connection Obtained.
2019-09-17-main-INFO -DBUtil.class:Property File loaded : 
2019-09-17-main-INFO -DBUtil.class:connection Obtained! : com.mysql.jdbc.JDBC4Connection@7ab2bfe1
2019-09-17-main-INFO -DBUtil.class:Connection Obtained.
2019-09-17-main-INFO -DBUtil.class:Property File loaded : 
2019-09-17-main-INFO -DBUtil.class:connection Obtained! : com.mysql.jdbc.JDBC4Connection@b1a58a3
2019-09-17-main-INFO -DBUtil.class:Connection Obtained.
2019-09-17-main-INFO -DBUtil.class:Property File loaded : 
2019-09-17-main-INFO -DBUtil.class:connection Obtained! : com.mysql.jdbc.JDBC4Connection@1cf4f579
2019-09-17-main-INFO -DBUtil.class:Connection Obtained.
2019-09-17-main-INFO -DBUtil.class:Property File loaded : 
2019-09-17-main-INFO -DBUtil.class:connection Obtained! : com.mysql.jdbc.JDBC4Connection@23ab930d
2019-09-17-main-INFO -DBUtil.class:Connection Obtained.
2019-09-17-main-INFO -DBUtil.class:Property File loaded : 
2019-09-17-main-INFO -DBUtil.class:connection Obtained! : com.mysql.jdbc.JDBC4Connection@619a5dff
2019-09-17-main-INFO -DBUtil.class:Connection Obtained.
2019-09-17-main-INFO -DBUtil.class:Property File loaded : 
2019-09-17-main-INFO -DBUtil.class:connection Obtained! : com.mysql.jdbc.JDBC4Connection@7ab2bfe1
2019-09-17-main-INFO -DBUtil.class:Connection Obtained.
2019-09-17-main-INFO -DBUtil.class:Property File loaded : 
2019-09-17-main-INFO -DBUtil.class:connection Obtained! : com.mysql.jdbc.JDBC4Connection@b1a58a3
2019-09-17-main-INFO -DBUtil.class:Connection Obtained.
2019-09-17-main-INFO -DBUtil.class:Property File loaded : 
2019-09-17-main-INFO -DBUtil.class:connection Obtained! : com.mysql.jdbc.JDBC4Connection@1cf4f579
2019-09-17-main-INFO -DBUtil.class:Connection Obtained.
2019-09-17-main-INFO -DBUtil.class:Property File loaded : 
2019-09-17-main-INFO -DBUtil.class:connection Obtained! : com.mysql.jdbc.JDBC4Connection@23ab930d
2019-09-17-main-INFO -DBUtil.class:Connection Obtained.
2019-09-17-main-INFO -DBUtil.class:Property File loaded : 
2019-09-17-main-INFO -DBUtil.class:connection Obtained! : com.mysql.jdbc.JDBC4Connection@619a5dff
2019-09-17-main-INFO -DBUtil.class:Connection Obtained.
2019-09-17-main-INFO -DBUtil.class:Property File loaded : 
2019-09-17-main-INFO -DBUtil.class:connection Obtained! : com.mysql.jdbc.JDBC4Connection@7ab2bfe1
2019-09-17-main-INFO -DBUtil.class:Connection Obtained.
2019-09-17-main-INFO -DBUtil.class:Property File loaded : 
2019-09-17-main-INFO -DBUtil.class:connection Obtained! : com.mysql.jdbc.JDBC4Connection@b1a58a3
2019-09-17-main-INFO -DBUtil.class:Connection Obtained.
2019-09-17-main-INFO -DBUtil.class:Property File loaded : 
2019-09-17-main-INFO -DBUtil.class:connection Obtained! : com.mysql.jdbc.JDBC4Connection@1cf4f579
2019-09-17-main-INFO -DBUtil.class:Connection Obtained.
2019-09-17-main-INFO -DBUtil.class:Property File loaded : 
2019-09-17-main-INFO -DBUtil.class:connection Obtained! : com.mysql.jdbc.JDBC4Connection@23ab930d
2019-09-17-main-INFO -DBUtil.class:Connection Obtained.
2019-09-17-main-INFO -DBUtil.class:Property File loaded : 
2019-09-17-main-INFO -DBUtil.class:connection Obtained! : com.mysql.jdbc.JDBC4Connection@619a5dff
2019-09-17-main-INFO -DBUtil.class:Connection Obtained.
2019-09-17-main-INFO -DBUtil.class:Property File loaded : 
2019-09-17-main-INFO -DBUtil.class:connection Obtained! : com.mysql.jdbc.JDBC4Connection@7ab2bfe1
2019-09-17-main-INFO -DBUtil.class:Connection Obtained.
2019-09-17-main-INFO -DBUtil.class:Property File loaded : 
2019-09-17-main-INFO -DBUtil.class:connection Obtained! : com.mysql.jdbc.JDBC4Connection@b1a58a3
2019-09-17-main-INFO -DBUtil.class:Connection Obtained.
2019-09-17-main-INFO -DBUtil.class:Property File loaded : 
2019-09-17-main-INFO -DBUtil.class:connection Obtained! : com.mysql.jdbc.JDBC4Connection@1cf4f579
2019-09-17-main-INFO -DBUtil.class:Connection Obtained.
2019-09-17-main-INFO -DBUtil.class:Property File loaded : 
2019-09-17-main-INFO -DBUtil.class:connection Obtained! : com.mysql.jdbc.JDBC4Connection@23ab930d
2019-09-17-main-INFO -DBUtil.class:Connection Obtained.
2019-09-17-main-INFO -DBUtil.class:Property File loaded : 
2019-09-17-main-INFO -DBUtil.class:connection Obtained! : com.mysql.jdbc.JDBC4Connection@619a5dff
2019-09-17-main-INFO -DBUtil.class:Connection Obtained.
2019-09-17-main-INFO -DBUtil.class:Property File loaded : 
2019-09-17-main-INFO -DBUtil.class:connection Obtained! : com.mysql.jdbc.JDBC4Connection@7ab2bfe1
2019-09-17-main-INFO -DBUtil.class:Connection Obtained.
2019-09-17-main-INFO -DBUtil.class:Property File loaded : 
2019-09-17-main-INFO -DBUtil.class:connection Obtained! : com.mysql.jdbc.JDBC4Connection@b1a58a3
2019-09-17-main-INFO -DBUtil.class:Connection Obtained.
2019-09-17-main-INFO -DBUtil.class:Property File loaded : 
2019-09-17-main-INFO -DBUtil.class:connection Obtained! : com.mysql.jdbc.JDBC4Connection@1cf4f579
2019-09-17-main-INFO -DBUtil.class:Connection Obtained.
2019-09-17-main-INFO -DBUtil.class:Property File loaded : 
2019-09-17-main-INFO -DBUtil.class:connection Obtained! : com.mysql.jdbc.JDBC4Connection@23ab930d
2019-09-17-main-INFO -DBUtil.class:Connection Obtained.
2019-09-17-main-INFO -DBUtil.class:Property File loaded : 
2019-09-17-main-INFO -DBUtil.class:connection Obtained! : com.mysql.jdbc.JDBC4Connection@619a5dff
2019-09-17-main-INFO -DBUtil.class:Connection Obtained.
2019-09-17-main-INFO -DBUtil.class:Property File loaded : 
2019-09-17-main-INFO -DBUtil.class:connection Obtained! : com.mysql.jdbc.JDBC4Connection@7ab2bfe1
2019-09-17-main-INFO -DBUtil.class:Connection Obtained.
2019-09-17-main-INFO -DBUtil.class:Property File loaded : 
2019-09-17-main-INFO -DBUtil.class:connection Obtained! : com.mysql.jdbc.JDBC4Connection@b1a58a3
2019-09-17-main-INFO -DBUtil.class:Connection Obtained.
2019-09-17-main-INFO -DBUtil.class:Property File loaded : 
2019-09-17-main-INFO -DBUtil.class:connection Obtained! : com.mysql.jdbc.JDBC4Connection@1cf4f579
2019-09-17-main-INFO -DBUtil.class:Connection Obtained.
2019-09-17-main-INFO -DBUtil.class:Property File loaded : 
2019-09-17-main-INFO -DBUtil.class:connection Obtained! : com.mysql.jdbc.JDBC4Connection@23ab930d
2019-09-17-main-INFO -DBUtil.class:Connection Obtained.
2019-09-17-main-INFO -DBUtil.class:Property File loaded : 
2019-09-17-main-INFO -DBUtil.class:connection Obtained! : com.mysql.jdbc.JDBC4Connection@619a5dff
2019-09-17-main-INFO -DBUtil.class:Connection Obtained.
2019-09-17-main-INFO -DBUtil.class:Property File loaded : 
2019-09-17-main-INFO -DBUtil.class:connection Obtained! : com.mysql.jdbc.JDBC4Connection@7ab2bfe1
2019-09-17-main-INFO -DBUtil.class:Connection Obtained.
2019-09-17-main-INFO -DBUtil.class:Property File loaded : 
2019-09-17-main-INFO -DBUtil.class:connection Obtained! : com.mysql.jdbc.JDBC4Connection@b1a58a3
2019-09-17-main-INFO -DBUtil.class:Connection Obtained.
2019-09-17-main-INFO -DBUtil.class:Property File loaded : 
2019-09-17-main-INFO -DBUtil.class:connection Obtained! : com.mysql.jdbc.JDBC4Connection@1cf4f579
2019-09-17-main-INFO -DBUtil.class:Connection Obtained.
2019-09-17-main-INFO -DBUtil.class:Property File loaded : 
2019-09-17-main-INFO -DBUtil.class:connection Obtained! : com.mysql.jdbc.JDBC4Connection@23ab930d
2019-09-17-main-INFO -DBUtil.class:Connection Obtained.
2019-09-17-main-INFO -DBUtil.class:Property File loaded : 
2019-09-17-main-INFO -DBUtil.class:connection Obtained! : com.mysql.jdbc.JDBC4Connection@619a5dff
2019-09-17-main-INFO -DBUtil.class:Connection Obtained.
2019-09-17-main-INFO -DBUtil.class:Property File loaded : 
2019-09-17-main-INFO -DBUtil.class:connection Obtained! : com.mysql.jdbc.JDBC4Connection@7ab2bfe1
2019-09-17-main-INFO -DBUtil.class:Connection Obtained.
2019-09-17-main-INFO -DBUtil.class:Property File loaded : 
2019-09-17-main-INFO -DBUtil.class:connection Obtained! : com.mysql.jdbc.JDBC4Connection@b1a58a3
2019-09-17-main-INFO -DBUtil.class:Connection Obtained.
2019-09-17-main-INFO -DBUtil.class:Property File loaded : 
2019-09-17-main-INFO -DBUtil.class:connection Obtained! : com.mysql.jdbc.JDBC4Connection@1cf4f579
2019-09-17-main-INFO -DBUtil.class:Connection Obtained.
2019-09-17-main-INFO -DBUtil.class:Property File loaded : 
2019-09-17-main-INFO -DBUtil.class:connection Obtained! : com.mysql.jdbc.JDBC4Connection@23ab930d
2019-09-17-main-INFO -DBUtil.class:Connection Obtained.
2019-09-17-main-INFO -DBUtil.class:Property File loaded : 
2019-09-17-main-INFO -DBUtil.class:connection Obtained! : com.mysql.jdbc.JDBC4Connection@619a5dff
2019-09-17-main-INFO -DBUtil.class:Connection Obtained.
2019-09-17-main-INFO -DBUtil.class:Property File loaded : 
2019-09-17-main-INFO -DBUtil.class:connection Obtained! : com.mysql.jdbc.JDBC4Connection@7ab2bfe1
2019-09-17-main-INFO -DBUtil.class:Connection Obtained.
2019-09-17-main-INFO -DBUtil.class:Property File loaded : 
2019-09-17-main-INFO -DBUtil.class:connection Obtained! : com.mysql.jdbc.JDBC4Connection@b1a58a3
2019-09-17-main-INFO -DBUtil.class:Connection Obtained.
2019-09-17-main-INFO -DBUtil.class:Property File loaded : 
2019-09-17-main-INFO -DBUtil.class:connection Obtained! : com.mysql.jdbc.JDBC4Connection@1cf4f579
2019-09-17-main-INFO -DBUtil.class:Connection Obtained.
2019-09-17-main-INFO -DBUtil.class:Property File loaded : 
2019-09-17-main-INFO -DBUtil.class:connection Obtained! : com.mysql.jdbc.JDBC4Connection@23ab930d
2019-09-17-main-INFO -DBUtil.class:Connection Obtained.
2019-09-17-main-INFO -DBUtil.class:Property File loaded : 
2019-09-17-main-INFO -DBUtil.class:connection Obtained! : com.mysql.jdbc.JDBC4Connection@619a5dff
2019-09-17-main-INFO -DBUtil.class:Connection Obtained.
2019-09-17-main-INFO -DBUtil.class:Property File loaded : 
2019-09-17-main-INFO -DBUtil.class:connection Obtained! : com.mysql.jdbc.JDBC4Connection@7ab2bfe1
2019-09-17-main-INFO -DBUtil.class:Connection Obtained.
2019-09-17-main-INFO -DBUtil.class:Property File loaded : 
2019-09-17-main-INFO -DBUtil.class:connection Obtained! : com.mysql.jdbc.JDBC4Connection@b1a58a3
2019-09-17-main-INFO -DBUtil.class:Connection Obtained.
2019-09-17-main-INFO -DBUtil.class:Property File loaded : 
2019-09-17-main-INFO -DBUtil.class:connection Obtained! : com.mysql.jdbc.JDBC4Connection@1cf4f579
2019-09-17-main-INFO -DBUtil.class:Connection Obtained.
2019-09-17-main-INFO -DBUtil.class:Property File loaded : 
2019-09-17-main-INFO -DBUtil.class:connection Obtained! : com.mysql.jdbc.JDBC4Connection@23ab930d
2019-09-17-main-INFO -DBUtil.class:Connection Obtained.
2019-09-17-main-INFO -DBUtil.class:Property File loaded : 
2019-09-17-main-INFO -DBUtil.class:connection Obtained! : com.mysql.jdbc.JDBC4Connection@619a5dff
2019-09-17-main-INFO -DBUtil.class:Connection Obtained.
2019-09-17-main-INFO -DBUtil.class:Property File loaded : 
2019-09-17-main-INFO -DBUtil.class:connection Obtained! : com.mysql.jdbc.JDBC4Connection@7ab2bfe1
2019-09-17-main-INFO -DBUtil.class:Connection Obtained.
2019-09-17-main-INFO -DBUtil.class:Property File loaded : 
2019-09-17-main-INFO -DBUtil.class:connection Obtained! : com.mysql.jdbc.JDBC4Connection@b1a58a3
2019-09-17-main-INFO -DBUtil.class:Connection Obtained.
2019-09-17-main-INFO -DBUtil.class:Property File loaded : 
2019-09-17-main-INFO -DBUtil.class:connection Obtained! : com.mysql.jdbc.JDBC4Connection@1cf4f579
2019-09-17-main-INFO -DBUtil.class:Connection Obtained.
2019-09-17-main-INFO -DBUtil.class:Property File loaded : 
2019-09-17-main-INFO -DBUtil.class:connection Obtained! : com.mysql.jdbc.JDBC4Connection@23ab930d
2019-09-17-main-INFO -DBUtil.class:Connection Obtained.
2019-09-17-main-INFO -DBUtil.class:Property File loaded : 
2019-09-17-main-INFO -DBUtil.class:connection Obtained! : com.mysql.jdbc.JDBC4Connection@619a5dff
2019-09-17-main-INFO -DBUtil.class:Connection Obtained.
2019-09-17-main-INFO -DBUtil.class:Property File loaded : 
2019-09-17-main-INFO -DBUtil.class:connection Obtained! : com.mysql.jdbc.JDBC4Connection@7ab2bfe1
2019-09-17-main-INFO -DBUtil.class:Connection Obtained.
2019-09-17-main-INFO -DBUtil.class:Property File loaded : 
2019-09-17-main-INFO -DBUtil.class:connection Obtained! : com.mysql.jdbc.JDBC4Connection@b1a58a3
2019-09-17-main-INFO -DBUtil.class:Connection Obtained.
2019-09-17-main-INFO -DBUtil.class:Property File loaded : 
2019-09-17-main-INFO -DBUtil.class:connection Obtained! : com.mysql.jdbc.JDBC4Connection@1cf4f579
2019-09-17-main-INFO -DBUtil.class:Connection Obtained.
2019-09-17-main-INFO -DBUtil.class:Property File loaded : 
2019-09-17-main-INFO -DBUtil.class:connection Obtained! : com.mysql.jdbc.JDBC4Connection@23ab930d
2019-09-17-main-INFO -DBUtil.class:Connection Obtained.
2019-09-17-main-INFO -DBUtil.class:Property File loaded : 
2019-09-17-main-INFO -DBUtil.class:connection Obtained! : com.mysql.jdbc.JDBC4Connection@619a5dff
2019-09-17-main-INFO -DBUtil.class:Connection Obtained.
2019-09-17-main-INFO -DBUtil.class:Property File loaded : 
2019-09-17-main-INFO -DBUtil.class:connection Obtained! : com.mysql.jdbc.JDBC4Connection@7ab2bfe1
2019-09-17-main-INFO -DBUtil.class:Connection Obtained.
2019-09-17-main-INFO -DBUtil.class:Property File loaded : 
2019-09-17-main-INFO -DBUtil.class:connection Obtained! : com.mysql.jdbc.JDBC4Connection@b1a58a3
2019-09-17-main-INFO -DBUtil.class:Connection Obtained.
2019-09-17-main-INFO -DBUtil.class:Property File loaded : 
2019-09-17-main-INFO -DBUtil.class:connection Obtained! : com.mysql.jdbc.JDBC4Connection@1cf4f579
2019-09-17-main-INFO -DBUtil.class:Connection Obtained.
2019-09-17-main-ERROR-DBUtil.class:Auto generated Id 1
2019-09-17-main-ERROR-DBUtil.class:Auto generated Id 2
2019-09-17-main-ERROR-DBUtil.class:Auto Generated Booking Id: 1
2019-09-17-main-INFO -DBUtil.class:Property File loaded : 
2019-09-17-main-INFO -DBUtil.class:connection Obtained! : com.mysql.jdbc.JDBC4Connection@1b68ddbd
2019-09-17-main-INFO -DBUtil.class:Connection Obtained.
2019-09-17-main-INFO -DBUtil.class:Property File loaded : 
2019-09-17-main-INFO -DBUtil.class:connection Obtained! : com.mysql.jdbc.JDBC4Connection@536aaa8d
2019-09-17-main-INFO -DBUtil.class:Connection Obtained.
2019-09-17-main-INFO -DBUtil.class:Property File loaded : 
2019-09-17-main-INFO -DBUtil.class:connection Obtained! : com.mysql.jdbc.JDBC4Connection@76f2b07d
2019-09-17-main-INFO -DBUtil.class:Connection Obtained.
2019-09-17-main-INFO -DBUtil.class:Property File loaded : 
2019-09-17-main-INFO -DBUtil.class:connection Obtained! : com.mysql.jdbc.JDBC4Connection@4493d195
2019-09-17-main-INFO -DBUtil.class:Connection Obtained.
2019-09-17-main-INFO -DBUtil.class:Property File loaded : 
2019-09-17-main-INFO -DBUtil.class:connection Obtained! : com.mysql.jdbc.JDBC4Connection@1877ab81
2019-09-17-main-INFO -DBUtil.class:Connection Obtained.
2019-09-17-main-ERROR-DBUtil.class:Auto generated Id 3
2019-09-17-main-ERROR-DBUtil.class:Auto Generated Booking Id: 2
2019-09-17-main-INFO -DBUtil.class:Property File loaded : 
2019-09-17-main-INFO -DBUtil.class:connection Obtained! : com.mysql.jdbc.JDBC4Connection@1b68ddbd
2019-09-17-main-INFO -DBUtil.class:Connection Obtained.
2019-09-17-main-INFO -DBUtil.class:Property File loaded : 
2019-09-17-main-INFO -DBUtil.class:connection Obtained! : com.mysql.jdbc.JDBC4Connection@536aaa8d
2019-09-17-main-INFO -DBUtil.class:Connection Obtained.
2019-09-17-main-INFO -DBUtil.class:Property File loaded : 
2019-09-17-main-INFO -DBUtil.class:connection Obtained! : com.mysql.jdbc.JDBC4Connection@76f2b07d
2019-09-17-main-INFO -DBUtil.class:Connection Obtained.
2019-09-17-main-INFO -DBUtil.class:Property File loaded : 
2019-09-17-main-INFO -DBUtil.class:connection Obtained! : com.mysql.jdbc.JDBC4Connection@4493d195
2019-09-17-main-INFO -DBUtil.class:Connection Obtained.
2019-09-17-main-INFO -DBUtil.class:Property File loaded : 
2019-09-17-main-INFO -DBUtil.class:connection Obtained! : com.mysql.jdbc.JDBC4Connection@1877ab81
2019-09-17-main-INFO -DBUtil.class:Connection Obtained.
2019-09-17-main-ERROR-DBUtil.class:Auto generated Id 4
2019-09-17-main-ERROR-DBUtil.class:Auto Generated Booking Id: 3
2019-09-17-main-INFO -DBUtil.class:Property File loaded : 
2019-09-17-main-INFO -DBUtil.class:connection Obtained! : com.mysql.jdbc.JDBC4Connection@23ab930d
2019-09-17-main-INFO -DBUtil.class:Connection Obtained.
2019-09-17-main-INFO -DBUtil.class:Property File loaded : 
2019-09-17-main-INFO -DBUtil.class:connection Obtained! : com.mysql.jdbc.JDBC4Connection@619a5dff
2019-09-17-main-INFO -DBUtil.class:Connection Obtained.
2019-09-17-main-INFO -DBUtil.class:Property File loaded : 
2019-09-17-main-INFO -DBUtil.class:connection Obtained! : com.mysql.jdbc.JDBC4Connection@7ab2bfe1
2019-09-17-main-INFO -DBUtil.class:Connection Obtained.
2019-09-17-main-INFO -DBUtil.class:Property File loaded : 
2019-09-17-main-INFO -DBUtil.class:connection Obtained! : com.mysql.jdbc.JDBC4Connection@b1a58a3
2019-09-17-main-INFO -DBUtil.class:Connection Obtained.
2019-09-17-main-INFO -DBUtil.class:Property File loaded : 
2019-09-17-main-INFO -DBUtil.class:connection Obtained! : com.mysql.jdbc.JDBC4Connection@1cf4f579
2019-09-17-main-INFO -DBUtil.class:Connection Obtained.
2019-09-17-main-INFO -DBUtil.class:Property File loaded : 
2019-09-17-main-INFO -DBUtil.class:connection Obtained! : com.mysql.jdbc.JDBC4Connection@23ab930d
2019-09-17-main-INFO -DBUtil.class:Connection Obtained.
2019-09-17-main-INFO -DBUtil.class:Property File loaded : 
2019-09-17-main-INFO -DBUtil.class:connection Obtained! : com.mysql.jdbc.JDBC4Connection@619a5dff
2019-09-17-main-INFO -DBUtil.class:Connection Obtained.
2019-09-17-main-INFO -DBUtil.class:Property File loaded : 
2019-09-17-main-INFO -DBUtil.class:connection Obtained! : com.mysql.jdbc.JDBC4Connection@7ab2bfe1
2019-09-17-main-INFO -DBUtil.class:Connection Obtained.
2019-09-17-main-INFO -DBUtil.class:Property File loaded : 
2019-09-17-main-INFO -DBUtil.class:connection Obtained! : com.mysql.jdbc.JDBC4Connection@b1a58a3
2019-09-17-main-INFO -DBUtil.class:Connection Obtained.
2019-09-17-main-INFO -DBUtil.class:Property File loaded : 
2019-09-17-main-INFO -DBUtil.class:connection Obtained! : com.mysql.jdbc.JDBC4Connection@1cf4f579
2019-09-17-main-INFO -DBUtil.class:Connection Obtained.
2019-09-17-main-INFO -DBUtil.class:Property File loaded : 
2019-09-17-main-INFO -DBUtil.class:connection Obtained! : com.mysql.jdbc.JDBC4Connection@23ab930d
2019-09-17-main-INFO -DBUtil.class:Connection Obtained.
2019-09-17-main-INFO -DBUtil.class:Property File loaded : 
2019-09-17-main-INFO -DBUtil.class:connection Obtained! : com.mysql.jdbc.JDBC4Connection@619a5dff
2019-09-17-main-INFO -DBUtil.class:Connection Obtained.
2019-09-17-main-INFO -DBUtil.class:Property File loaded : 
2019-09-17-main-INFO -DBUtil.class:connection Obtained! : com.mysql.jdbc.JDBC4Connection@7ab2bfe1
2019-09-17-main-INFO -DBUtil.class:Connection Obtained.
2019-09-17-main-INFO -DBUtil.class:Property File loaded : 
2019-09-17-main-INFO -DBUtil.class:connection Obtained! : com.mysql.jdbc.JDBC4Connection@b1a58a3
2019-09-17-main-INFO -DBUtil.class:Connection Obtained.
2019-09-17-main-INFO -DBUtil.class:Property File loaded : 
2019-09-17-main-INFO -DBUtil.class:connection Obtained! : com.mysql.jdbc.JDBC4Connection@1cf4f579
2019-09-17-main-INFO -DBUtil.class:Connection Obtained.
2019-09-17-main-INFO -DBUtil.class:Property File loaded : 
2019-09-17-main-INFO -DBUtil.class:connection Obtained! : com.mysql.jdbc.JDBC4Connection@23ab930d
2019-09-17-main-INFO -DBUtil.class:Connection Obtained.
2019-09-17-main-INFO -DBUtil.class:Property File loaded : 
2019-09-17-main-INFO -DBUtil.class:connection Obtained! : com.mysql.jdbc.JDBC4Connection@619a5dff
2019-09-17-main-INFO -DBUtil.class:Connection Obtained.
2019-09-17-main-INFO -DBUtil.class:Property File loaded : 
2019-09-17-main-INFO -DBUtil.class:connection Obtained! : com.mysql.jdbc.JDBC4Connection@7ab2bfe1
2019-09-17-main-INFO -DBUtil.class:Connection Obtained.
2019-09-17-main-INFO -DBUtil.class:Property File loaded : 
2019-09-17-main-INFO -DBUtil.class:connection Obtained! : com.mysql.jdbc.JDBC4Connection@b1a58a3
2019-09-17-main-INFO -DBUtil.class:Connection Obtained.
2019-09-17-main-INFO -DBUtil.class:Property File loaded : 
2019-09-17-main-INFO -DBUtil.class:connection Obtained! : com.mysql.jdbc.JDBC4Connection@1cf4f579
2019-09-17-main-INFO -DBUtil.class:Connection Obtained.
2019-09-17-main-INFO -DBUtil.class:Property File loaded : 
2019-09-17-main-INFO -DBUtil.class:connection Obtained! : com.mysql.jdbc.JDBC4Connection@23ab930d
2019-09-17-main-INFO -DBUtil.class:Connection Obtained.
2019-09-17-main-INFO -DBUtil.class:Property File loaded : 
2019-09-17-main-INFO -DBUtil.class:connection Obtained! : com.mysql.jdbc.JDBC4Connection@619a5dff
2019-09-17-main-INFO -DBUtil.class:Connection Obtained.
2019-09-17-main-INFO -DBUtil.class:Property File loaded : 
2019-09-17-main-INFO -DBUtil.class:connection Obtained! : com.mysql.jdbc.JDBC4Connection@7ab2bfe1
2019-09-17-main-INFO -DBUtil.class:Connection Obtained.
2019-09-17-main-INFO -DBUtil.class:Property File loaded : 
2019-09-17-main-INFO -DBUtil.class:connection Obtained! : com.mysql.jdbc.JDBC4Connection@b1a58a3
2019-09-17-main-INFO -DBUtil.class:Connection Obtained.
2019-09-17-main-INFO -DBUtil.class:Property File loaded : 
2019-09-17-main-INFO -DBUtil.class:connection Obtained! : com.mysql.jdbc.JDBC4Connection@1cf4f579
2019-09-17-main-INFO -DBUtil.class:Connection Obtained.
2019-09-17-main-INFO -DBUtil.class:Property File loaded : 
2019-09-17-main-INFO -DBUtil.class:connection Obtained! : com.mysql.jdbc.JDBC4Connection@23ab930d
2019-09-17-main-INFO -DBUtil.class:Connection Obtained.
2019-09-17-main-INFO -DBUtil.class:Property File loaded : 
2019-09-17-main-INFO -DBUtil.class:connection Obtained! : com.mysql.jdbc.JDBC4Connection@619a5dff
2019-09-17-main-INFO -DBUtil.class:Connection Obtained.
2019-09-17-main-INFO -DBUtil.class:Property File loaded : 
2019-09-17-main-INFO -DBUtil.class:connection Obtained! : com.mysql.jdbc.JDBC4Connection@7ab2bfe1
2019-09-17-main-INFO -DBUtil.class:Connection Obtained.
2019-09-17-main-INFO -DBUtil.class:Property File loaded : 
2019-09-17-main-INFO -DBUtil.class:connection Obtained! : com.mysql.jdbc.JDBC4Connection@b1a58a3
2019-09-17-main-INFO -DBUtil.class:Connection Obtained.
2019-09-17-main-INFO -DBUtil.class:Property File loaded : 
2019-09-17-main-INFO -DBUtil.class:connection Obtained! : com.mysql.jdbc.JDBC4Connection@1cf4f579
2019-09-17-main-INFO -DBUtil.class:Connection Obtained.
2019-09-17-main-ERROR-DBUtil.class:Auto Generated Booking Id: 4
2019-09-17-main-INFO -DBUtil.class:Property File loaded : 
2019-09-17-main-INFO -DBUtil.class:connection Obtained! : com.mysql.jdbc.JDBC4Connection@23ab930d
2019-09-17-main-INFO -DBUtil.class:Connection Obtained.
2019-09-17-main-INFO -DBUtil.class:Property File loaded : 
2019-09-17-main-INFO -DBUtil.class:connection Obtained! : com.mysql.jdbc.JDBC4Connection@619a5dff
2019-09-17-main-INFO -DBUtil.class:Connection Obtained.
2019-09-17-main-INFO -DBUtil.class:Property File loaded : 
2019-09-17-main-INFO -DBUtil.class:connection Obtained! : com.mysql.jdbc.JDBC4Connection@7ab2bfe1
2019-09-17-main-INFO -DBUtil.class:Connection Obtained.
2019-09-17-main-INFO -DBUtil.class:Property File loaded : 
2019-09-17-main-INFO -DBUtil.class:connection Obtained! : com.mysql.jdbc.JDBC4Connection@b1a58a3
2019-09-17-main-INFO -DBUtil.class:Connection Obtained.
2019-09-17-main-INFO -DBUtil.class:Property File loaded : 
2019-09-17-main-INFO -DBUtil.class:connection Obtained! : com.mysql.jdbc.JDBC4Connection@1cf4f579
2019-09-17-main-INFO -DBUtil.class:Connection Obtained.
