2019-09-23-main-WARN -org.hibernate.ejb.HibernatePersistence:HHH015016: Encountered a deprecated javax.persistence.spi.PersistenceProvider [org.hibernate.ejb.HibernatePersistence]; use [org.hibernate.jpa.HibernatePersistenceProvider] instead.
2019-09-23-main-WARN -org.hibernate.ejb.HibernatePersistence:HHH015016: Encountered a deprecated javax.persistence.spi.PersistenceProvider [org.hibernate.ejb.HibernatePersistence]; use [org.hibernate.jpa.HibernatePersistenceProvider] instead.
2019-09-23-main-WARN -org.hibernate.ejb.HibernatePersistence:HHH015016: Encountered a deprecated javax.persistence.spi.PersistenceProvider [org.hibernate.ejb.HibernatePersistence]; use [org.hibernate.jpa.HibernatePersistenceProvider] instead.
2019-09-23-main-INFO -org.hibernate.jpa.internal.util.LogHelper:HHH000204: Processing PersistenceUnitInfo [
	name: frs
	...]
2019-09-23-main-INFO -org.hibernate.Version:HHH000412: Hibernate Core {4.3.10.Final}
2019-09-23-main-INFO -org.hibernate.cfg.Environment:HHH000206: hibernate.properties not found
2019-09-23-main-INFO -org.hibernate.cfg.Environment:HHH000021: Bytecode provider name : javassist
2019-09-23-main-INFO -org.hibernate.annotations.common.Version:HCANN000001: Hibernate Commons Annotations {4.0.5.Final}
2019-09-23-main-WARN -org.hibernate.engine.jdbc.connections.internal.DriverManagerConnectionProviderImpl:HHH000402: Using Hibernate built-in connection pool (not for production use!)
2019-09-23-main-INFO -org.hibernate.engine.jdbc.connections.internal.DriverManagerConnectionProviderImpl:HHH000401: using driver [com.mysql.jdbc.Driver] at URL [jdbc:mysql://localhost:3306/frs]
2019-09-23-main-INFO -org.hibernate.engine.jdbc.connections.internal.DriverManagerConnectionProviderImpl:HHH000046: Connection properties: {password=****, user=root}
2019-09-23-main-INFO -org.hibernate.engine.jdbc.connections.internal.DriverManagerConnectionProviderImpl:HHH000006: Autocommit mode: false
2019-09-23-main-INFO -org.hibernate.engine.jdbc.connections.internal.DriverManagerConnectionProviderImpl:HHH000115: Hibernate connection pool size: 20 (min=1)
2019-09-23-main-WARN -org.hibernate.ejb.HibernatePersistence:HHH015016: Encountered a deprecated javax.persistence.spi.PersistenceProvider [org.hibernate.ejb.HibernatePersistence]; use [org.hibernate.jpa.HibernatePersistenceProvider] instead.
2019-09-23-main-WARN -org.hibernate.ejb.HibernatePersistence:HHH015016: Encountered a deprecated javax.persistence.spi.PersistenceProvider [org.hibernate.ejb.HibernatePersistence]; use [org.hibernate.jpa.HibernatePersistenceProvider] instead.
2019-09-23-main-WARN -org.hibernate.ejb.HibernatePersistence:HHH015016: Encountered a deprecated javax.persistence.spi.PersistenceProvider [org.hibernate.ejb.HibernatePersistence]; use [org.hibernate.jpa.HibernatePersistenceProvider] instead.
2019-09-23-main-INFO -org.hibernate.jpa.internal.util.LogHelper:HHH000204: Processing PersistenceUnitInfo [
	name: frs
	...]
2019-09-23-main-INFO -org.hibernate.Version:HHH000412: Hibernate Core {4.3.10.Final}
2019-09-23-main-INFO -org.hibernate.cfg.Environment:HHH000206: hibernate.properties not found
2019-09-23-main-INFO -org.hibernate.cfg.Environment:HHH000021: Bytecode provider name : javassist
2019-09-23-main-INFO -org.hibernate.annotations.common.Version:HCANN000001: Hibernate Commons Annotations {4.0.5.Final}
2019-09-23-main-WARN -org.hibernate.engine.jdbc.connections.internal.DriverManagerConnectionProviderImpl:HHH000402: Using Hibernate built-in connection pool (not for production use!)
2019-09-23-main-INFO -org.hibernate.engine.jdbc.connections.internal.DriverManagerConnectionProviderImpl:HHH000401: using driver [com.mysql.jdbc.Driver] at URL [jdbc:mysql://localhost:3306/frs]
2019-09-23-main-INFO -org.hibernate.engine.jdbc.connections.internal.DriverManagerConnectionProviderImpl:HHH000046: Connection properties: {password=****, user=root}
2019-09-23-main-INFO -org.hibernate.engine.jdbc.connections.internal.DriverManagerConnectionProviderImpl:HHH000006: Autocommit mode: false
2019-09-23-main-INFO -org.hibernate.engine.jdbc.connections.internal.DriverManagerConnectionProviderImpl:HHH000115: Hibernate connection pool size: 20 (min=1)
2019-09-23-main-WARN -org.hibernate.ejb.HibernatePersistence:HHH015016: Encountered a deprecated javax.persistence.spi.PersistenceProvider [org.hibernate.ejb.HibernatePersistence]; use [org.hibernate.jpa.HibernatePersistenceProvider] instead.
2019-09-23-main-WARN -org.hibernate.ejb.HibernatePersistence:HHH015016: Encountered a deprecated javax.persistence.spi.PersistenceProvider [org.hibernate.ejb.HibernatePersistence]; use [org.hibernate.jpa.HibernatePersistenceProvider] instead.
2019-09-23-main-WARN -org.hibernate.ejb.HibernatePersistence:HHH015016: Encountered a deprecated javax.persistence.spi.PersistenceProvider [org.hibernate.ejb.HibernatePersistence]; use [org.hibernate.jpa.HibernatePersistenceProvider] instead.
2019-09-23-main-WARN -org.hibernate.ejb.HibernatePersistence:HHH015016: Encountered a deprecated javax.persistence.spi.PersistenceProvider [org.hibernate.ejb.HibernatePersistence]; use [org.hibernate.jpa.HibernatePersistenceProvider] instead.
2019-09-23-main-WARN -org.hibernate.ejb.HibernatePersistence:HHH015016: Encountered a deprecated javax.persistence.spi.PersistenceProvider [org.hibernate.ejb.HibernatePersistence]; use [org.hibernate.jpa.HibernatePersistenceProvider] instead.
2019-09-23-main-WARN -org.hibernate.ejb.HibernatePersistence:HHH015016: Encountered a deprecated javax.persistence.spi.PersistenceProvider [org.hibernate.ejb.HibernatePersistence]; use [org.hibernate.jpa.HibernatePersistenceProvider] instead.
2019-09-23-main-INFO -org.hibernate.jpa.internal.util.LogHelper:HHH000204: Processing PersistenceUnitInfo [
	name: frs
	...]
2019-09-23-main-INFO -org.hibernate.Version:HHH000412: Hibernate Core {4.3.10.Final}
2019-09-23-main-INFO -org.hibernate.cfg.Environment:HHH000206: hibernate.properties not found
2019-09-23-main-INFO -org.hibernate.cfg.Environment:HHH000021: Bytecode provider name : javassist
2019-09-23-main-INFO -org.hibernate.annotations.common.Version:HCANN000001: Hibernate Commons Annotations {4.0.5.Final}
2019-09-23-main-WARN -org.hibernate.engine.jdbc.connections.internal.DriverManagerConnectionProviderImpl:HHH000402: Using Hibernate built-in connection pool (not for production use!)
2019-09-23-main-INFO -org.hibernate.engine.jdbc.connections.internal.DriverManagerConnectionProviderImpl:HHH000401: using driver [com.mysql.jdbc.Driver] at URL [jdbc:mysql://localhost:3306/frs]
2019-09-23-main-INFO -org.hibernate.engine.jdbc.connections.internal.DriverManagerConnectionProviderImpl:HHH000046: Connection properties: {password=****, user=root}
2019-09-23-main-INFO -org.hibernate.engine.jdbc.connections.internal.DriverManagerConnectionProviderImpl:HHH000006: Autocommit mode: false
2019-09-23-main-INFO -org.hibernate.engine.jdbc.connections.internal.DriverManagerConnectionProviderImpl:HHH000115: Hibernate connection pool size: 20 (min=1)
2019-09-23-main-WARN -org.hibernate.ejb.HibernatePersistence:HHH015016: Encountered a deprecated javax.persistence.spi.PersistenceProvider [org.hibernate.ejb.HibernatePersistence]; use [org.hibernate.jpa.HibernatePersistenceProvider] instead.
2019-09-23-main-WARN -org.hibernate.ejb.HibernatePersistence:HHH015016: Encountered a deprecated javax.persistence.spi.PersistenceProvider [org.hibernate.ejb.HibernatePersistence]; use [org.hibernate.jpa.HibernatePersistenceProvider] instead.
2019-09-23-main-WARN -org.hibernate.ejb.HibernatePersistence:HHH015016: Encountered a deprecated javax.persistence.spi.PersistenceProvider [org.hibernate.ejb.HibernatePersistence]; use [org.hibernate.jpa.HibernatePersistenceProvider] instead.
2019-09-23-main-INFO -org.hibernate.jpa.internal.util.LogHelper:HHH000204: Processing PersistenceUnitInfo [
	name: frs
	...]
2019-09-23-main-INFO -org.hibernate.Version:HHH000412: Hibernate Core {4.3.10.Final}
2019-09-23-main-INFO -org.hibernate.cfg.Environment:HHH000206: hibernate.properties not found
2019-09-23-main-INFO -org.hibernate.cfg.Environment:HHH000021: Bytecode provider name : javassist
2019-09-23-main-INFO -org.hibernate.annotations.common.Version:HCANN000001: Hibernate Commons Annotations {4.0.5.Final}
2019-09-23-main-WARN -org.hibernate.engine.jdbc.connections.internal.DriverManagerConnectionProviderImpl:HHH000402: Using Hibernate built-in connection pool (not for production use!)
2019-09-23-main-INFO -org.hibernate.engine.jdbc.connections.internal.DriverManagerConnectionProviderImpl:HHH000401: using driver [com.mysql.jdbc.Driver] at URL [jdbc:mysql://localhost:3306/frs]
2019-09-23-main-INFO -org.hibernate.engine.jdbc.connections.internal.DriverManagerConnectionProviderImpl:HHH000046: Connection properties: {password=****, user=root}
2019-09-23-main-INFO -org.hibernate.engine.jdbc.connections.internal.DriverManagerConnectionProviderImpl:HHH000006: Autocommit mode: false
2019-09-23-main-INFO -org.hibernate.engine.jdbc.connections.internal.DriverManagerConnectionProviderImpl:HHH000115: Hibernate connection pool size: 20 (min=1)
2019-09-23-main-WARN -org.hibernate.ejb.HibernatePersistence:HHH015016: Encountered a deprecated javax.persistence.spi.PersistenceProvider [org.hibernate.ejb.HibernatePersistence]; use [org.hibernate.jpa.HibernatePersistenceProvider] instead.
2019-09-23-main-WARN -org.hibernate.ejb.HibernatePersistence:HHH015016: Encountered a deprecated javax.persistence.spi.PersistenceProvider [org.hibernate.ejb.HibernatePersistence]; use [org.hibernate.jpa.HibernatePersistenceProvider] instead.
2019-09-23-main-WARN -org.hibernate.ejb.HibernatePersistence:HHH015016: Encountered a deprecated javax.persistence.spi.PersistenceProvider [org.hibernate.ejb.HibernatePersistence]; use [org.hibernate.jpa.HibernatePersistenceProvider] instead.
2019-09-23-main-INFO -org.hibernate.jpa.internal.util.LogHelper:HHH000204: Processing PersistenceUnitInfo [
	name: frs
	...]
2019-09-23-main-INFO -org.hibernate.Version:HHH000412: Hibernate Core {4.3.10.Final}
2019-09-23-main-INFO -org.hibernate.cfg.Environment:HHH000206: hibernate.properties not found
2019-09-23-main-INFO -org.hibernate.cfg.Environment:HHH000021: Bytecode provider name : javassist
2019-09-23-main-INFO -org.hibernate.annotations.common.Version:HCANN000001: Hibernate Commons Annotations {4.0.5.Final}
2019-09-23-main-WARN -org.hibernate.engine.jdbc.connections.internal.DriverManagerConnectionProviderImpl:HHH000402: Using Hibernate built-in connection pool (not for production use!)
2019-09-23-main-INFO -org.hibernate.engine.jdbc.connections.internal.DriverManagerConnectionProviderImpl:HHH000401: using driver [com.mysql.jdbc.Driver] at URL [jdbc:mysql://localhost:3306/frs]
2019-09-23-main-INFO -org.hibernate.engine.jdbc.connections.internal.DriverManagerConnectionProviderImpl:HHH000046: Connection properties: {password=****, user=root}
2019-09-23-main-INFO -org.hibernate.engine.jdbc.connections.internal.DriverManagerConnectionProviderImpl:HHH000006: Autocommit mode: false
2019-09-23-main-INFO -org.hibernate.engine.jdbc.connections.internal.DriverManagerConnectionProviderImpl:HHH000115: Hibernate connection pool size: 20 (min=1)
